{"/home/diegocastagne/testsails/test/test.js":{"path":"/home/diegocastagne/testsails/test/test.js","s":{"1":1,"2":1,"3":1,"4":1,"5":1,"6":1,"7":1,"8":1,"9":1,"10":1,"11":1,"12":1,"13":1,"14":1,"15":1,"16":1,"17":1,"18":1,"19":1,"20":1,"21":1,"22":1,"23":1,"24":1,"25":1,"26":1,"27":1,"28":1,"29":1,"30":1,"31":1,"32":1,"33":1,"34":1,"35":1,"36":1,"37":1,"38":1,"39":1,"40":1,"41":1,"42":1,"43":1,"44":1,"45":1,"46":1,"47":1,"48":1,"49":1,"50":1,"51":1,"52":1,"53":1,"54":1,"55":1,"56":1,"57":1,"58":1,"59":1,"60":1,"61":1,"62":1,"63":1,"64":1,"65":1,"66":1,"67":1,"68":1,"69":1,"70":1,"71":1,"72":1,"73":1,"74":1,"75":1,"76":1,"77":1,"78":1,"79":1,"80":1,"81":1,"82":1,"83":1,"84":1,"85":1,"86":1,"87":1,"88":1,"89":1,"90":1,"91":1,"92":1,"93":1,"94":1,"95":1,"96":1,"97":1,"98":1,"99":1,"100":1,"101":1,"102":1,"103":1,"104":1,"105":1,"106":1,"107":1,"108":1,"109":1,"110":1,"111":1,"112":1,"113":1,"114":1,"115":1,"116":1,"117":1,"118":1,"119":1,"120":1,"121":1,"122":1,"123":1,"124":1,"125":1,"126":1,"127":1,"128":1,"129":1,"130":1,"131":1,"132":1,"133":1,"134":1,"135":1,"136":1,"137":1,"138":1,"139":1,"140":1,"141":1,"142":1,"143":1,"144":1,"145":1,"146":1,"147":1,"148":1,"149":1,"150":1,"151":1,"152":1,"153":1,"154":1,"155":1,"156":1,"157":1,"158":1,"159":1,"160":1,"161":1,"162":1,"163":1,"164":1,"165":1,"166":1,"167":1,"168":1,"169":1,"170":1,"171":1,"172":1,"173":1,"174":1,"175":1,"176":1,"177":1,"178":1,"179":1,"180":1,"181":1,"182":1,"183":1,"184":1,"185":1,"186":1,"187":1,"188":1,"189":1,"190":1,"191":1,"192":1,"193":1,"194":1,"195":1,"196":1,"197":1,"198":1,"199":1,"200":1,"201":1,"202":1,"203":1,"204":1,"205":1,"206":1,"207":1,"208":1,"209":1,"210":1,"211":1,"212":1,"213":1,"214":1,"215":1,"216":1,"217":1,"218":1,"219":1,"220":1,"221":1,"222":1,"223":1,"224":1,"225":1,"226":1,"227":1,"228":1,"229":1,"230":1,"231":1,"232":1,"233":1,"234":1,"235":1,"236":1,"237":1,"238":1,"239":1,"240":1,"241":1,"242":1,"243":1,"244":1,"245":1,"246":1,"247":1,"248":1,"249":1,"250":1,"251":1,"252":1,"253":1,"254":1,"255":1,"256":1,"257":1,"258":1,"259":1,"260":1,"261":1,"262":1,"263":1,"264":1,"265":1,"266":1,"267":1,"268":1,"269":1,"270":1,"271":1,"272":1,"273":1,"274":1,"275":1,"276":1,"277":1,"278":1,"279":1,"280":1,"281":1,"282":1,"283":1,"284":1,"285":1,"286":1,"287":1,"288":1,"289":1,"290":1,"291":1,"292":1,"293":1,"294":1,"295":1,"296":1},"b":{},"f":{"1":1,"2":1,"3":1,"4":1,"5":1,"6":1,"7":1,"8":1,"9":1,"10":1,"11":1,"12":1,"13":1,"14":1,"15":1,"16":1,"17":1,"18":1,"19":1,"20":1,"21":1,"22":1,"23":1,"24":1,"25":1,"26":1,"27":1,"28":1,"29":1,"30":1,"31":1,"32":1,"33":1,"34":1,"35":1,"36":1,"37":1,"38":1,"39":1,"40":1,"41":1,"42":1,"43":1,"44":1,"45":1,"46":1,"47":1,"48":1,"49":1,"50":1,"51":1,"52":1,"53":1,"54":1,"55":1,"56":1,"57":1,"58":1,"59":1,"60":1,"61":1,"62":1,"63":1,"64":1,"65":1,"66":1,"67":1,"68":1,"69":1,"70":1,"71":1,"72":1,"73":1,"74":1,"75":1,"76":1,"77":1,"78":1,"79":1,"80":1,"81":1,"82":1,"83":1,"84":1,"85":1,"86":1,"87":1,"88":1,"89":1,"90":1,"91":1,"92":1,"93":1,"94":1,"95":1,"96":1,"97":1,"98":1,"99":1,"100":1,"101":1,"102":1,"103":1,"104":1,"105":1,"106":1,"107":1,"108":1,"109":1,"110":1,"111":1,"112":1,"113":1,"114":1,"115":1,"116":1,"117":1,"118":1,"119":1,"120":1,"121":1,"122":1,"123":1,"124":1,"125":1,"126":1,"127":1,"128":1,"129":1,"130":1,"131":1,"132":1,"133":1,"134":1,"135":1,"136":1,"137":1,"138":1,"139":1,"140":1,"141":1,"142":1,"143":1,"144":1,"145":1,"146":1,"147":1,"148":1,"149":1,"150":1,"151":1,"152":1,"153":1,"154":1,"155":1,"156":1,"157":1,"158":1,"159":1,"160":1,"161":1,"162":1,"163":1,"164":1,"165":1,"166":1,"167":1,"168":1,"169":1,"170":1,"171":1,"172":1,"173":1,"174":1,"175":1,"176":1,"177":1,"178":1,"179":1,"180":1,"181":1,"182":1,"183":1,"184":1,"185":1,"186":1,"187":1,"188":1,"189":1,"190":1,"191":1,"192":1,"193":1,"194":1,"195":1},"fnMap":{"1":{"name":"(anonymous_1)","line":6,"loc":{"start":{"line":6,"column":24},"end":{"line":6,"column":34}}},"2":{"name":"(anonymous_2)","line":8,"loc":{"start":{"line":8,"column":21},"end":{"line":8,"column":35}}},"3":{"name":"(anonymous_3)","line":14,"loc":{"start":{"line":14,"column":9},"end":{"line":14,"column":26}}},"4":{"name":"(anonymous_4)","line":19,"loc":{"start":{"line":19,"column":39},"end":{"line":19,"column":53}}},"5":{"name":"(anonymous_5)","line":25,"loc":{"start":{"line":25,"column":9},"end":{"line":25,"column":26}}},"6":{"name":"(anonymous_6)","line":30,"loc":{"start":{"line":30,"column":35},"end":{"line":30,"column":49}}},"7":{"name":"(anonymous_7)","line":36,"loc":{"start":{"line":36,"column":9},"end":{"line":36,"column":26}}},"8":{"name":"(anonymous_8)","line":41,"loc":{"start":{"line":41,"column":23},"end":{"line":41,"column":37}}},"9":{"name":"(anonymous_9)","line":48,"loc":{"start":{"line":48,"column":9},"end":{"line":48,"column":26}}},"10":{"name":"(anonymous_10)","line":53,"loc":{"start":{"line":53,"column":50},"end":{"line":53,"column":64}}},"11":{"name":"(anonymous_11)","line":59,"loc":{"start":{"line":59,"column":9},"end":{"line":59,"column":26}}},"12":{"name":"(anonymous_12)","line":64,"loc":{"start":{"line":64,"column":84},"end":{"line":64,"column":98}}},"13":{"name":"(anonymous_13)","line":70,"loc":{"start":{"line":70,"column":9},"end":{"line":70,"column":26}}},"14":{"name":"(anonymous_14)","line":75,"loc":{"start":{"line":75,"column":40},"end":{"line":75,"column":54}}},"15":{"name":"(anonymous_15)","line":82,"loc":{"start":{"line":82,"column":9},"end":{"line":82,"column":26}}},"16":{"name":"(anonymous_16)","line":87,"loc":{"start":{"line":87,"column":24},"end":{"line":87,"column":38}}},"17":{"name":"(anonymous_17)","line":94,"loc":{"start":{"line":94,"column":9},"end":{"line":94,"column":26}}},"18":{"name":"(anonymous_18)","line":99,"loc":{"start":{"line":99,"column":22},"end":{"line":99,"column":36}}},"19":{"name":"(anonymous_19)","line":106,"loc":{"start":{"line":106,"column":9},"end":{"line":106,"column":26}}},"20":{"name":"(anonymous_20)","line":111,"loc":{"start":{"line":111,"column":23},"end":{"line":111,"column":37}}},"21":{"name":"(anonymous_21)","line":118,"loc":{"start":{"line":118,"column":9},"end":{"line":118,"column":26}}},"22":{"name":"(anonymous_22)","line":123,"loc":{"start":{"line":123,"column":34},"end":{"line":123,"column":48}}},"23":{"name":"(anonymous_23)","line":130,"loc":{"start":{"line":130,"column":9},"end":{"line":130,"column":26}}},"24":{"name":"(anonymous_24)","line":135,"loc":{"start":{"line":135,"column":35},"end":{"line":135,"column":49}}},"25":{"name":"(anonymous_25)","line":142,"loc":{"start":{"line":142,"column":9},"end":{"line":142,"column":26}}},"26":{"name":"(anonymous_26)","line":147,"loc":{"start":{"line":147,"column":23},"end":{"line":147,"column":37}}},"27":{"name":"(anonymous_27)","line":154,"loc":{"start":{"line":154,"column":9},"end":{"line":154,"column":26}}},"28":{"name":"(anonymous_28)","line":159,"loc":{"start":{"line":159,"column":24},"end":{"line":159,"column":38}}},"29":{"name":"(anonymous_29)","line":166,"loc":{"start":{"line":166,"column":9},"end":{"line":166,"column":26}}},"30":{"name":"(anonymous_30)","line":171,"loc":{"start":{"line":171,"column":21},"end":{"line":171,"column":35}}},"31":{"name":"(anonymous_31)","line":178,"loc":{"start":{"line":178,"column":9},"end":{"line":178,"column":26}}},"32":{"name":"(anonymous_32)","line":183,"loc":{"start":{"line":183,"column":26},"end":{"line":183,"column":40}}},"33":{"name":"(anonymous_33)","line":190,"loc":{"start":{"line":190,"column":9},"end":{"line":190,"column":26}}},"34":{"name":"(anonymous_34)","line":195,"loc":{"start":{"line":195,"column":21},"end":{"line":195,"column":35}}},"35":{"name":"(anonymous_35)","line":202,"loc":{"start":{"line":202,"column":9},"end":{"line":202,"column":26}}},"36":{"name":"(anonymous_36)","line":207,"loc":{"start":{"line":207,"column":42},"end":{"line":207,"column":56}}},"37":{"name":"(anonymous_37)","line":214,"loc":{"start":{"line":214,"column":9},"end":{"line":214,"column":26}}},"38":{"name":"(anonymous_38)","line":219,"loc":{"start":{"line":219,"column":42},"end":{"line":219,"column":56}}},"39":{"name":"(anonymous_39)","line":226,"loc":{"start":{"line":226,"column":9},"end":{"line":226,"column":26}}},"40":{"name":"(anonymous_40)","line":231,"loc":{"start":{"line":231,"column":31},"end":{"line":231,"column":45}}},"41":{"name":"(anonymous_41)","line":238,"loc":{"start":{"line":238,"column":9},"end":{"line":238,"column":26}}},"42":{"name":"(anonymous_42)","line":243,"loc":{"start":{"line":243,"column":22},"end":{"line":243,"column":36}}},"43":{"name":"(anonymous_43)","line":250,"loc":{"start":{"line":250,"column":9},"end":{"line":250,"column":26}}},"44":{"name":"(anonymous_44)","line":255,"loc":{"start":{"line":255,"column":23},"end":{"line":255,"column":37}}},"45":{"name":"(anonymous_45)","line":262,"loc":{"start":{"line":262,"column":9},"end":{"line":262,"column":26}}},"46":{"name":"(anonymous_46)","line":267,"loc":{"start":{"line":267,"column":23},"end":{"line":267,"column":37}}},"47":{"name":"(anonymous_47)","line":274,"loc":{"start":{"line":274,"column":9},"end":{"line":274,"column":26}}},"48":{"name":"(anonymous_48)","line":279,"loc":{"start":{"line":279,"column":22},"end":{"line":279,"column":36}}},"49":{"name":"(anonymous_49)","line":286,"loc":{"start":{"line":286,"column":9},"end":{"line":286,"column":26}}},"50":{"name":"(anonymous_50)","line":291,"loc":{"start":{"line":291,"column":30},"end":{"line":291,"column":44}}},"51":{"name":"(anonymous_51)","line":298,"loc":{"start":{"line":298,"column":9},"end":{"line":298,"column":26}}},"52":{"name":"(anonymous_52)","line":303,"loc":{"start":{"line":303,"column":39},"end":{"line":303,"column":53}}},"53":{"name":"(anonymous_53)","line":310,"loc":{"start":{"line":310,"column":9},"end":{"line":310,"column":26}}},"54":{"name":"(anonymous_54)","line":315,"loc":{"start":{"line":315,"column":20},"end":{"line":315,"column":34}}},"55":{"name":"(anonymous_55)","line":322,"loc":{"start":{"line":322,"column":9},"end":{"line":322,"column":26}}},"56":{"name":"(anonymous_56)","line":327,"loc":{"start":{"line":327,"column":26},"end":{"line":327,"column":40}}},"57":{"name":"(anonymous_57)","line":334,"loc":{"start":{"line":334,"column":9},"end":{"line":334,"column":26}}},"58":{"name":"(anonymous_58)","line":339,"loc":{"start":{"line":339,"column":45},"end":{"line":339,"column":59}}},"59":{"name":"(anonymous_59)","line":346,"loc":{"start":{"line":346,"column":9},"end":{"line":346,"column":26}}},"60":{"name":"(anonymous_60)","line":351,"loc":{"start":{"line":351,"column":29},"end":{"line":351,"column":43}}},"61":{"name":"(anonymous_61)","line":358,"loc":{"start":{"line":358,"column":9},"end":{"line":358,"column":26}}},"62":{"name":"(anonymous_62)","line":363,"loc":{"start":{"line":363,"column":27},"end":{"line":363,"column":41}}},"63":{"name":"(anonymous_63)","line":370,"loc":{"start":{"line":370,"column":9},"end":{"line":370,"column":26}}},"64":{"name":"(anonymous_64)","line":375,"loc":{"start":{"line":375,"column":28},"end":{"line":375,"column":42}}},"65":{"name":"(anonymous_65)","line":382,"loc":{"start":{"line":382,"column":9},"end":{"line":382,"column":26}}},"66":{"name":"(anonymous_66)","line":387,"loc":{"start":{"line":387,"column":39},"end":{"line":387,"column":53}}},"67":{"name":"(anonymous_67)","line":394,"loc":{"start":{"line":394,"column":9},"end":{"line":394,"column":26}}},"68":{"name":"(anonymous_68)","line":399,"loc":{"start":{"line":399,"column":39},"end":{"line":399,"column":53}}},"69":{"name":"(anonymous_69)","line":406,"loc":{"start":{"line":406,"column":9},"end":{"line":406,"column":26}}},"70":{"name":"(anonymous_70)","line":411,"loc":{"start":{"line":411,"column":26},"end":{"line":411,"column":40}}},"71":{"name":"(anonymous_71)","line":418,"loc":{"start":{"line":418,"column":9},"end":{"line":418,"column":26}}},"72":{"name":"(anonymous_72)","line":423,"loc":{"start":{"line":423,"column":28},"end":{"line":423,"column":42}}},"73":{"name":"(anonymous_73)","line":430,"loc":{"start":{"line":430,"column":9},"end":{"line":430,"column":26}}},"74":{"name":"(anonymous_74)","line":435,"loc":{"start":{"line":435,"column":29},"end":{"line":435,"column":43}}},"75":{"name":"(anonymous_75)","line":442,"loc":{"start":{"line":442,"column":9},"end":{"line":442,"column":26}}},"76":{"name":"(anonymous_76)","line":447,"loc":{"start":{"line":447,"column":26},"end":{"line":447,"column":40}}},"77":{"name":"(anonymous_77)","line":454,"loc":{"start":{"line":454,"column":9},"end":{"line":454,"column":26}}},"78":{"name":"(anonymous_78)","line":459,"loc":{"start":{"line":459,"column":31},"end":{"line":459,"column":45}}},"79":{"name":"(anonymous_79)","line":466,"loc":{"start":{"line":466,"column":9},"end":{"line":466,"column":26}}},"80":{"name":"(anonymous_80)","line":471,"loc":{"start":{"line":471,"column":26},"end":{"line":471,"column":40}}},"81":{"name":"(anonymous_81)","line":478,"loc":{"start":{"line":478,"column":9},"end":{"line":478,"column":26}}},"82":{"name":"(anonymous_82)","line":483,"loc":{"start":{"line":483,"column":47},"end":{"line":483,"column":61}}},"83":{"name":"(anonymous_83)","line":490,"loc":{"start":{"line":490,"column":9},"end":{"line":490,"column":26}}},"84":{"name":"(anonymous_84)","line":495,"loc":{"start":{"line":495,"column":47},"end":{"line":495,"column":61}}},"85":{"name":"(anonymous_85)","line":502,"loc":{"start":{"line":502,"column":9},"end":{"line":502,"column":26}}},"86":{"name":"(anonymous_86)","line":507,"loc":{"start":{"line":507,"column":36},"end":{"line":507,"column":50}}},"87":{"name":"(anonymous_87)","line":514,"loc":{"start":{"line":514,"column":9},"end":{"line":514,"column":26}}},"88":{"name":"(anonymous_88)","line":519,"loc":{"start":{"line":519,"column":27},"end":{"line":519,"column":41}}},"89":{"name":"(anonymous_89)","line":526,"loc":{"start":{"line":526,"column":9},"end":{"line":526,"column":26}}},"90":{"name":"(anonymous_90)","line":531,"loc":{"start":{"line":531,"column":28},"end":{"line":531,"column":42}}},"91":{"name":"(anonymous_91)","line":538,"loc":{"start":{"line":538,"column":9},"end":{"line":538,"column":26}}},"92":{"name":"(anonymous_92)","line":543,"loc":{"start":{"line":543,"column":28},"end":{"line":543,"column":42}}},"93":{"name":"(anonymous_93)","line":550,"loc":{"start":{"line":550,"column":9},"end":{"line":550,"column":26}}},"94":{"name":"(anonymous_94)","line":555,"loc":{"start":{"line":555,"column":27},"end":{"line":555,"column":41}}},"95":{"name":"(anonymous_95)","line":562,"loc":{"start":{"line":562,"column":9},"end":{"line":562,"column":26}}},"96":{"name":"(anonymous_96)","line":567,"loc":{"start":{"line":567,"column":35},"end":{"line":567,"column":49}}},"97":{"name":"(anonymous_97)","line":574,"loc":{"start":{"line":574,"column":9},"end":{"line":574,"column":26}}},"98":{"name":"(anonymous_98)","line":579,"loc":{"start":{"line":579,"column":44},"end":{"line":579,"column":58}}},"99":{"name":"(anonymous_99)","line":586,"loc":{"start":{"line":586,"column":9},"end":{"line":586,"column":26}}},"100":{"name":"(anonymous_100)","line":591,"loc":{"start":{"line":591,"column":25},"end":{"line":591,"column":39}}},"101":{"name":"(anonymous_101)","line":598,"loc":{"start":{"line":598,"column":9},"end":{"line":598,"column":26}}},"102":{"name":"(anonymous_102)","line":603,"loc":{"start":{"line":603,"column":24},"end":{"line":603,"column":38}}},"103":{"name":"(anonymous_103)","line":610,"loc":{"start":{"line":610,"column":9},"end":{"line":610,"column":26}}},"104":{"name":"(anonymous_104)","line":615,"loc":{"start":{"line":615,"column":43},"end":{"line":615,"column":57}}},"105":{"name":"(anonymous_105)","line":622,"loc":{"start":{"line":622,"column":9},"end":{"line":622,"column":26}}},"106":{"name":"(anonymous_106)","line":627,"loc":{"start":{"line":627,"column":27},"end":{"line":627,"column":41}}},"107":{"name":"(anonymous_107)","line":634,"loc":{"start":{"line":634,"column":9},"end":{"line":634,"column":26}}},"108":{"name":"(anonymous_108)","line":639,"loc":{"start":{"line":639,"column":25},"end":{"line":639,"column":39}}},"109":{"name":"(anonymous_109)","line":646,"loc":{"start":{"line":646,"column":9},"end":{"line":646,"column":26}}},"110":{"name":"(anonymous_110)","line":651,"loc":{"start":{"line":651,"column":27},"end":{"line":651,"column":41}}},"111":{"name":"(anonymous_111)","line":658,"loc":{"start":{"line":658,"column":9},"end":{"line":658,"column":26}}},"112":{"name":"(anonymous_112)","line":663,"loc":{"start":{"line":663,"column":37},"end":{"line":663,"column":51}}},"113":{"name":"(anonymous_113)","line":670,"loc":{"start":{"line":670,"column":9},"end":{"line":670,"column":26}}},"114":{"name":"(anonymous_114)","line":675,"loc":{"start":{"line":675,"column":38},"end":{"line":675,"column":52}}},"115":{"name":"(anonymous_115)","line":682,"loc":{"start":{"line":682,"column":9},"end":{"line":682,"column":26}}},"116":{"name":"(anonymous_116)","line":687,"loc":{"start":{"line":687,"column":26},"end":{"line":687,"column":40}}},"117":{"name":"(anonymous_117)","line":694,"loc":{"start":{"line":694,"column":9},"end":{"line":694,"column":26}}},"118":{"name":"(anonymous_118)","line":699,"loc":{"start":{"line":699,"column":27},"end":{"line":699,"column":41}}},"119":{"name":"(anonymous_119)","line":706,"loc":{"start":{"line":706,"column":9},"end":{"line":706,"column":26}}},"120":{"name":"(anonymous_120)","line":711,"loc":{"start":{"line":711,"column":24},"end":{"line":711,"column":38}}},"121":{"name":"(anonymous_121)","line":718,"loc":{"start":{"line":718,"column":9},"end":{"line":718,"column":26}}},"122":{"name":"(anonymous_122)","line":723,"loc":{"start":{"line":723,"column":29},"end":{"line":723,"column":43}}},"123":{"name":"(anonymous_123)","line":730,"loc":{"start":{"line":730,"column":9},"end":{"line":730,"column":26}}},"124":{"name":"(anonymous_124)","line":735,"loc":{"start":{"line":735,"column":24},"end":{"line":735,"column":38}}},"125":{"name":"(anonymous_125)","line":742,"loc":{"start":{"line":742,"column":9},"end":{"line":742,"column":26}}},"126":{"name":"(anonymous_126)","line":747,"loc":{"start":{"line":747,"column":45},"end":{"line":747,"column":59}}},"127":{"name":"(anonymous_127)","line":754,"loc":{"start":{"line":754,"column":9},"end":{"line":754,"column":26}}},"128":{"name":"(anonymous_128)","line":759,"loc":{"start":{"line":759,"column":45},"end":{"line":759,"column":59}}},"129":{"name":"(anonymous_129)","line":766,"loc":{"start":{"line":766,"column":9},"end":{"line":766,"column":26}}},"130":{"name":"(anonymous_130)","line":771,"loc":{"start":{"line":771,"column":34},"end":{"line":771,"column":48}}},"131":{"name":"(anonymous_131)","line":778,"loc":{"start":{"line":778,"column":9},"end":{"line":778,"column":26}}},"132":{"name":"(anonymous_132)","line":783,"loc":{"start":{"line":783,"column":25},"end":{"line":783,"column":39}}},"133":{"name":"(anonymous_133)","line":790,"loc":{"start":{"line":790,"column":9},"end":{"line":790,"column":26}}},"134":{"name":"(anonymous_134)","line":795,"loc":{"start":{"line":795,"column":26},"end":{"line":795,"column":40}}},"135":{"name":"(anonymous_135)","line":802,"loc":{"start":{"line":802,"column":9},"end":{"line":802,"column":26}}},"136":{"name":"(anonymous_136)","line":807,"loc":{"start":{"line":807,"column":26},"end":{"line":807,"column":40}}},"137":{"name":"(anonymous_137)","line":814,"loc":{"start":{"line":814,"column":9},"end":{"line":814,"column":26}}},"138":{"name":"(anonymous_138)","line":819,"loc":{"start":{"line":819,"column":25},"end":{"line":819,"column":39}}},"139":{"name":"(anonymous_139)","line":826,"loc":{"start":{"line":826,"column":9},"end":{"line":826,"column":26}}},"140":{"name":"(anonymous_140)","line":831,"loc":{"start":{"line":831,"column":33},"end":{"line":831,"column":47}}},"141":{"name":"(anonymous_141)","line":838,"loc":{"start":{"line":838,"column":9},"end":{"line":838,"column":26}}},"142":{"name":"(anonymous_142)","line":843,"loc":{"start":{"line":843,"column":42},"end":{"line":843,"column":56}}},"143":{"name":"(anonymous_143)","line":850,"loc":{"start":{"line":850,"column":9},"end":{"line":850,"column":26}}},"144":{"name":"(anonymous_144)","line":855,"loc":{"start":{"line":855,"column":23},"end":{"line":855,"column":37}}},"145":{"name":"(anonymous_145)","line":862,"loc":{"start":{"line":862,"column":9},"end":{"line":862,"column":26}}},"146":{"name":"(anonymous_146)","line":867,"loc":{"start":{"line":867,"column":28},"end":{"line":867,"column":42}}},"147":{"name":"(anonymous_147)","line":873,"loc":{"start":{"line":873,"column":9},"end":{"line":873,"column":26}}},"148":{"name":"(anonymous_148)","line":878,"loc":{"start":{"line":878,"column":33},"end":{"line":878,"column":47}}},"149":{"name":"(anonymous_149)","line":884,"loc":{"start":{"line":884,"column":9},"end":{"line":884,"column":26}}},"150":{"name":"(anonymous_150)","line":889,"loc":{"start":{"line":889,"column":36},"end":{"line":889,"column":50}}},"151":{"name":"(anonymous_151)","line":895,"loc":{"start":{"line":895,"column":9},"end":{"line":895,"column":26}}},"152":{"name":"(anonymous_152)","line":900,"loc":{"start":{"line":900,"column":47},"end":{"line":900,"column":61}}},"153":{"name":"(anonymous_153)","line":906,"loc":{"start":{"line":906,"column":9},"end":{"line":906,"column":26}}},"154":{"name":"(anonymous_154)","line":911,"loc":{"start":{"line":911,"column":28},"end":{"line":911,"column":42}}},"155":{"name":"(anonymous_155)","line":917,"loc":{"start":{"line":917,"column":9},"end":{"line":917,"column":26}}},"156":{"name":"(anonymous_156)","line":922,"loc":{"start":{"line":922,"column":28},"end":{"line":922,"column":42}}},"157":{"name":"(anonymous_157)","line":928,"loc":{"start":{"line":928,"column":9},"end":{"line":928,"column":26}}},"158":{"name":"(anonymous_158)","line":933,"loc":{"start":{"line":933,"column":28},"end":{"line":933,"column":42}}},"159":{"name":"(anonymous_159)","line":939,"loc":{"start":{"line":939,"column":9},"end":{"line":939,"column":26}}},"160":{"name":"(anonymous_160)","line":944,"loc":{"start":{"line":944,"column":40},"end":{"line":944,"column":54}}},"161":{"name":"(anonymous_161)","line":950,"loc":{"start":{"line":950,"column":9},"end":{"line":950,"column":26}}},"162":{"name":"(anonymous_162)","line":955,"loc":{"start":{"line":955,"column":39},"end":{"line":955,"column":53}}},"163":{"name":"(anonymous_163)","line":961,"loc":{"start":{"line":961,"column":9},"end":{"line":961,"column":26}}},"164":{"name":"(anonymous_164)","line":966,"loc":{"start":{"line":966,"column":25},"end":{"line":966,"column":39}}},"165":{"name":"(anonymous_165)","line":972,"loc":{"start":{"line":972,"column":9},"end":{"line":972,"column":26}}},"166":{"name":"(anonymous_166)","line":977,"loc":{"start":{"line":977,"column":28},"end":{"line":977,"column":42}}},"167":{"name":"(anonymous_167)","line":983,"loc":{"start":{"line":983,"column":9},"end":{"line":983,"column":26}}},"168":{"name":"(anonymous_168)","line":988,"loc":{"start":{"line":988,"column":30},"end":{"line":988,"column":44}}},"169":{"name":"(anonymous_169)","line":994,"loc":{"start":{"line":994,"column":9},"end":{"line":994,"column":26}}},"170":{"name":"(anonymous_170)","line":999,"loc":{"start":{"line":999,"column":27},"end":{"line":999,"column":41}}},"171":{"name":"(anonymous_171)","line":1005,"loc":{"start":{"line":1005,"column":9},"end":{"line":1005,"column":26}}},"172":{"name":"(anonymous_172)","line":1010,"loc":{"start":{"line":1010,"column":30},"end":{"line":1010,"column":44}}},"173":{"name":"(anonymous_173)","line":1016,"loc":{"start":{"line":1016,"column":9},"end":{"line":1016,"column":26}}},"174":{"name":"(anonymous_174)","line":1021,"loc":{"start":{"line":1021,"column":27},"end":{"line":1021,"column":41}}},"175":{"name":"(anonymous_175)","line":1027,"loc":{"start":{"line":1027,"column":9},"end":{"line":1027,"column":26}}},"176":{"name":"(anonymous_176)","line":1032,"loc":{"start":{"line":1032,"column":44},"end":{"line":1032,"column":58}}},"177":{"name":"(anonymous_177)","line":1038,"loc":{"start":{"line":1038,"column":9},"end":{"line":1038,"column":26}}},"178":{"name":"(anonymous_178)","line":1043,"loc":{"start":{"line":1043,"column":44},"end":{"line":1043,"column":58}}},"179":{"name":"(anonymous_179)","line":1049,"loc":{"start":{"line":1049,"column":9},"end":{"line":1049,"column":26}}},"180":{"name":"(anonymous_180)","line":1054,"loc":{"start":{"line":1054,"column":36},"end":{"line":1054,"column":50}}},"181":{"name":"(anonymous_181)","line":1060,"loc":{"start":{"line":1060,"column":9},"end":{"line":1060,"column":26}}},"182":{"name":"(anonymous_182)","line":1065,"loc":{"start":{"line":1065,"column":27},"end":{"line":1065,"column":41}}},"183":{"name":"(anonymous_183)","line":1071,"loc":{"start":{"line":1071,"column":9},"end":{"line":1071,"column":26}}},"184":{"name":"(anonymous_184)","line":1076,"loc":{"start":{"line":1076,"column":27},"end":{"line":1076,"column":41}}},"185":{"name":"(anonymous_185)","line":1082,"loc":{"start":{"line":1082,"column":9},"end":{"line":1082,"column":26}}},"186":{"name":"(anonymous_186)","line":1087,"loc":{"start":{"line":1087,"column":27},"end":{"line":1087,"column":41}}},"187":{"name":"(anonymous_187)","line":1093,"loc":{"start":{"line":1093,"column":9},"end":{"line":1093,"column":26}}},"188":{"name":"(anonymous_188)","line":1098,"loc":{"start":{"line":1098,"column":27},"end":{"line":1098,"column":41}}},"189":{"name":"(anonymous_189)","line":1104,"loc":{"start":{"line":1104,"column":9},"end":{"line":1104,"column":26}}},"190":{"name":"(anonymous_190)","line":1109,"loc":{"start":{"line":1109,"column":35},"end":{"line":1109,"column":49}}},"191":{"name":"(anonymous_191)","line":1115,"loc":{"start":{"line":1115,"column":9},"end":{"line":1115,"column":26}}},"192":{"name":"(anonymous_192)","line":1120,"loc":{"start":{"line":1120,"column":41},"end":{"line":1120,"column":55}}},"193":{"name":"(anonymous_193)","line":1126,"loc":{"start":{"line":1126,"column":9},"end":{"line":1126,"column":26}}},"194":{"name":"(anonymous_194)","line":1131,"loc":{"start":{"line":1131,"column":25},"end":{"line":1131,"column":39}}},"195":{"name":"(anonymous_195)","line":1137,"loc":{"start":{"line":1137,"column":9},"end":{"line":1137,"column":26}}}},"statementMap":{"1":{"start":{"line":1,"column":0},"end":{"line":1,"column":37}},"2":{"start":{"line":2,"column":0},"end":{"line":2,"column":70}},"3":{"start":{"line":3,"column":0},"end":{"line":3,"column":31}},"4":{"start":{"line":4,"column":0},"end":{"line":4,"column":35}},"5":{"start":{"line":6,"column":0},"end":{"line":1141,"column":3}},"6":{"start":{"line":8,"column":2},"end":{"line":17,"column":5}},"7":{"start":{"line":10,"column":4},"end":{"line":16,"column":7}},"8":{"start":{"line":15,"column":6},"end":{"line":15,"column":13}},"9":{"start":{"line":19,"column":2},"end":{"line":28,"column":5}},"10":{"start":{"line":21,"column":4},"end":{"line":27,"column":7}},"11":{"start":{"line":26,"column":6},"end":{"line":26,"column":13}},"12":{"start":{"line":30,"column":2},"end":{"line":39,"column":5}},"13":{"start":{"line":32,"column":4},"end":{"line":38,"column":7}},"14":{"start":{"line":37,"column":6},"end":{"line":37,"column":13}},"15":{"start":{"line":41,"column":2},"end":{"line":51,"column":5}},"16":{"start":{"line":43,"column":4},"end":{"line":50,"column":7}},"17":{"start":{"line":49,"column":6},"end":{"line":49,"column":13}},"18":{"start":{"line":53,"column":2},"end":{"line":62,"column":5}},"19":{"start":{"line":55,"column":4},"end":{"line":61,"column":7}},"20":{"start":{"line":60,"column":6},"end":{"line":60,"column":13}},"21":{"start":{"line":64,"column":2},"end":{"line":73,"column":5}},"22":{"start":{"line":66,"column":4},"end":{"line":72,"column":7}},"23":{"start":{"line":71,"column":6},"end":{"line":71,"column":13}},"24":{"start":{"line":75,"column":2},"end":{"line":85,"column":5}},"25":{"start":{"line":77,"column":4},"end":{"line":84,"column":7}},"26":{"start":{"line":83,"column":6},"end":{"line":83,"column":13}},"27":{"start":{"line":87,"column":2},"end":{"line":97,"column":5}},"28":{"start":{"line":89,"column":4},"end":{"line":96,"column":7}},"29":{"start":{"line":95,"column":6},"end":{"line":95,"column":13}},"30":{"start":{"line":99,"column":2},"end":{"line":109,"column":5}},"31":{"start":{"line":101,"column":4},"end":{"line":108,"column":7}},"32":{"start":{"line":107,"column":6},"end":{"line":107,"column":13}},"33":{"start":{"line":111,"column":2},"end":{"line":121,"column":5}},"34":{"start":{"line":113,"column":4},"end":{"line":120,"column":7}},"35":{"start":{"line":119,"column":6},"end":{"line":119,"column":13}},"36":{"start":{"line":123,"column":2},"end":{"line":133,"column":5}},"37":{"start":{"line":125,"column":4},"end":{"line":132,"column":7}},"38":{"start":{"line":131,"column":6},"end":{"line":131,"column":13}},"39":{"start":{"line":135,"column":2},"end":{"line":145,"column":5}},"40":{"start":{"line":137,"column":4},"end":{"line":144,"column":7}},"41":{"start":{"line":143,"column":6},"end":{"line":143,"column":13}},"42":{"start":{"line":147,"column":2},"end":{"line":157,"column":5}},"43":{"start":{"line":149,"column":4},"end":{"line":156,"column":7}},"44":{"start":{"line":155,"column":6},"end":{"line":155,"column":13}},"45":{"start":{"line":159,"column":2},"end":{"line":169,"column":5}},"46":{"start":{"line":161,"column":4},"end":{"line":168,"column":7}},"47":{"start":{"line":167,"column":6},"end":{"line":167,"column":13}},"48":{"start":{"line":171,"column":2},"end":{"line":181,"column":5}},"49":{"start":{"line":173,"column":4},"end":{"line":180,"column":7}},"50":{"start":{"line":179,"column":6},"end":{"line":179,"column":13}},"51":{"start":{"line":183,"column":2},"end":{"line":193,"column":5}},"52":{"start":{"line":185,"column":4},"end":{"line":192,"column":7}},"53":{"start":{"line":191,"column":6},"end":{"line":191,"column":13}},"54":{"start":{"line":195,"column":2},"end":{"line":205,"column":5}},"55":{"start":{"line":197,"column":4},"end":{"line":204,"column":7}},"56":{"start":{"line":203,"column":6},"end":{"line":203,"column":13}},"57":{"start":{"line":207,"column":2},"end":{"line":217,"column":5}},"58":{"start":{"line":209,"column":4},"end":{"line":216,"column":7}},"59":{"start":{"line":215,"column":6},"end":{"line":215,"column":13}},"60":{"start":{"line":219,"column":2},"end":{"line":229,"column":5}},"61":{"start":{"line":221,"column":4},"end":{"line":228,"column":7}},"62":{"start":{"line":227,"column":6},"end":{"line":227,"column":13}},"63":{"start":{"line":231,"column":2},"end":{"line":241,"column":5}},"64":{"start":{"line":233,"column":4},"end":{"line":240,"column":7}},"65":{"start":{"line":239,"column":6},"end":{"line":239,"column":13}},"66":{"start":{"line":243,"column":2},"end":{"line":253,"column":5}},"67":{"start":{"line":245,"column":4},"end":{"line":252,"column":7}},"68":{"start":{"line":251,"column":6},"end":{"line":251,"column":13}},"69":{"start":{"line":255,"column":2},"end":{"line":265,"column":5}},"70":{"start":{"line":257,"column":4},"end":{"line":264,"column":7}},"71":{"start":{"line":263,"column":6},"end":{"line":263,"column":13}},"72":{"start":{"line":267,"column":2},"end":{"line":277,"column":5}},"73":{"start":{"line":269,"column":4},"end":{"line":276,"column":7}},"74":{"start":{"line":275,"column":6},"end":{"line":275,"column":13}},"75":{"start":{"line":279,"column":2},"end":{"line":289,"column":5}},"76":{"start":{"line":281,"column":4},"end":{"line":288,"column":7}},"77":{"start":{"line":287,"column":6},"end":{"line":287,"column":13}},"78":{"start":{"line":291,"column":2},"end":{"line":301,"column":5}},"79":{"start":{"line":293,"column":4},"end":{"line":300,"column":7}},"80":{"start":{"line":299,"column":6},"end":{"line":299,"column":13}},"81":{"start":{"line":303,"column":2},"end":{"line":313,"column":5}},"82":{"start":{"line":305,"column":4},"end":{"line":312,"column":7}},"83":{"start":{"line":311,"column":6},"end":{"line":311,"column":13}},"84":{"start":{"line":315,"column":2},"end":{"line":325,"column":5}},"85":{"start":{"line":317,"column":4},"end":{"line":324,"column":7}},"86":{"start":{"line":323,"column":6},"end":{"line":323,"column":13}},"87":{"start":{"line":327,"column":0},"end":{"line":337,"column":5}},"88":{"start":{"line":329,"column":4},"end":{"line":336,"column":7}},"89":{"start":{"line":335,"column":6},"end":{"line":335,"column":13}},"90":{"start":{"line":339,"column":2},"end":{"line":349,"column":5}},"91":{"start":{"line":341,"column":4},"end":{"line":348,"column":7}},"92":{"start":{"line":347,"column":6},"end":{"line":347,"column":13}},"93":{"start":{"line":351,"column":2},"end":{"line":361,"column":5}},"94":{"start":{"line":353,"column":4},"end":{"line":360,"column":7}},"95":{"start":{"line":359,"column":6},"end":{"line":359,"column":13}},"96":{"start":{"line":363,"column":2},"end":{"line":373,"column":5}},"97":{"start":{"line":365,"column":4},"end":{"line":372,"column":7}},"98":{"start":{"line":371,"column":6},"end":{"line":371,"column":13}},"99":{"start":{"line":375,"column":2},"end":{"line":385,"column":5}},"100":{"start":{"line":377,"column":4},"end":{"line":384,"column":7}},"101":{"start":{"line":383,"column":6},"end":{"line":383,"column":13}},"102":{"start":{"line":387,"column":2},"end":{"line":397,"column":5}},"103":{"start":{"line":389,"column":4},"end":{"line":396,"column":7}},"104":{"start":{"line":395,"column":6},"end":{"line":395,"column":13}},"105":{"start":{"line":399,"column":2},"end":{"line":409,"column":5}},"106":{"start":{"line":401,"column":4},"end":{"line":408,"column":7}},"107":{"start":{"line":407,"column":6},"end":{"line":407,"column":13}},"108":{"start":{"line":411,"column":2},"end":{"line":421,"column":5}},"109":{"start":{"line":413,"column":4},"end":{"line":420,"column":7}},"110":{"start":{"line":419,"column":6},"end":{"line":419,"column":13}},"111":{"start":{"line":423,"column":2},"end":{"line":433,"column":5}},"112":{"start":{"line":425,"column":4},"end":{"line":432,"column":7}},"113":{"start":{"line":431,"column":6},"end":{"line":431,"column":13}},"114":{"start":{"line":435,"column":2},"end":{"line":445,"column":5}},"115":{"start":{"line":437,"column":4},"end":{"line":444,"column":7}},"116":{"start":{"line":443,"column":6},"end":{"line":443,"column":13}},"117":{"start":{"line":447,"column":2},"end":{"line":457,"column":5}},"118":{"start":{"line":449,"column":4},"end":{"line":456,"column":7}},"119":{"start":{"line":455,"column":6},"end":{"line":455,"column":13}},"120":{"start":{"line":459,"column":2},"end":{"line":469,"column":5}},"121":{"start":{"line":461,"column":4},"end":{"line":468,"column":7}},"122":{"start":{"line":467,"column":6},"end":{"line":467,"column":13}},"123":{"start":{"line":471,"column":2},"end":{"line":481,"column":5}},"124":{"start":{"line":473,"column":4},"end":{"line":480,"column":7}},"125":{"start":{"line":479,"column":6},"end":{"line":479,"column":13}},"126":{"start":{"line":483,"column":2},"end":{"line":493,"column":5}},"127":{"start":{"line":485,"column":4},"end":{"line":492,"column":7}},"128":{"start":{"line":491,"column":6},"end":{"line":491,"column":13}},"129":{"start":{"line":495,"column":2},"end":{"line":505,"column":5}},"130":{"start":{"line":497,"column":4},"end":{"line":504,"column":7}},"131":{"start":{"line":503,"column":6},"end":{"line":503,"column":13}},"132":{"start":{"line":507,"column":2},"end":{"line":517,"column":5}},"133":{"start":{"line":509,"column":4},"end":{"line":516,"column":7}},"134":{"start":{"line":515,"column":6},"end":{"line":515,"column":13}},"135":{"start":{"line":519,"column":2},"end":{"line":529,"column":5}},"136":{"start":{"line":521,"column":4},"end":{"line":528,"column":7}},"137":{"start":{"line":527,"column":6},"end":{"line":527,"column":13}},"138":{"start":{"line":531,"column":2},"end":{"line":541,"column":5}},"139":{"start":{"line":533,"column":4},"end":{"line":540,"column":7}},"140":{"start":{"line":539,"column":6},"end":{"line":539,"column":13}},"141":{"start":{"line":543,"column":2},"end":{"line":553,"column":5}},"142":{"start":{"line":545,"column":4},"end":{"line":552,"column":7}},"143":{"start":{"line":551,"column":6},"end":{"line":551,"column":13}},"144":{"start":{"line":555,"column":2},"end":{"line":565,"column":5}},"145":{"start":{"line":557,"column":4},"end":{"line":564,"column":7}},"146":{"start":{"line":563,"column":6},"end":{"line":563,"column":13}},"147":{"start":{"line":567,"column":2},"end":{"line":577,"column":5}},"148":{"start":{"line":569,"column":4},"end":{"line":576,"column":7}},"149":{"start":{"line":575,"column":6},"end":{"line":575,"column":13}},"150":{"start":{"line":579,"column":2},"end":{"line":589,"column":5}},"151":{"start":{"line":581,"column":4},"end":{"line":588,"column":7}},"152":{"start":{"line":587,"column":6},"end":{"line":587,"column":13}},"153":{"start":{"line":591,"column":2},"end":{"line":601,"column":5}},"154":{"start":{"line":593,"column":4},"end":{"line":600,"column":7}},"155":{"start":{"line":599,"column":6},"end":{"line":599,"column":13}},"156":{"start":{"line":603,"column":0},"end":{"line":613,"column":5}},"157":{"start":{"line":605,"column":4},"end":{"line":612,"column":7}},"158":{"start":{"line":611,"column":6},"end":{"line":611,"column":13}},"159":{"start":{"line":615,"column":2},"end":{"line":625,"column":5}},"160":{"start":{"line":617,"column":4},"end":{"line":624,"column":7}},"161":{"start":{"line":623,"column":6},"end":{"line":623,"column":13}},"162":{"start":{"line":627,"column":2},"end":{"line":637,"column":5}},"163":{"start":{"line":629,"column":4},"end":{"line":636,"column":7}},"164":{"start":{"line":635,"column":6},"end":{"line":635,"column":13}},"165":{"start":{"line":639,"column":2},"end":{"line":649,"column":5}},"166":{"start":{"line":641,"column":4},"end":{"line":648,"column":7}},"167":{"start":{"line":647,"column":6},"end":{"line":647,"column":13}},"168":{"start":{"line":651,"column":2},"end":{"line":661,"column":5}},"169":{"start":{"line":653,"column":4},"end":{"line":660,"column":7}},"170":{"start":{"line":659,"column":6},"end":{"line":659,"column":13}},"171":{"start":{"line":663,"column":2},"end":{"line":673,"column":5}},"172":{"start":{"line":665,"column":4},"end":{"line":672,"column":7}},"173":{"start":{"line":671,"column":6},"end":{"line":671,"column":13}},"174":{"start":{"line":675,"column":2},"end":{"line":685,"column":5}},"175":{"start":{"line":677,"column":4},"end":{"line":684,"column":7}},"176":{"start":{"line":683,"column":6},"end":{"line":683,"column":13}},"177":{"start":{"line":687,"column":2},"end":{"line":697,"column":5}},"178":{"start":{"line":689,"column":4},"end":{"line":696,"column":7}},"179":{"start":{"line":695,"column":6},"end":{"line":695,"column":13}},"180":{"start":{"line":699,"column":2},"end":{"line":709,"column":5}},"181":{"start":{"line":701,"column":4},"end":{"line":708,"column":7}},"182":{"start":{"line":707,"column":6},"end":{"line":707,"column":13}},"183":{"start":{"line":711,"column":2},"end":{"line":721,"column":5}},"184":{"start":{"line":713,"column":4},"end":{"line":720,"column":7}},"185":{"start":{"line":719,"column":6},"end":{"line":719,"column":13}},"186":{"start":{"line":723,"column":2},"end":{"line":733,"column":5}},"187":{"start":{"line":725,"column":4},"end":{"line":732,"column":7}},"188":{"start":{"line":731,"column":6},"end":{"line":731,"column":13}},"189":{"start":{"line":735,"column":2},"end":{"line":745,"column":5}},"190":{"start":{"line":737,"column":4},"end":{"line":744,"column":7}},"191":{"start":{"line":743,"column":6},"end":{"line":743,"column":13}},"192":{"start":{"line":747,"column":2},"end":{"line":757,"column":5}},"193":{"start":{"line":749,"column":4},"end":{"line":756,"column":7}},"194":{"start":{"line":755,"column":6},"end":{"line":755,"column":13}},"195":{"start":{"line":759,"column":2},"end":{"line":769,"column":5}},"196":{"start":{"line":761,"column":4},"end":{"line":768,"column":7}},"197":{"start":{"line":767,"column":6},"end":{"line":767,"column":13}},"198":{"start":{"line":771,"column":2},"end":{"line":781,"column":5}},"199":{"start":{"line":773,"column":4},"end":{"line":780,"column":7}},"200":{"start":{"line":779,"column":6},"end":{"line":779,"column":13}},"201":{"start":{"line":783,"column":2},"end":{"line":793,"column":5}},"202":{"start":{"line":785,"column":4},"end":{"line":792,"column":7}},"203":{"start":{"line":791,"column":6},"end":{"line":791,"column":13}},"204":{"start":{"line":795,"column":2},"end":{"line":805,"column":5}},"205":{"start":{"line":797,"column":4},"end":{"line":804,"column":7}},"206":{"start":{"line":803,"column":6},"end":{"line":803,"column":13}},"207":{"start":{"line":807,"column":2},"end":{"line":817,"column":5}},"208":{"start":{"line":809,"column":4},"end":{"line":816,"column":7}},"209":{"start":{"line":815,"column":6},"end":{"line":815,"column":13}},"210":{"start":{"line":819,"column":2},"end":{"line":829,"column":5}},"211":{"start":{"line":821,"column":4},"end":{"line":828,"column":7}},"212":{"start":{"line":827,"column":6},"end":{"line":827,"column":13}},"213":{"start":{"line":831,"column":2},"end":{"line":841,"column":5}},"214":{"start":{"line":833,"column":4},"end":{"line":840,"column":7}},"215":{"start":{"line":839,"column":6},"end":{"line":839,"column":13}},"216":{"start":{"line":843,"column":2},"end":{"line":853,"column":5}},"217":{"start":{"line":845,"column":4},"end":{"line":852,"column":7}},"218":{"start":{"line":851,"column":6},"end":{"line":851,"column":13}},"219":{"start":{"line":855,"column":2},"end":{"line":865,"column":5}},"220":{"start":{"line":857,"column":4},"end":{"line":864,"column":7}},"221":{"start":{"line":863,"column":6},"end":{"line":863,"column":13}},"222":{"start":{"line":867,"column":2},"end":{"line":876,"column":5}},"223":{"start":{"line":869,"column":4},"end":{"line":875,"column":7}},"224":{"start":{"line":874,"column":6},"end":{"line":874,"column":13}},"225":{"start":{"line":878,"column":2},"end":{"line":887,"column":5}},"226":{"start":{"line":880,"column":4},"end":{"line":886,"column":7}},"227":{"start":{"line":885,"column":6},"end":{"line":885,"column":13}},"228":{"start":{"line":889,"column":2},"end":{"line":898,"column":5}},"229":{"start":{"line":891,"column":4},"end":{"line":897,"column":7}},"230":{"start":{"line":896,"column":6},"end":{"line":896,"column":13}},"231":{"start":{"line":900,"column":2},"end":{"line":909,"column":5}},"232":{"start":{"line":902,"column":4},"end":{"line":908,"column":7}},"233":{"start":{"line":907,"column":6},"end":{"line":907,"column":13}},"234":{"start":{"line":911,"column":2},"end":{"line":920,"column":5}},"235":{"start":{"line":913,"column":4},"end":{"line":919,"column":7}},"236":{"start":{"line":918,"column":6},"end":{"line":918,"column":13}},"237":{"start":{"line":922,"column":2},"end":{"line":931,"column":5}},"238":{"start":{"line":924,"column":4},"end":{"line":930,"column":7}},"239":{"start":{"line":929,"column":6},"end":{"line":929,"column":13}},"240":{"start":{"line":933,"column":2},"end":{"line":942,"column":5}},"241":{"start":{"line":935,"column":4},"end":{"line":941,"column":7}},"242":{"start":{"line":940,"column":6},"end":{"line":940,"column":13}},"243":{"start":{"line":944,"column":2},"end":{"line":953,"column":5}},"244":{"start":{"line":946,"column":4},"end":{"line":952,"column":7}},"245":{"start":{"line":951,"column":6},"end":{"line":951,"column":13}},"246":{"start":{"line":955,"column":2},"end":{"line":964,"column":5}},"247":{"start":{"line":957,"column":4},"end":{"line":963,"column":7}},"248":{"start":{"line":962,"column":6},"end":{"line":962,"column":13}},"249":{"start":{"line":966,"column":2},"end":{"line":975,"column":5}},"250":{"start":{"line":968,"column":4},"end":{"line":974,"column":7}},"251":{"start":{"line":973,"column":6},"end":{"line":973,"column":13}},"252":{"start":{"line":977,"column":2},"end":{"line":986,"column":5}},"253":{"start":{"line":979,"column":4},"end":{"line":985,"column":7}},"254":{"start":{"line":984,"column":6},"end":{"line":984,"column":13}},"255":{"start":{"line":988,"column":2},"end":{"line":997,"column":5}},"256":{"start":{"line":990,"column":4},"end":{"line":996,"column":7}},"257":{"start":{"line":995,"column":6},"end":{"line":995,"column":13}},"258":{"start":{"line":999,"column":2},"end":{"line":1008,"column":5}},"259":{"start":{"line":1001,"column":4},"end":{"line":1007,"column":7}},"260":{"start":{"line":1006,"column":6},"end":{"line":1006,"column":13}},"261":{"start":{"line":1010,"column":2},"end":{"line":1019,"column":5}},"262":{"start":{"line":1012,"column":4},"end":{"line":1018,"column":7}},"263":{"start":{"line":1017,"column":6},"end":{"line":1017,"column":13}},"264":{"start":{"line":1021,"column":2},"end":{"line":1030,"column":5}},"265":{"start":{"line":1023,"column":4},"end":{"line":1029,"column":7}},"266":{"start":{"line":1028,"column":6},"end":{"line":1028,"column":13}},"267":{"start":{"line":1032,"column":2},"end":{"line":1041,"column":5}},"268":{"start":{"line":1034,"column":4},"end":{"line":1040,"column":7}},"269":{"start":{"line":1039,"column":6},"end":{"line":1039,"column":13}},"270":{"start":{"line":1043,"column":2},"end":{"line":1052,"column":5}},"271":{"start":{"line":1045,"column":4},"end":{"line":1051,"column":7}},"272":{"start":{"line":1050,"column":6},"end":{"line":1050,"column":13}},"273":{"start":{"line":1054,"column":2},"end":{"line":1063,"column":5}},"274":{"start":{"line":1056,"column":4},"end":{"line":1062,"column":7}},"275":{"start":{"line":1061,"column":6},"end":{"line":1061,"column":13}},"276":{"start":{"line":1065,"column":2},"end":{"line":1074,"column":5}},"277":{"start":{"line":1067,"column":4},"end":{"line":1073,"column":7}},"278":{"start":{"line":1072,"column":6},"end":{"line":1072,"column":13}},"279":{"start":{"line":1076,"column":2},"end":{"line":1085,"column":5}},"280":{"start":{"line":1078,"column":4},"end":{"line":1084,"column":7}},"281":{"start":{"line":1083,"column":6},"end":{"line":1083,"column":13}},"282":{"start":{"line":1087,"column":2},"end":{"line":1096,"column":5}},"283":{"start":{"line":1089,"column":4},"end":{"line":1095,"column":7}},"284":{"start":{"line":1094,"column":6},"end":{"line":1094,"column":13}},"285":{"start":{"line":1098,"column":2},"end":{"line":1107,"column":5}},"286":{"start":{"line":1100,"column":4},"end":{"line":1106,"column":7}},"287":{"start":{"line":1105,"column":6},"end":{"line":1105,"column":13}},"288":{"start":{"line":1109,"column":2},"end":{"line":1118,"column":5}},"289":{"start":{"line":1111,"column":4},"end":{"line":1117,"column":7}},"290":{"start":{"line":1116,"column":6},"end":{"line":1116,"column":13}},"291":{"start":{"line":1120,"column":2},"end":{"line":1129,"column":5}},"292":{"start":{"line":1122,"column":4},"end":{"line":1128,"column":7}},"293":{"start":{"line":1127,"column":6},"end":{"line":1127,"column":13}},"294":{"start":{"line":1131,"column":2},"end":{"line":1140,"column":5}},"295":{"start":{"line":1133,"column":4},"end":{"line":1139,"column":7}},"296":{"start":{"line":1138,"column":6},"end":{"line":1138,"column":13}}},"branchMap":{}}}