TN:
SF:/home/diegocastagne/testsails/test/test.js
FN:6,(anonymous_1)
FN:8,(anonymous_2)
FN:14,(anonymous_3)
FN:19,(anonymous_4)
FN:25,(anonymous_5)
FN:30,(anonymous_6)
FN:36,(anonymous_7)
FN:41,(anonymous_8)
FN:48,(anonymous_9)
FN:53,(anonymous_10)
FN:59,(anonymous_11)
FN:64,(anonymous_12)
FN:70,(anonymous_13)
FN:75,(anonymous_14)
FN:82,(anonymous_15)
FN:87,(anonymous_16)
FN:94,(anonymous_17)
FN:99,(anonymous_18)
FN:106,(anonymous_19)
FN:111,(anonymous_20)
FN:118,(anonymous_21)
FN:123,(anonymous_22)
FN:130,(anonymous_23)
FN:135,(anonymous_24)
FN:142,(anonymous_25)
FN:147,(anonymous_26)
FN:154,(anonymous_27)
FN:159,(anonymous_28)
FN:166,(anonymous_29)
FN:171,(anonymous_30)
FN:178,(anonymous_31)
FN:183,(anonymous_32)
FN:190,(anonymous_33)
FN:195,(anonymous_34)
FN:202,(anonymous_35)
FN:207,(anonymous_36)
FN:214,(anonymous_37)
FN:219,(anonymous_38)
FN:226,(anonymous_39)
FN:231,(anonymous_40)
FN:238,(anonymous_41)
FN:243,(anonymous_42)
FN:250,(anonymous_43)
FN:255,(anonymous_44)
FN:262,(anonymous_45)
FN:267,(anonymous_46)
FN:274,(anonymous_47)
FN:279,(anonymous_48)
FN:286,(anonymous_49)
FN:291,(anonymous_50)
FN:298,(anonymous_51)
FN:303,(anonymous_52)
FN:310,(anonymous_53)
FN:315,(anonymous_54)
FN:322,(anonymous_55)
FN:327,(anonymous_56)
FN:334,(anonymous_57)
FN:339,(anonymous_58)
FN:346,(anonymous_59)
FN:351,(anonymous_60)
FN:358,(anonymous_61)
FN:363,(anonymous_62)
FN:370,(anonymous_63)
FN:375,(anonymous_64)
FN:382,(anonymous_65)
FN:387,(anonymous_66)
FN:394,(anonymous_67)
FN:399,(anonymous_68)
FN:406,(anonymous_69)
FN:411,(anonymous_70)
FN:418,(anonymous_71)
FN:423,(anonymous_72)
FN:430,(anonymous_73)
FN:435,(anonymous_74)
FN:442,(anonymous_75)
FN:447,(anonymous_76)
FN:454,(anonymous_77)
FN:459,(anonymous_78)
FN:466,(anonymous_79)
FN:471,(anonymous_80)
FN:478,(anonymous_81)
FN:483,(anonymous_82)
FN:490,(anonymous_83)
FN:495,(anonymous_84)
FN:502,(anonymous_85)
FN:507,(anonymous_86)
FN:514,(anonymous_87)
FN:519,(anonymous_88)
FN:526,(anonymous_89)
FN:531,(anonymous_90)
FN:538,(anonymous_91)
FN:543,(anonymous_92)
FN:550,(anonymous_93)
FN:555,(anonymous_94)
FN:562,(anonymous_95)
FN:567,(anonymous_96)
FN:574,(anonymous_97)
FN:579,(anonymous_98)
FN:586,(anonymous_99)
FN:591,(anonymous_100)
FN:598,(anonymous_101)
FN:603,(anonymous_102)
FN:610,(anonymous_103)
FN:615,(anonymous_104)
FN:622,(anonymous_105)
FN:627,(anonymous_106)
FN:634,(anonymous_107)
FN:639,(anonymous_108)
FN:646,(anonymous_109)
FN:651,(anonymous_110)
FN:658,(anonymous_111)
FN:663,(anonymous_112)
FN:670,(anonymous_113)
FN:675,(anonymous_114)
FN:682,(anonymous_115)
FN:687,(anonymous_116)
FN:694,(anonymous_117)
FN:699,(anonymous_118)
FN:706,(anonymous_119)
FN:711,(anonymous_120)
FN:718,(anonymous_121)
FN:723,(anonymous_122)
FN:730,(anonymous_123)
FN:735,(anonymous_124)
FN:742,(anonymous_125)
FN:747,(anonymous_126)
FN:754,(anonymous_127)
FN:759,(anonymous_128)
FN:766,(anonymous_129)
FN:771,(anonymous_130)
FN:778,(anonymous_131)
FN:783,(anonymous_132)
FN:790,(anonymous_133)
FN:795,(anonymous_134)
FN:802,(anonymous_135)
FN:807,(anonymous_136)
FN:814,(anonymous_137)
FN:819,(anonymous_138)
FN:826,(anonymous_139)
FN:831,(anonymous_140)
FN:838,(anonymous_141)
FN:843,(anonymous_142)
FN:850,(anonymous_143)
FN:855,(anonymous_144)
FN:862,(anonymous_145)
FN:867,(anonymous_146)
FN:873,(anonymous_147)
FN:878,(anonymous_148)
FN:884,(anonymous_149)
FN:889,(anonymous_150)
FN:895,(anonymous_151)
FN:900,(anonymous_152)
FN:906,(anonymous_153)
FN:911,(anonymous_154)
FN:917,(anonymous_155)
FN:922,(anonymous_156)
FN:928,(anonymous_157)
FN:933,(anonymous_158)
FN:939,(anonymous_159)
FN:944,(anonymous_160)
FN:950,(anonymous_161)
FN:955,(anonymous_162)
FN:961,(anonymous_163)
FN:966,(anonymous_164)
FN:972,(anonymous_165)
FN:977,(anonymous_166)
FN:983,(anonymous_167)
FN:988,(anonymous_168)
FN:994,(anonymous_169)
FN:999,(anonymous_170)
FN:1005,(anonymous_171)
FN:1010,(anonymous_172)
FN:1016,(anonymous_173)
FN:1021,(anonymous_174)
FN:1027,(anonymous_175)
FN:1032,(anonymous_176)
FN:1038,(anonymous_177)
FN:1043,(anonymous_178)
FN:1049,(anonymous_179)
FN:1054,(anonymous_180)
FN:1060,(anonymous_181)
FN:1065,(anonymous_182)
FN:1071,(anonymous_183)
FN:1076,(anonymous_184)
FN:1082,(anonymous_185)
FN:1087,(anonymous_186)
FN:1093,(anonymous_187)
FN:1098,(anonymous_188)
FN:1104,(anonymous_189)
FN:1109,(anonymous_190)
FN:1115,(anonymous_191)
FN:1120,(anonymous_192)
FN:1126,(anonymous_193)
FN:1131,(anonymous_194)
FN:1137,(anonymous_195)
FNF:195
FNH:195
FNDA:1,(anonymous_1)
FNDA:1,(anonymous_2)
FNDA:1,(anonymous_3)
FNDA:1,(anonymous_4)
FNDA:1,(anonymous_5)
FNDA:1,(anonymous_6)
FNDA:1,(anonymous_7)
FNDA:1,(anonymous_8)
FNDA:1,(anonymous_9)
FNDA:1,(anonymous_10)
FNDA:1,(anonymous_11)
FNDA:1,(anonymous_12)
FNDA:1,(anonymous_13)
FNDA:1,(anonymous_14)
FNDA:1,(anonymous_15)
FNDA:1,(anonymous_16)
FNDA:1,(anonymous_17)
FNDA:1,(anonymous_18)
FNDA:1,(anonymous_19)
FNDA:1,(anonymous_20)
FNDA:1,(anonymous_21)
FNDA:1,(anonymous_22)
FNDA:1,(anonymous_23)
FNDA:1,(anonymous_24)
FNDA:1,(anonymous_25)
FNDA:1,(anonymous_26)
FNDA:1,(anonymous_27)
FNDA:1,(anonymous_28)
FNDA:1,(anonymous_29)
FNDA:1,(anonymous_30)
FNDA:1,(anonymous_31)
FNDA:1,(anonymous_32)
FNDA:1,(anonymous_33)
FNDA:1,(anonymous_34)
FNDA:1,(anonymous_35)
FNDA:1,(anonymous_36)
FNDA:1,(anonymous_37)
FNDA:1,(anonymous_38)
FNDA:1,(anonymous_39)
FNDA:1,(anonymous_40)
FNDA:1,(anonymous_41)
FNDA:1,(anonymous_42)
FNDA:1,(anonymous_43)
FNDA:1,(anonymous_44)
FNDA:1,(anonymous_45)
FNDA:1,(anonymous_46)
FNDA:1,(anonymous_47)
FNDA:1,(anonymous_48)
FNDA:1,(anonymous_49)
FNDA:1,(anonymous_50)
FNDA:1,(anonymous_51)
FNDA:1,(anonymous_52)
FNDA:1,(anonymous_53)
FNDA:1,(anonymous_54)
FNDA:1,(anonymous_55)
FNDA:1,(anonymous_56)
FNDA:1,(anonymous_57)
FNDA:1,(anonymous_58)
FNDA:1,(anonymous_59)
FNDA:1,(anonymous_60)
FNDA:1,(anonymous_61)
FNDA:1,(anonymous_62)
FNDA:1,(anonymous_63)
FNDA:1,(anonymous_64)
FNDA:1,(anonymous_65)
FNDA:1,(anonymous_66)
FNDA:1,(anonymous_67)
FNDA:1,(anonymous_68)
FNDA:1,(anonymous_69)
FNDA:1,(anonymous_70)
FNDA:1,(anonymous_71)
FNDA:1,(anonymous_72)
FNDA:1,(anonymous_73)
FNDA:1,(anonymous_74)
FNDA:1,(anonymous_75)
FNDA:1,(anonymous_76)
FNDA:1,(anonymous_77)
FNDA:1,(anonymous_78)
FNDA:1,(anonymous_79)
FNDA:1,(anonymous_80)
FNDA:1,(anonymous_81)
FNDA:1,(anonymous_82)
FNDA:1,(anonymous_83)
FNDA:1,(anonymous_84)
FNDA:1,(anonymous_85)
FNDA:1,(anonymous_86)
FNDA:1,(anonymous_87)
FNDA:1,(anonymous_88)
FNDA:1,(anonymous_89)
FNDA:1,(anonymous_90)
FNDA:1,(anonymous_91)
FNDA:1,(anonymous_92)
FNDA:1,(anonymous_93)
FNDA:1,(anonymous_94)
FNDA:1,(anonymous_95)
FNDA:1,(anonymous_96)
FNDA:1,(anonymous_97)
FNDA:1,(anonymous_98)
FNDA:1,(anonymous_99)
FNDA:1,(anonymous_100)
FNDA:1,(anonymous_101)
FNDA:1,(anonymous_102)
FNDA:1,(anonymous_103)
FNDA:1,(anonymous_104)
FNDA:1,(anonymous_105)
FNDA:1,(anonymous_106)
FNDA:1,(anonymous_107)
FNDA:1,(anonymous_108)
FNDA:1,(anonymous_109)
FNDA:1,(anonymous_110)
FNDA:1,(anonymous_111)
FNDA:1,(anonymous_112)
FNDA:1,(anonymous_113)
FNDA:1,(anonymous_114)
FNDA:1,(anonymous_115)
FNDA:1,(anonymous_116)
FNDA:1,(anonymous_117)
FNDA:1,(anonymous_118)
FNDA:1,(anonymous_119)
FNDA:1,(anonymous_120)
FNDA:1,(anonymous_121)
FNDA:1,(anonymous_122)
FNDA:1,(anonymous_123)
FNDA:1,(anonymous_124)
FNDA:1,(anonymous_125)
FNDA:1,(anonymous_126)
FNDA:1,(anonymous_127)
FNDA:1,(anonymous_128)
FNDA:1,(anonymous_129)
FNDA:1,(anonymous_130)
FNDA:1,(anonymous_131)
FNDA:1,(anonymous_132)
FNDA:1,(anonymous_133)
FNDA:1,(anonymous_134)
FNDA:1,(anonymous_135)
FNDA:1,(anonymous_136)
FNDA:1,(anonymous_137)
FNDA:1,(anonymous_138)
FNDA:1,(anonymous_139)
FNDA:1,(anonymous_140)
FNDA:1,(anonymous_141)
FNDA:1,(anonymous_142)
FNDA:1,(anonymous_143)
FNDA:1,(anonymous_144)
FNDA:1,(anonymous_145)
FNDA:1,(anonymous_146)
FNDA:1,(anonymous_147)
FNDA:1,(anonymous_148)
FNDA:1,(anonymous_149)
FNDA:1,(anonymous_150)
FNDA:1,(anonymous_151)
FNDA:1,(anonymous_152)
FNDA:1,(anonymous_153)
FNDA:1,(anonymous_154)
FNDA:1,(anonymous_155)
FNDA:1,(anonymous_156)
FNDA:1,(anonymous_157)
FNDA:1,(anonymous_158)
FNDA:1,(anonymous_159)
FNDA:1,(anonymous_160)
FNDA:1,(anonymous_161)
FNDA:1,(anonymous_162)
FNDA:1,(anonymous_163)
FNDA:1,(anonymous_164)
FNDA:1,(anonymous_165)
FNDA:1,(anonymous_166)
FNDA:1,(anonymous_167)
FNDA:1,(anonymous_168)
FNDA:1,(anonymous_169)
FNDA:1,(anonymous_170)
FNDA:1,(anonymous_171)
FNDA:1,(anonymous_172)
FNDA:1,(anonymous_173)
FNDA:1,(anonymous_174)
FNDA:1,(anonymous_175)
FNDA:1,(anonymous_176)
FNDA:1,(anonymous_177)
FNDA:1,(anonymous_178)
FNDA:1,(anonymous_179)
FNDA:1,(anonymous_180)
FNDA:1,(anonymous_181)
FNDA:1,(anonymous_182)
FNDA:1,(anonymous_183)
FNDA:1,(anonymous_184)
FNDA:1,(anonymous_185)
FNDA:1,(anonymous_186)
FNDA:1,(anonymous_187)
FNDA:1,(anonymous_188)
FNDA:1,(anonymous_189)
FNDA:1,(anonymous_190)
FNDA:1,(anonymous_191)
FNDA:1,(anonymous_192)
FNDA:1,(anonymous_193)
FNDA:1,(anonymous_194)
FNDA:1,(anonymous_195)
DA:1,1
DA:2,1
DA:3,1
DA:4,1
DA:6,1
DA:8,1
DA:10,1
DA:15,1
DA:19,1
DA:21,1
DA:26,1
DA:30,1
DA:32,1
DA:37,1
DA:41,1
DA:43,1
DA:49,1
DA:53,1
DA:55,1
DA:60,1
DA:64,1
DA:66,1
DA:71,1
DA:75,1
DA:77,1
DA:83,1
DA:87,1
DA:89,1
DA:95,1
DA:99,1
DA:101,1
DA:107,1
DA:111,1
DA:113,1
DA:119,1
DA:123,1
DA:125,1
DA:131,1
DA:135,1
DA:137,1
DA:143,1
DA:147,1
DA:149,1
DA:155,1
DA:159,1
DA:161,1
DA:167,1
DA:171,1
DA:173,1
DA:179,1
DA:183,1
DA:185,1
DA:191,1
DA:195,1
DA:197,1
DA:203,1
DA:207,1
DA:209,1
DA:215,1
DA:219,1
DA:221,1
DA:227,1
DA:231,1
DA:233,1
DA:239,1
DA:243,1
DA:245,1
DA:251,1
DA:255,1
DA:257,1
DA:263,1
DA:267,1
DA:269,1
DA:275,1
DA:279,1
DA:281,1
DA:287,1
DA:291,1
DA:293,1
DA:299,1
DA:303,1
DA:305,1
DA:311,1
DA:315,1
DA:317,1
DA:323,1
DA:327,1
DA:329,1
DA:335,1
DA:339,1
DA:341,1
DA:347,1
DA:351,1
DA:353,1
DA:359,1
DA:363,1
DA:365,1
DA:371,1
DA:375,1
DA:377,1
DA:383,1
DA:387,1
DA:389,1
DA:395,1
DA:399,1
DA:401,1
DA:407,1
DA:411,1
DA:413,1
DA:419,1
DA:423,1
DA:425,1
DA:431,1
DA:435,1
DA:437,1
DA:443,1
DA:447,1
DA:449,1
DA:455,1
DA:459,1
DA:461,1
DA:467,1
DA:471,1
DA:473,1
DA:479,1
DA:483,1
DA:485,1
DA:491,1
DA:495,1
DA:497,1
DA:503,1
DA:507,1
DA:509,1
DA:515,1
DA:519,1
DA:521,1
DA:527,1
DA:531,1
DA:533,1
DA:539,1
DA:543,1
DA:545,1
DA:551,1
DA:555,1
DA:557,1
DA:563,1
DA:567,1
DA:569,1
DA:575,1
DA:579,1
DA:581,1
DA:587,1
DA:591,1
DA:593,1
DA:599,1
DA:603,1
DA:605,1
DA:611,1
DA:615,1
DA:617,1
DA:623,1
DA:627,1
DA:629,1
DA:635,1
DA:639,1
DA:641,1
DA:647,1
DA:651,1
DA:653,1
DA:659,1
DA:663,1
DA:665,1
DA:671,1
DA:675,1
DA:677,1
DA:683,1
DA:687,1
DA:689,1
DA:695,1
DA:699,1
DA:701,1
DA:707,1
DA:711,1
DA:713,1
DA:719,1
DA:723,1
DA:725,1
DA:731,1
DA:735,1
DA:737,1
DA:743,1
DA:747,1
DA:749,1
DA:755,1
DA:759,1
DA:761,1
DA:767,1
DA:771,1
DA:773,1
DA:779,1
DA:783,1
DA:785,1
DA:791,1
DA:795,1
DA:797,1
DA:803,1
DA:807,1
DA:809,1
DA:815,1
DA:819,1
DA:821,1
DA:827,1
DA:831,1
DA:833,1
DA:839,1
DA:843,1
DA:845,1
DA:851,1
DA:855,1
DA:857,1
DA:863,1
DA:867,1
DA:869,1
DA:874,1
DA:878,1
DA:880,1
DA:885,1
DA:889,1
DA:891,1
DA:896,1
DA:900,1
DA:902,1
DA:907,1
DA:911,1
DA:913,1
DA:918,1
DA:922,1
DA:924,1
DA:929,1
DA:933,1
DA:935,1
DA:940,1
DA:944,1
DA:946,1
DA:951,1
DA:955,1
DA:957,1
DA:962,1
DA:966,1
DA:968,1
DA:973,1
DA:977,1
DA:979,1
DA:984,1
DA:988,1
DA:990,1
DA:995,1
DA:999,1
DA:1001,1
DA:1006,1
DA:1010,1
DA:1012,1
DA:1017,1
DA:1021,1
DA:1023,1
DA:1028,1
DA:1032,1
DA:1034,1
DA:1039,1
DA:1043,1
DA:1045,1
DA:1050,1
DA:1054,1
DA:1056,1
DA:1061,1
DA:1065,1
DA:1067,1
DA:1072,1
DA:1076,1
DA:1078,1
DA:1083,1
DA:1087,1
DA:1089,1
DA:1094,1
DA:1098,1
DA:1100,1
DA:1105,1
DA:1109,1
DA:1111,1
DA:1116,1
DA:1120,1
DA:1122,1
DA:1127,1
DA:1131,1
DA:1133,1
DA:1138,1
LF:296
LH:296
BRF:0
BRH:0
end_of_record
