{
  "stats": {
    "suites": 1,
    "tests": 97,
    "passes": 97,
    "pending": 0,
    "failures": 0,
    "start": "2018-11-24T05:03:59.344Z",
    "end": "2018-11-24T05:04:17.349Z",
    "duration": 18005,
    "testsRegistered": 97,
    "passPercent": 100,
    "pendingPercent": 0,
    "other": 0,
    "hasOther": false,
    "skipped": 0,
    "hasSkipped": false,
    "passPercentClass": "success",
    "pendingPercentClass": "danger"
  },
  "suites": {
    "uuid": "173eda76-e6f7-4054-b88a-fef16bf63259",
    "title": "",
    "fullFile": "",
    "file": "",
    "beforeHooks": [],
    "afterHooks": [],
    "tests": [],
    "suites": [
      {
        "uuid": "375f32ab-04d5-4e1e-bf5d-0886930eb8e4",
        "title": "Unit Testing",
        "fullFile": "/home/diegocastagne/testsails/test/test.js",
        "file": "/test/test.js",
        "beforeHooks": [],
        "afterHooks": [],
        "tests": [
          {
            "title": "Login exitoso",
            "fullTitle": "Unit Testing Login exitoso",
            "timedOut": false,
            "duration": 225,
            "state": "passed",
            "speed": "slow",
            "pass": true,
            "fail": false,
            "pending": false,
            "code": "server\n    .post(\"/users/login\")\n    .send({email: 'diego.castagne@gmail.com',password: 'dca321'})\n    .expect(200) // THis is HTTP response\n    .end(function(err,res){\n      done();\n    });",
            "err": {},
            "isRoot": false,
            "uuid": "65b549b8-c4ce-4005-b88c-b91ec0f266f9",
            "isHook": false,
            "skipped": false
          },
          {
            "title": "Login con contraseña incorrecta",
            "fullTitle": "Unit Testing Login con contraseña incorrecta",
            "timedOut": false,
            "duration": 206,
            "state": "passed",
            "speed": "slow",
            "pass": true,
            "fail": false,
            "pending": false,
            "code": "server\n    .post(\"/users/login\")\n    .send({email: 'diego.castagne@gmail.com',password: 'test'})\n    .expect(500) // THis is HTTP response\n    .end(function(err,res){\n      done();\n    });",
            "err": {},
            "isRoot": false,
            "uuid": "18f0c566-a120-4e7f-9fd3-cc50b0b452c7",
            "isHook": false,
            "skipped": false
          },
          {
            "title": "Login con email inexistente",
            "fullTitle": "Unit Testing Login con email inexistente",
            "timedOut": false,
            "duration": 194,
            "state": "passed",
            "speed": "slow",
            "pass": true,
            "fail": false,
            "pending": false,
            "code": "server\n    .post(\"/users/login\")\n    .send({email: 'algo@gmail.com',password: 'dca321'})\n    .expect(500) // THis is HTTP response\n    .end(function(err,res){\n      done();\n    });",
            "err": {},
            "isRoot": false,
            "uuid": "818feb20-43b9-443b-a25e-a45bb85b355a",
            "isHook": false,
            "skipped": false
          },
          {
            "title": "Crea un usuario",
            "fullTitle": "Unit Testing Crea un usuario",
            "timedOut": false,
            "duration": 362,
            "state": "passed",
            "speed": "slow",
            "pass": true,
            "fail": false,
            "pending": false,
            "code": "server\n    .post(\"/users\")\n    .send({name:'Unit', last_name: 'Test',email: 'unittest@mail.com',birthdate: '2000-01-01',password: 'unittest', postal_code: '10000', phone_number: '2220000000'})\n    .expect(200) // THis is HTTP response\n    .expect('Content-Type', /json/)\n    .end(function(err,res){\n      done();\n    });",
            "err": {},
            "isRoot": false,
            "uuid": "92473605-b940-44a0-bd1e-d2489568444d",
            "isHook": false,
            "skipped": false
          },
          {
            "title": "Tratar de crear un usuario sin un atributo",
            "fullTitle": "Unit Testing Tratar de crear un usuario sin un atributo",
            "timedOut": false,
            "duration": 189,
            "state": "passed",
            "speed": "slow",
            "pass": true,
            "fail": false,
            "pending": false,
            "code": "server\n    .post(\"/users\")\n    .send({name:'Unit', last_name: 'Test',birthdate: '2000-01-01',password: 'unittest', postal_code: '10000', phone_number: '2220000000'})\n    .expect(400) // THis is HTTP response\n    .end(function(err,res){\n      done();\n    });",
            "err": {},
            "isRoot": false,
            "uuid": "504b6676-8923-4c22-b829-a040b33c3860",
            "isHook": false,
            "skipped": false
          },
          {
            "title": "Tratar de crear un usuario introduciendo un dato incorrecrto (tipo variable)",
            "fullTitle": "Unit Testing Tratar de crear un usuario introduciendo un dato incorrecrto (tipo variable)",
            "timedOut": false,
            "duration": 162,
            "state": "passed",
            "speed": "slow",
            "pass": true,
            "fail": false,
            "pending": false,
            "code": "server\n    .post(\"/users\")\n    .send({name:'Unit', last_name: 'Test',email: 'unittest@mail.com',birthdate: 'test',password: 'unittest', postal_code: '10000', phone_number: '2220000000'})\n    .expect(500) // THis is HTTP response\n    .end(function(err,res){\n      done();\n    });",
            "err": {},
            "isRoot": false,
            "uuid": "312751ee-4660-4524-a624-cca7152d4273",
            "isHook": false,
            "skipped": false
          },
          {
            "title": "Crea un usuario de administrador",
            "fullTitle": "Unit Testing Crea un usuario de administrador",
            "timedOut": false,
            "duration": 200,
            "state": "passed",
            "speed": "slow",
            "pass": true,
            "fail": false,
            "pending": false,
            "code": "server\n    .post(\"/adminusers\")\n    .send({name:'Unit', last_name: 'Test',email: 'unittest@mail.com',password: 'unittest'})\n    .expect(200) // THis is HTTP response\n    .expect('Content-Type', /json/)\n    .end(function(err,res){\n      done();\n    });",
            "err": {},
            "isRoot": false,
            "uuid": "77b5cfd8-75d3-41c0-aa02-fff404f851b9",
            "isHook": false,
            "skipped": false
          },
          {
            "title": "Crea una pulsera",
            "fullTitle": "Unit Testing Crea una pulsera",
            "timedOut": false,
            "duration": 238,
            "state": "passed",
            "speed": "slow",
            "pass": true,
            "fail": false,
            "pending": false,
            "code": "server\n    .post(\"/bracelet\")\n    .send({active_at: '2018-11-21', status: true, ticket_id: '1', tour_id: '1'})\n    .expect(200) // THis is HTTP response\n    .expect('Content-Type', /json/)\n    .end(function(err,res){\n      done();\n    });",
            "err": {},
            "isRoot": false,
            "uuid": "b265648c-39d2-407b-baeb-97d7ac61257e",
            "isHook": false,
            "skipped": false
          },
          {
            "title": "Crea un camion",
            "fullTitle": "Unit Testing Crea un camion",
            "timedOut": false,
            "duration": 168,
            "state": "passed",
            "speed": "slow",
            "pass": true,
            "fail": false,
            "pending": false,
            "code": "server\n    .post(\"/bus\")\n    .send({tour_id: '1', mural_id: '3'})\n    .expect(200) // THis is HTTP response\n    .expect('Content-Type', /json/)\n    .end(function(err,res){\n      done();\n    });",
            "err": {},
            "isRoot": false,
            "uuid": "27ce04ec-9bff-4f80-80cf-dc9f4950e3ad",
            "isHook": false,
            "skipped": false
          },
          {
            "title": "Crea un empresa",
            "fullTitle": "Unit Testing Crea un empresa",
            "timedOut": false,
            "duration": 202,
            "state": "passed",
            "speed": "slow",
            "pass": true,
            "fail": false,
            "pending": false,
            "code": "server\n    .post(\"/companies\")\n    .send({name:'Unit', full_name: 'Test',number: '2220',street: 'unittest',postal_code: '72000',rfc:'CAAD970714BT5',ieps:'15',iva:'15',lat:'29',lng:'19'})\n    .expect(200) // THis is HTTP response\n    .expect('Content-Type', /json/)\n    .end(function(err,res){\n      done();\n    });",
            "err": {},
            "isRoot": false,
            "uuid": "8bc9082a-f558-42f2-9bf6-2d89c8e55910",
            "isHook": false,
            "skipped": false
          },
          {
            "title": "Crea informacion de fechas",
            "fullTitle": "Unit Testing Crea informacion de fechas",
            "timedOut": false,
            "duration": 233,
            "state": "passed",
            "speed": "slow",
            "pass": true,
            "fail": false,
            "pending": false,
            "code": "server\n    .post(\"/dateinformation\")\n    .send({date_id: '1', hour_id:'1'})\n    .expect(200) // THis is HTTP response\n    .expect('Content-Type', /json/)\n    .end(function(err,res){\n      done();\n    });",
            "err": {},
            "isRoot": false,
            "uuid": "35d980a1-fd8d-4ffe-a7db-d167998a0f9e",
            "isHook": false,
            "skipped": false
          },
          {
            "title": "Crea un intervalo de fechas",
            "fullTitle": "Unit Testing Crea un intervalo de fechas",
            "timedOut": false,
            "duration": 167,
            "state": "passed",
            "speed": "slow",
            "pass": true,
            "fail": false,
            "pending": false,
            "code": "server\n    .post(\"/dates\")\n    .send({start_date: '2018-11-23',end_date: '2018-11-25',service: true})\n    .expect(200) // THis is HTTP response\n    .expect('Content-Type', /json/)\n    .end(function(err,res){\n      done();\n    });",
            "err": {},
            "isRoot": false,
            "uuid": "4253ee7b-7cf7-40b4-b89e-fc4183b33aad",
            "isHook": false,
            "skipped": false
          },
          {
            "title": "Crea una imagen",
            "fullTitle": "Unit Testing Crea una imagen",
            "timedOut": false,
            "duration": 199,
            "state": "passed",
            "speed": "slow",
            "pass": true,
            "fail": false,
            "pending": false,
            "code": "server\n    .post(\"/image\")\n    .send({image_url: 'someurl.com', description: 'A description'})\n    .expect(200) // THis is HTTP response\n    .expect('Content-Type', /json/)\n    .end(function(err,res){\n      done();\n    });",
            "err": {},
            "isRoot": false,
            "uuid": "ff789b4f-504b-4b1a-af44-8aca21e7781a",
            "isHook": false,
            "skipped": false
          },
          {
            "title": "Crea un marcador",
            "fullTitle": "Unit Testing Crea un marcador",
            "timedOut": false,
            "duration": 205,
            "state": "passed",
            "speed": "slow",
            "pass": true,
            "fail": false,
            "pending": false,
            "code": "server\n    .post(\"/markers\")\n    .send({tour_id: '1',lat:'29',lng:'19',description:'A description',name: 'Test'})\n    .expect(200) // THis is HTTP response\n    .expect('Content-Type', /json/)\n    .end(function(err,res){\n      done();\n    });",
            "err": {},
            "isRoot": false,
            "uuid": "2b15d0a0-2699-459f-a413-facd733e91d7",
            "isHook": false,
            "skipped": false
          },
          {
            "title": "Crea un mural",
            "fullTitle": "Unit Testing Crea un mural",
            "timedOut": false,
            "duration": 166,
            "state": "passed",
            "speed": "slow",
            "pass": true,
            "fail": false,
            "pending": false,
            "code": "server\n    .post(\"/mural\")\n    .send({title: 'Unit Testing',name:'Diego',last_name:'Rivera',description:'A description'})\n    .expect(200) // THis is HTTP response\n    .expect('Content-Type', /json/)\n    .end(function(err,res){\n      done();\n    });",
            "err": {},
            "isRoot": false,
            "uuid": "1350c114-e95e-4a26-b74b-c121ab8cb0ab",
            "isHook": false,
            "skipped": false
          },
          {
            "title": "Crea una narrativa",
            "fullTitle": "Unit Testing Crea una narrativa",
            "timedOut": false,
            "duration": 167,
            "state": "passed",
            "speed": "slow",
            "pass": true,
            "fail": false,
            "pending": false,
            "code": "server\n    .post(\"/narrative\")\n    .send({audio_url:'someurl.com'})\n    .expect(200) // THis is HTTP response\n    .expect('Content-Type', /json/)\n    .end(function(err,res){\n      done();\n    });",
            "err": {},
            "isRoot": false,
            "uuid": "0688da01-a372-4112-aa7b-f4ae64e60952",
            "isHook": false,
            "skipped": false
          },
          {
            "title": "Crea un lugar",
            "fullTitle": "Unit Testing Crea un lugar",
            "timedOut": false,
            "duration": 171,
            "state": "passed",
            "speed": "slow",
            "pass": true,
            "fail": false,
            "pending": false,
            "code": "server\n    .post(\"/place\")\n    .send({name:'Lugar',lng:'29',lat:'19',place_type_id: '1',description:'Description',narrative_id:'1'})\n    .expect(200) // THis is HTTP response\n    .expect('Content-Type', /json/)\n    .end(function(err,res){\n      done();\n    });",
            "err": {},
            "isRoot": false,
            "uuid": "4b260166-3aa9-47c0-a450-b76bede1b370",
            "isHook": false,
            "skipped": false
          },
          {
            "title": "Crea una relacion lugar con imagen",
            "fullTitle": "Unit Testing Crea una relacion lugar con imagen",
            "timedOut": false,
            "duration": 166,
            "state": "passed",
            "speed": "slow",
            "pass": true,
            "fail": false,
            "pending": false,
            "code": "server\n    .post(\"/placeimage\")\n    .send({place_id:'4',image_id:'1'})\n    .expect(200) // THis is HTTP response\n    .expect('Content-Type', /json/)\n    .end(function(err,res){\n      done();\n    });",
            "err": {},
            "isRoot": false,
            "uuid": "297e9d6c-9b43-4e70-baf4-f4eeff9e04b3",
            "isHook": false,
            "skipped": false
          },
          {
            "title": "Crea una relacion tour con lugares",
            "fullTitle": "Unit Testing Crea una relacion tour con lugares",
            "timedOut": false,
            "duration": 195,
            "state": "passed",
            "speed": "slow",
            "pass": true,
            "fail": false,
            "pending": false,
            "code": "server\n    .post(\"/placetour\")\n    .send({tour_id:'1',place_id:'4'})\n    .expect(200) // THis is HTTP response\n    .expect('Content-Type', /json/)\n    .end(function(err,res){\n      done();\n    });",
            "err": {},
            "isRoot": false,
            "uuid": "e43bff6b-48a7-42d7-9acb-df4e675faef2",
            "isHook": false,
            "skipped": false
          },
          {
            "title": "Crea un tipo de lugares",
            "fullTitle": "Unit Testing Crea un tipo de lugares",
            "timedOut": false,
            "duration": 199,
            "state": "passed",
            "speed": "slow",
            "pass": true,
            "fail": false,
            "pending": false,
            "code": "server\n    .post(\"/placetypes\")\n    .send({name:'Algo'})\n    .expect(200) // THis is HTTP response\n    .expect('Content-Type', /json/)\n    .end(function(err,res){\n      done();\n    });",
            "err": {},
            "isRoot": false,
            "uuid": "44fd24e9-0ffe-4be5-991e-ff5e3778931c",
            "isHook": false,
            "skipped": false
          },
          {
            "title": "Crea un precio",
            "fullTitle": "Unit Testing Crea un precio",
            "timedOut": false,
            "duration": 164,
            "state": "passed",
            "speed": "slow",
            "pass": true,
            "fail": false,
            "pending": false,
            "code": "server\n    .post(\"/price\")\n    .send({price_amount:'320',tour_id:'1',ticket_type_id:'1'})\n    .expect(200) // THis is HTTP response\n    .expect('Content-Type', /json/)\n    .end(function(err,res){\n      done();\n    });",
            "err": {},
            "isRoot": false,
            "uuid": "cc0d8ba0-f770-4cfb-a8ba-e9fdc6624e33",
            "isHook": false,
            "skipped": false
          },
          {
            "title": "Crea una compra",
            "fullTitle": "Unit Testing Crea una compra",
            "timedOut": false,
            "duration": 199,
            "state": "passed",
            "speed": "slow",
            "pass": true,
            "fail": false,
            "pending": false,
            "code": "server\n    .post(\"/purchases\")\n    .send({sub_total:'320',total:'400',company_id:'1',user_id:'1'})\n    .expect(200) // THis is HTTP response\n    .expect('Content-Type', /json/)\n    .end(function(err,res){\n      done();\n    });",
            "err": {},
            "isRoot": false,
            "uuid": "b52486b3-612c-43ef-82ac-f2dab2491272",
            "isHook": false,
            "skipped": false
          },
          {
            "title": "Crea una parada",
            "fullTitle": "Unit Testing Crea una parada",
            "timedOut": false,
            "duration": 164,
            "state": "passed",
            "speed": "slow",
            "pass": true,
            "fail": false,
            "pending": false,
            "code": "server\n    .post(\"/stop\")\n    .send({name:'Parada',lat:'30',lng:'30',tour_id:'1',description:'Description'})\n    .expect(200) // THis is HTTP response\n    .expect('Content-Type', /json/)\n    .end(function(err,res){\n      done();\n    });",
            "err": {},
            "isRoot": false,
            "uuid": "70bc18f7-06ca-4527-a93e-a3cf79a8fc97",
            "isHook": false,
            "skipped": false
          },
          {
            "title": "Crea un ticket",
            "fullTitle": "Unit Testing Crea un ticket",
            "timedOut": false,
            "duration": 167,
            "state": "passed",
            "speed": "slow",
            "pass": true,
            "fail": false,
            "pending": false,
            "code": "server\n    .post(\"/ticket\")\n    .send({purchase_id: '8',price_id:'1',name:'Diego',last_name:'Castagne',age:'21',date_tour:'2018-11-23',qr_code:'someurl.com',sub_total:'320',created_at:'2018-11-23'})\n    .expect(200) // THis is HTTP response\n    .expect('Content-Type', /json/)\n    .end(function(err,res){\n      done();\n    });",
            "err": {},
            "isRoot": false,
            "uuid": "f05cbccd-efe3-4e12-ad00-29d410e8283a",
            "isHook": false,
            "skipped": false
          },
          {
            "title": "Crea un tipo de ticket",
            "fullTitle": "Unit Testing Crea un tipo de ticket",
            "timedOut": false,
            "duration": 194,
            "state": "passed",
            "speed": "slow",
            "pass": true,
            "fail": false,
            "pending": false,
            "code": "server\n    .post(\"/tickettype\")\n    .send({name:'Test'})\n    .expect(200) // THis is HTTP response\n    .expect('Content-Type', /json/)\n    .end(function(err,res){\n      done();\n    });",
            "err": {},
            "isRoot": false,
            "uuid": "99e3a28c-b5ca-4178-9b40-31344cae9461",
            "isHook": false,
            "skipped": false
          },
          {
            "title": "Crea una relacion horas y fecha",
            "fullTitle": "Unit Testing Crea una relacion horas y fecha",
            "timedOut": false,
            "duration": 165,
            "state": "passed",
            "speed": "slow",
            "pass": true,
            "fail": false,
            "pending": false,
            "code": "server\n    .post(\"/time\")\n    .send({tour_id:'1',date_hour_id:'1'})\n    .expect(200) // THis is HTTP response\n    .expect('Content-Type', /json/)\n    .end(function(err,res){\n      done();\n    });",
            "err": {},
            "isRoot": false,
            "uuid": "a4f0cc4e-8111-4e10-b930-0bd1ed1afb00",
            "isHook": false,
            "skipped": false
          },
          {
            "title": "Crea un tour",
            "fullTitle": "Unit Testing Crea un tour",
            "timedOut": false,
            "duration": 195,
            "state": "passed",
            "speed": "slow",
            "pass": true,
            "fail": false,
            "pending": false,
            "code": "server\n    .post(\"/tour\")\n    .send({name:'Test',image_id:'1',description:'Description'})\n    .expect(200) // THis is HTTP response\n    .expect('Content-Type', /json/)\n    .end(function(err,res){\n      done();\n    });",
            "err": {},
            "isRoot": false,
            "uuid": "02480331-bbe4-4c47-93ca-16144c878b65",
            "isHook": false,
            "skipped": false
          },
          {
            "title": "Actualiza un usuario",
            "fullTitle": "Unit Testing Actualiza un usuario",
            "timedOut": false,
            "duration": 172,
            "state": "passed",
            "speed": "slow",
            "pass": true,
            "fail": false,
            "pending": false,
            "code": "server\n    .put(\"/users/34\")\n    .send({last_name:'update'})\n    .expect(200) // THis is HTTP response\n    .expect('Content-Type', /json/)\n    .end(function(err,res){\n      done();\n    });",
            "err": {},
            "isRoot": false,
            "uuid": "64b2f7cc-d4cb-4496-97f2-d0df0ef43133",
            "isHook": false,
            "skipped": false
          },
          {
            "title": "Actualiza un usuario de administrador",
            "fullTitle": "Unit Testing Actualiza un usuario de administrador",
            "timedOut": false,
            "duration": 184,
            "state": "passed",
            "speed": "slow",
            "pass": true,
            "fail": false,
            "pending": false,
            "code": "server\n    .put(\"/adminusers/4\")\n    .send({last_name:'update'})\n    .expect(200) // THis is HTTP response\n    .expect('Content-Type', /json/)\n    .end(function(err,res){\n      done();\n    });",
            "err": {},
            "isRoot": false,
            "uuid": "f9bbf273-25a3-4ad9-9cbb-de3611c6c99a",
            "isHook": false,
            "skipped": false
          },
          {
            "title": "Actualiza una pulsera",
            "fullTitle": "Unit Testing Actualiza una pulsera",
            "timedOut": false,
            "duration": 175,
            "state": "passed",
            "speed": "slow",
            "pass": true,
            "fail": false,
            "pending": false,
            "code": "server\n    .put(\"/bracelet/4\")\n    .send({status:false})\n    .expect(200) // THis is HTTP response\n    .expect('Content-Type', /json/)\n    .end(function(err,res){\n      done();\n    });",
            "err": {},
            "isRoot": false,
            "uuid": "2a617d88-ecc9-4981-93b2-ce6d9f1cbcb8",
            "isHook": false,
            "skipped": false
          },
          {
            "title": "Actualiza un camion",
            "fullTitle": "Unit Testing Actualiza un camion",
            "timedOut": false,
            "duration": 181,
            "state": "passed",
            "speed": "slow",
            "pass": true,
            "fail": false,
            "pending": false,
            "code": "server\n    .put(\"/bus/4\")\n    .send({tour_id:'2'})\n    .expect(200) // THis is HTTP response\n    .expect('Content-Type', /json/)\n    .end(function(err,res){\n      done();\n    });",
            "err": {},
            "isRoot": false,
            "uuid": "e160ede2-6060-420b-ad85-c64a634e3589",
            "isHook": false,
            "skipped": false
          },
          {
            "title": "Actualiza un empresa",
            "fullTitle": "Unit Testing Actualiza un empresa",
            "timedOut": false,
            "duration": 179,
            "state": "passed",
            "speed": "slow",
            "pass": true,
            "fail": false,
            "pending": false,
            "code": "server\n    .put(\"/companies/2\")\n    .send({full_name:'update'})\n    .expect(200) // THis is HTTP response\n    .expect('Content-Type', /json/)\n    .end(function(err,res){\n      done();\n    });",
            "err": {},
            "isRoot": false,
            "uuid": "d93df1f7-16ca-4772-8bb0-81f36597d990",
            "isHook": false,
            "skipped": false
          },
          {
            "title": "Actualiza informacion de fechas",
            "fullTitle": "Unit Testing Actualiza informacion de fechas",
            "timedOut": false,
            "duration": 184,
            "state": "passed",
            "speed": "slow",
            "pass": true,
            "fail": false,
            "pending": false,
            "code": "server\n    .put(\"/dateinformation/2\")\n    .send({hour_id:'2'})\n    .expect(200) // THis is HTTP response\n    .expect('Content-Type', /json/)\n    .end(function(err,res){\n      done();\n    });",
            "err": {},
            "isRoot": false,
            "uuid": "6daee4bd-8f6e-4ad5-96ff-a5c0c3c88607",
            "isHook": false,
            "skipped": false
          },
          {
            "title": "Actualiza un intervalo de datos",
            "fullTitle": "Unit Testing Actualiza un intervalo de datos",
            "timedOut": false,
            "duration": 207,
            "state": "passed",
            "speed": "slow",
            "pass": true,
            "fail": false,
            "pending": false,
            "code": "server\n    .put(\"/dates/1\")\n    .send({end_date:'2018-11-22'})\n    .expect(200) // THis is HTTP response\n    .expect('Content-Type', /json/)\n    .end(function(err,res){\n      done();\n    });",
            "err": {},
            "isRoot": false,
            "uuid": "26c3c496-1d73-4cb7-92ef-b904cea76046",
            "isHook": false,
            "skipped": false
          },
          {
            "title": "Actualiza una hora",
            "fullTitle": "Unit Testing Actualiza una hora",
            "timedOut": false,
            "duration": 174,
            "state": "passed",
            "speed": "slow",
            "pass": true,
            "fail": false,
            "pending": false,
            "code": "server\n    .put(\"/hour/1\")\n    .send({start_time: '2018-11-14 04:00:00'})\n    .expect(200) // THis is HTTP response\n    .expect('Content-Type', /json/)\n    .end(function(err,res){\n      done();\n    });",
            "err": {},
            "isRoot": false,
            "uuid": "47481012-5a3c-4e62-816f-26921be303fc",
            "isHook": false,
            "skipped": false
          },
          {
            "title": "Actualiza una imagen",
            "fullTitle": "Unit Testing Actualiza una imagen",
            "timedOut": false,
            "duration": 170,
            "state": "passed",
            "speed": "slow",
            "pass": true,
            "fail": false,
            "pending": false,
            "code": "server\n    .put(\"/image/4\")\n    .send({image_url:'update.com'})\n    .expect(200) // THis is HTTP response\n    .expect('Content-Type', /json/)\n    .end(function(err,res){\n      done();\n    });",
            "err": {},
            "isRoot": false,
            "uuid": "faf82b4d-0467-4da2-8291-42c6e741fffb",
            "isHook": false,
            "skipped": false
          },
          {
            "title": "Actualiza un marcador",
            "fullTitle": "Unit Testing Actualiza un marcador",
            "timedOut": false,
            "duration": 176,
            "state": "passed",
            "speed": "slow",
            "pass": true,
            "fail": false,
            "pending": false,
            "code": "server\n    .put(\"/markers/1\")\n    .send({name:'update'})\n    .expect(200) // THis is HTTP response\n    .expect('Content-Type', /json/)\n    .end(function(err,res){\n      done();\n    });",
            "err": {},
            "isRoot": false,
            "uuid": "c5aa08ca-8bc3-483e-bd42-0be842820452",
            "isHook": false,
            "skipped": false
          },
          {
            "title": "Actualiza un mural",
            "fullTitle": "Unit Testing Actualiza un mural",
            "timedOut": false,
            "duration": 210,
            "state": "passed",
            "speed": "slow",
            "pass": true,
            "fail": false,
            "pending": false,
            "code": "server\n    .put(\"/mural/12\")\n    .send({name:'Update'})\n    .expect(200) // THis is HTTP response\n    .expect('Content-Type', /json/)\n    .end(function(err,res){\n      done();\n    });",
            "err": {},
            "isRoot": false,
            "uuid": "d3fde63b-7fed-4fc8-be39-1e99a6fb01c2",
            "isHook": false,
            "skipped": false
          },
          {
            "title": "Actualiza una narrativa",
            "fullTitle": "Unit Testing Actualiza una narrativa",
            "timedOut": false,
            "duration": 180,
            "state": "passed",
            "speed": "slow",
            "pass": true,
            "fail": false,
            "pending": false,
            "code": "server\n    .put(\"/narrative/4\")\n    .send({audio_url:'update.com'})\n    .expect(200) // THis is HTTP response\n    .expect('Content-Type', /json/)\n    .end(function(err,res){\n      done();\n    });",
            "err": {},
            "isRoot": false,
            "uuid": "ce7b5228-6b13-4db1-961f-dcfdc7124cb6",
            "isHook": false,
            "skipped": false
          },
          {
            "title": "Actualiza un lugar",
            "fullTitle": "Unit Testing Actualiza un lugar",
            "timedOut": false,
            "duration": 221,
            "state": "passed",
            "speed": "slow",
            "pass": true,
            "fail": false,
            "pending": false,
            "code": "server\n    .put(\"/place/26\")\n    .send({name:'Update'})\n    .expect(200) // THis is HTTP response\n    .expect('Content-Type', /json/)\n    .end(function(err,res){\n      done();\n    });",
            "err": {},
            "isRoot": false,
            "uuid": "635c5102-efe2-4f41-8c1f-50fe5613eca4",
            "isHook": false,
            "skipped": false
          },
          {
            "title": "Actualiza una relacion lugar con imagen",
            "fullTitle": "Unit Testing Actualiza una relacion lugar con imagen",
            "timedOut": false,
            "duration": 314,
            "state": "passed",
            "speed": "slow",
            "pass": true,
            "fail": false,
            "pending": false,
            "code": "server\n    .put(\"/placeimage/2\")\n    .send({image_id:'2'})\n    .expect(200) // THis is HTTP response\n    .expect('Content-Type', /json/)\n    .end(function(err,res){\n      done();\n    });",
            "err": {},
            "isRoot": false,
            "uuid": "ca321efb-4a1a-4e00-aa3f-d2316cf76d23",
            "isHook": false,
            "skipped": false
          },
          {
            "title": "Actualiza una relacion tour con lugares",
            "fullTitle": "Unit Testing Actualiza una relacion tour con lugares",
            "timedOut": false,
            "duration": 178,
            "state": "passed",
            "speed": "slow",
            "pass": true,
            "fail": false,
            "pending": false,
            "code": "server\n    .put(\"/placetour/2\")\n    .send({tour_id:'2'})\n    .expect(200) // THis is HTTP response\n    .expect('Content-Type', /json/)\n    .end(function(err,res){\n      done();\n    });",
            "err": {},
            "isRoot": false,
            "uuid": "51050c6a-272e-4df6-b732-7a1eec3ea050",
            "isHook": false,
            "skipped": false
          },
          {
            "title": "Actualiza un tipo de lugares",
            "fullTitle": "Unit Testing Actualiza un tipo de lugares",
            "timedOut": false,
            "duration": 182,
            "state": "passed",
            "speed": "slow",
            "pass": true,
            "fail": false,
            "pending": false,
            "code": "server\n    .put(\"/placetypes/6\")\n    .send({name:'Update'})\n    .expect(200) // THis is HTTP response\n    .expect('Content-Type', /json/)\n    .end(function(err,res){\n      done();\n    });",
            "err": {},
            "isRoot": false,
            "uuid": "0311708f-1431-4e28-b805-60165ba103f4",
            "isHook": false,
            "skipped": false
          },
          {
            "title": "Actualiza un precio",
            "fullTitle": "Unit Testing Actualiza un precio",
            "timedOut": false,
            "duration": 222,
            "state": "passed",
            "speed": "slow",
            "pass": true,
            "fail": false,
            "pending": false,
            "code": "server\n    .put(\"/price/8\")\n    .send({price_amount:'420'})\n    .expect(200) // THis is HTTP response\n    .expect('Content-Type', /json/)\n    .end(function(err,res){\n      done();\n    });",
            "err": {},
            "isRoot": false,
            "uuid": "b02417c4-0d0d-4660-a230-47cd0d9ec281",
            "isHook": false,
            "skipped": false
          },
          {
            "title": "Actualiza una compra",
            "fullTitle": "Unit Testing Actualiza una compra",
            "timedOut": false,
            "duration": 189,
            "state": "passed",
            "speed": "slow",
            "pass": true,
            "fail": false,
            "pending": false,
            "code": "server\n    .put(\"/purchases/10\")\n    .send({sub_total:'100'})\n    .expect(200) // THis is HTTP response\n    .expect('Content-Type', /json/)\n    .end(function(err,res){\n      done();\n    });",
            "err": {},
            "isRoot": false,
            "uuid": "711569cc-6e7a-48f1-b65e-207853383e7b",
            "isHook": false,
            "skipped": false
          },
          {
            "title": "Actualiza una parada",
            "fullTitle": "Unit Testing Actualiza una parada",
            "timedOut": false,
            "duration": 170,
            "state": "passed",
            "speed": "slow",
            "pass": true,
            "fail": false,
            "pending": false,
            "code": "server\n    .put(\"/stop/2\")\n    .send({name:'Update'})\n    .expect(200) // THis is HTTP response\n    .expect('Content-Type', /json/)\n    .end(function(err,res){\n      done();\n    });",
            "err": {},
            "isRoot": false,
            "uuid": "a6cbd343-34ab-4d7d-8cee-7cb522125fec",
            "isHook": false,
            "skipped": false
          },
          {
            "title": "Actualiza un ticket",
            "fullTitle": "Unit Testing Actualiza un ticket",
            "timedOut": false,
            "duration": 210,
            "state": "passed",
            "speed": "slow",
            "pass": true,
            "fail": false,
            "pending": false,
            "code": "server\n    .put(\"/ticket/2\")\n    .send({name:'Update'})\n    .expect(200) // THis is HTTP response\n    .expect('Content-Type', /json/)\n    .end(function(err,res){\n      done();\n    });",
            "err": {},
            "isRoot": false,
            "uuid": "055f22fc-6b5c-4070-a592-8093cd98e62f",
            "isHook": false,
            "skipped": false
          },
          {
            "title": "Actualiza un tipo de ticket",
            "fullTitle": "Unit Testing Actualiza un tipo de ticket",
            "timedOut": false,
            "duration": 183,
            "state": "passed",
            "speed": "slow",
            "pass": true,
            "fail": false,
            "pending": false,
            "code": "server\n    .put(\"/tickettype/4\")\n    .send({name:'Update'})\n    .expect(200) // THis is HTTP response\n    .expect('Content-Type', /json/)\n    .end(function(err,res){\n      done();\n    });",
            "err": {},
            "isRoot": false,
            "uuid": "0b1f8296-db55-4584-a818-7287b245ced1",
            "isHook": false,
            "skipped": false
          },
          {
            "title": "Actualiza una relacion horas y fecha",
            "fullTitle": "Unit Testing Actualiza una relacion horas y fecha",
            "timedOut": false,
            "duration": 179,
            "state": "passed",
            "speed": "slow",
            "pass": true,
            "fail": false,
            "pending": false,
            "code": "server\n    .put(\"/time/3\")\n    .send({tour_id:'3'})\n    .expect(200) // THis is HTTP response\n    .expect('Content-Type', /json/)\n    .end(function(err,res){\n      done();\n    });",
            "err": {},
            "isRoot": false,
            "uuid": "e6a840ef-6a8b-4c3e-8686-594842c98427",
            "isHook": false,
            "skipped": false
          },
          {
            "title": "Actualiza un tour",
            "fullTitle": "Unit Testing Actualiza un tour",
            "timedOut": false,
            "duration": 238,
            "state": "passed",
            "speed": "slow",
            "pass": true,
            "fail": false,
            "pending": false,
            "code": "server\n    .put(\"/tour/4\")\n    .send({name:'Update'})\n    .expect(200) // THis is HTTP response\n    .expect('Content-Type', /json/)\n    .end(function(err,res){\n      done();\n    });",
            "err": {},
            "isRoot": false,
            "uuid": "fc1f8b82-d93c-4780-a38c-3a6b5791a40e",
            "isHook": false,
            "skipped": false
          },
          {
            "title": "Elimina un usuario",
            "fullTitle": "Unit Testing Elimina un usuario",
            "timedOut": false,
            "duration": 168,
            "state": "passed",
            "speed": "slow",
            "pass": true,
            "fail": false,
            "pending": false,
            "code": "server\n    .delete(\"/users\")\n    .send({id:'69'})\n    .expect(200) // THis is HTTP response\n    .expect('Content-Type', /json/)\n    .end(function(err,res){\n      done();\n    });",
            "err": {},
            "isRoot": false,
            "uuid": "50d3a4b2-1ec1-480f-9342-ec6218ffd184",
            "isHook": false,
            "skipped": false
          },
          {
            "title": "Elimina un usuario de administrador",
            "fullTitle": "Unit Testing Elimina un usuario de administrador",
            "timedOut": false,
            "duration": 167,
            "state": "passed",
            "speed": "slow",
            "pass": true,
            "fail": false,
            "pending": false,
            "code": "server\n    .delete(\"/adminusers\")\n    .send({id:'13'})\n    .expect(200) // THis is HTTP response\n    .expect('Content-Type', /json/)\n    .end(function(err,res){\n      done();\n    });",
            "err": {},
            "isRoot": false,
            "uuid": "8f5cde72-56fb-42c7-b00f-cee9d7f944df",
            "isHook": false,
            "skipped": false
          },
          {
            "title": "Elimina una pulsera",
            "fullTitle": "Unit Testing Elimina una pulsera",
            "timedOut": false,
            "duration": 167,
            "state": "passed",
            "speed": "slow",
            "pass": true,
            "fail": false,
            "pending": false,
            "code": "server\n    .delete(\"/bracelet\")\n    .send({id:'12'})\n    .expect(200) // THis is HTTP response\n    .expect('Content-Type', /json/)\n    .end(function(err,res){\n      done();\n    });",
            "err": {},
            "isRoot": false,
            "uuid": "70676b16-b274-4967-a9d1-98bca58e81f8",
            "isHook": false,
            "skipped": false
          },
          {
            "title": "Elimina un camion",
            "fullTitle": "Unit Testing Elimina un camion",
            "timedOut": false,
            "duration": 163,
            "state": "passed",
            "speed": "slow",
            "pass": true,
            "fail": false,
            "pending": false,
            "code": "server\n    .delete(\"/bus\")\n    .send({id:'12'})\n    .expect(200) // THis is HTTP response\n    .expect('Content-Type', /json/)\n    .end(function(err,res){\n      done();\n    });",
            "err": {},
            "isRoot": false,
            "uuid": "7d1a338c-0e4b-4d28-a0e7-56f8dcff3d73",
            "isHook": false,
            "skipped": false
          },
          {
            "title": "Elimina una empresa",
            "fullTitle": "Unit Testing Elimina una empresa",
            "timedOut": false,
            "duration": 166,
            "state": "passed",
            "speed": "slow",
            "pass": true,
            "fail": false,
            "pending": false,
            "code": "server\n    .delete(\"/companies\")\n    .send({id:'10'})\n    .expect(200) // THis is HTTP response\n    .expect('Content-Type', /json/)\n    .end(function(err,res){\n      done();\n    });",
            "err": {},
            "isRoot": false,
            "uuid": "37c14e8f-1d20-441b-8397-d5359ff7a5c3",
            "isHook": false,
            "skipped": false
          },
          {
            "title": "Elimina informacion de fechas",
            "fullTitle": "Unit Testing Elimina informacion de fechas",
            "timedOut": false,
            "duration": 169,
            "state": "passed",
            "speed": "slow",
            "pass": true,
            "fail": false,
            "pending": false,
            "code": "server\n    .delete(\"/dateinformation\")\n    .send({id:'10'})\n    .expect(200) // THis is HTTP response\n    .expect('Content-Type', /json/)\n    .end(function(err,res){\n      done();\n    });",
            "err": {},
            "isRoot": false,
            "uuid": "0e470fee-6050-46fe-aafd-a87484236d40",
            "isHook": false,
            "skipped": false
          },
          {
            "title": "Elimina un intervalo de fechas",
            "fullTitle": "Unit Testing Elimina un intervalo de fechas",
            "timedOut": false,
            "duration": 207,
            "state": "passed",
            "speed": "slow",
            "pass": true,
            "fail": false,
            "pending": false,
            "code": "server\n    .delete(\"/dates\")\n    .send({id:'12'})\n    .expect(200) // THis is HTTP response\n    .expect('Content-Type', /json/)\n    .end(function(err,res){\n      done();\n    });",
            "err": {},
            "isRoot": false,
            "uuid": "f43f8846-473a-4e1b-8be1-0e13632135c7",
            "isHook": false,
            "skipped": false
          },
          {
            "title": "Elimina una imagen",
            "fullTitle": "Unit Testing Elimina una imagen",
            "timedOut": false,
            "duration": 196,
            "state": "passed",
            "speed": "slow",
            "pass": true,
            "fail": false,
            "pending": false,
            "code": "server\n    .delete(\"/image\")\n    .send({id:'12'})\n    .expect(200) // THis is HTTP response\n    .expect('Content-Type', /json/)\n    .end(function(err,res){\n      done();\n    });",
            "err": {},
            "isRoot": false,
            "uuid": "ce83f9a7-1479-4be3-a1da-c618bdd323bc",
            "isHook": false,
            "skipped": false
          },
          {
            "title": "Elimina un marcador",
            "fullTitle": "Unit Testing Elimina un marcador",
            "timedOut": false,
            "duration": 165,
            "state": "passed",
            "speed": "slow",
            "pass": true,
            "fail": false,
            "pending": false,
            "code": "server\n    .delete(\"/markers\")\n    .send({id:'11'})\n    .expect(200) // THis is HTTP response\n    .expect('Content-Type', /json/)\n    .end(function(err,res){\n      done();\n    });",
            "err": {},
            "isRoot": false,
            "uuid": "f0ced16e-92c8-4107-97fe-2a26c944a7fe",
            "isHook": false,
            "skipped": false
          },
          {
            "title": "Elimina un mural",
            "fullTitle": "Unit Testing Elimina un mural",
            "timedOut": false,
            "duration": 178,
            "state": "passed",
            "speed": "slow",
            "pass": true,
            "fail": false,
            "pending": false,
            "code": "server\n    .delete(\"/mural\")\n    .send({id:'20'})\n    .expect(200) // THis is HTTP response\n    .expect('Content-Type', /json/)\n    .end(function(err,res){\n      done();\n    });",
            "err": {},
            "isRoot": false,
            "uuid": "6c2e22b4-871f-450e-9439-fc8f8d503b37",
            "isHook": false,
            "skipped": false
          },
          {
            "title": "Elimina una narrativa",
            "fullTitle": "Unit Testing Elimina una narrativa",
            "timedOut": false,
            "duration": 165,
            "state": "passed",
            "speed": "slow",
            "pass": true,
            "fail": false,
            "pending": false,
            "code": "server\n    .delete(\"/narrative\")\n    .send({id:'12'})\n    .expect(200) // THis is HTTP response\n    .expect('Content-Type', /json/)\n    .end(function(err,res){\n      done();\n    });",
            "err": {},
            "isRoot": false,
            "uuid": "503a2f27-6a85-4814-a885-b1bd58d4a9ef",
            "isHook": false,
            "skipped": false
          },
          {
            "title": "Elimina un lugar",
            "fullTitle": "Unit Testing Elimina un lugar",
            "timedOut": false,
            "duration": 207,
            "state": "passed",
            "speed": "slow",
            "pass": true,
            "fail": false,
            "pending": false,
            "code": "server\n    .delete(\"/place\")\n    .send({id:'34'})\n    .expect(200) // THis is HTTP response\n    .expect('Content-Type', /json/)\n    .end(function(err,res){\n      done();\n    });",
            "err": {},
            "isRoot": false,
            "uuid": "13c042b2-53c3-45c5-b56c-0685e7e697ad",
            "isHook": false,
            "skipped": false
          },
          {
            "title": "Elimina una relacion lugar con imagen",
            "fullTitle": "Unit Testing Elimina una relacion lugar con imagen",
            "timedOut": false,
            "duration": 170,
            "state": "passed",
            "speed": "slow",
            "pass": true,
            "fail": false,
            "pending": false,
            "code": "server\n    .delete(\"/placeimage\")\n    .send({id:'10'})\n    .expect(200) // THis is HTTP response\n    .expect('Content-Type', /json/)\n    .end(function(err,res){\n      done();\n    });",
            "err": {},
            "isRoot": false,
            "uuid": "1f68e08b-6940-4589-b002-ed0fd178cb30",
            "isHook": false,
            "skipped": false
          },
          {
            "title": "Elimina una relacion tour con lugares",
            "fullTitle": "Unit Testing Elimina una relacion tour con lugares",
            "timedOut": false,
            "duration": 194,
            "state": "passed",
            "speed": "slow",
            "pass": true,
            "fail": false,
            "pending": false,
            "code": "server\n    .delete(\"/placetour\")\n    .send({id:'10'})\n    .expect(200) // THis is HTTP response\n    .expect('Content-Type', /json/)\n    .end(function(err,res){\n      done();\n    });",
            "err": {},
            "isRoot": false,
            "uuid": "eb0fc0e1-c9ab-4e09-813a-ed86958cc006",
            "isHook": false,
            "skipped": false
          },
          {
            "title": "Elimina un tipo de lugares",
            "fullTitle": "Unit Testing Elimina un tipo de lugares",
            "timedOut": false,
            "duration": 166,
            "state": "passed",
            "speed": "slow",
            "pass": true,
            "fail": false,
            "pending": false,
            "code": "server\n    .delete(\"/placetypes\")\n    .send({id:'14'})\n    .expect(200) // THis is HTTP response\n    .expect('Content-Type', /json/)\n    .end(function(err,res){\n      done();\n    });",
            "err": {},
            "isRoot": false,
            "uuid": "8da618b4-3188-44d6-b1c3-31c23dfa501b",
            "isHook": false,
            "skipped": false
          },
          {
            "title": "Elimina un precio",
            "fullTitle": "Unit Testing Elimina un precio",
            "timedOut": false,
            "duration": 173,
            "state": "passed",
            "speed": "slow",
            "pass": true,
            "fail": false,
            "pending": false,
            "code": "server\n    .delete(\"/price\")\n    .send({id:'16'})\n    .expect(200) // THis is HTTP response\n    .expect('Content-Type', /json/)\n    .end(function(err,res){\n      done();\n    });",
            "err": {},
            "isRoot": false,
            "uuid": "80ad13be-4c43-4990-b656-6442d9dcfa62",
            "isHook": false,
            "skipped": false
          },
          {
            "title": "Elimina una compra",
            "fullTitle": "Unit Testing Elimina una compra",
            "timedOut": false,
            "duration": 168,
            "state": "passed",
            "speed": "slow",
            "pass": true,
            "fail": false,
            "pending": false,
            "code": "server\n    .delete(\"/purchases\")\n    .send({id:'18'})\n    .expect(200) // THis is HTTP response\n    .expect('Content-Type', /json/)\n    .end(function(err,res){\n      done();\n    });",
            "err": {},
            "isRoot": false,
            "uuid": "13e5e156-6b38-4b9c-a2d2-9c8aec1ee8ad",
            "isHook": false,
            "skipped": false
          },
          {
            "title": "Elimina una parada",
            "fullTitle": "Unit Testing Elimina una parada",
            "timedOut": false,
            "duration": 217,
            "state": "passed",
            "speed": "slow",
            "pass": true,
            "fail": false,
            "pending": false,
            "code": "server\n    .delete(\"/stop\")\n    .send({id:'12'})\n    .expect(200) // THis is HTTP response\n    .expect('Content-Type', /json/)\n    .end(function(err,res){\n      done();\n    });",
            "err": {},
            "isRoot": false,
            "uuid": "dcad7f46-5696-4b25-b152-f7aacf613438",
            "isHook": false,
            "skipped": false
          },
          {
            "title": "Elimina un ticket",
            "fullTitle": "Unit Testing Elimina un ticket",
            "timedOut": false,
            "duration": 178,
            "state": "passed",
            "speed": "slow",
            "pass": true,
            "fail": false,
            "pending": false,
            "code": "server\n    .delete(\"/ticket\")\n    .send({id:'10'})\n    .expect(200) // THis is HTTP response\n    .expect('Content-Type', /json/)\n    .end(function(err,res){\n      done();\n    });",
            "err": {},
            "isRoot": false,
            "uuid": "c1fe88c5-cd73-4ed3-902f-527e2e2c92f7",
            "isHook": false,
            "skipped": false
          },
          {
            "title": "Elimina un tipo de ticket",
            "fullTitle": "Unit Testing Elimina un tipo de ticket",
            "timedOut": false,
            "duration": 170,
            "state": "passed",
            "speed": "slow",
            "pass": true,
            "fail": false,
            "pending": false,
            "code": "server\n    .delete(\"/tickettype\")\n    .send({id:'12'})\n    .expect(200) // THis is HTTP response\n    .expect('Content-Type', /json/)\n    .end(function(err,res){\n      done();\n    });",
            "err": {},
            "isRoot": false,
            "uuid": "542220a1-24a5-424c-90bc-e067a6d3791d",
            "isHook": false,
            "skipped": false
          },
          {
            "title": "Elimina una relacion horas y fecha",
            "fullTitle": "Unit Testing Elimina una relacion horas y fecha",
            "timedOut": false,
            "duration": 171,
            "state": "passed",
            "speed": "slow",
            "pass": true,
            "fail": false,
            "pending": false,
            "code": "server\n    .delete(\"/time\")\n    .send({id:'11'})\n    .expect(200) // THis is HTTP response\n    .expect('Content-Type', /json/)\n    .end(function(err,res){\n      done();\n    });",
            "err": {},
            "isRoot": false,
            "uuid": "471954d7-21ed-48b6-9592-7feb1f057bfc",
            "isHook": false,
            "skipped": false
          },
          {
            "title": "Elimina un tour",
            "fullTitle": "Unit Testing Elimina un tour",
            "timedOut": false,
            "duration": 171,
            "state": "passed",
            "speed": "slow",
            "pass": true,
            "fail": false,
            "pending": false,
            "code": "server\n    .delete(\"/tour\")\n    .send({id:'12'})\n    .expect(200) // THis is HTTP response\n    .expect('Content-Type', /json/)\n    .end(function(err,res){\n      done();\n    });",
            "err": {},
            "isRoot": false,
            "uuid": "7651421c-9c2a-44ed-be48-e94cafa70f6a",
            "isHook": false,
            "skipped": false
          },
          {
            "title": "Regresa los usuarios",
            "fullTitle": "Unit Testing Regresa los usuarios",
            "timedOut": false,
            "duration": 163,
            "state": "passed",
            "speed": "slow",
            "pass": true,
            "fail": false,
            "pending": false,
            "code": "server\n    .get(\"/users\")\n    .expect(200) // THis is HTTP response\n    .expect('Content-Type', /json/)\n    .end(function(err,res){\n      done();\n    });",
            "err": {},
            "isRoot": false,
            "uuid": "2ca75d7d-3991-4ee9-8f5a-7df68de65985",
            "isHook": false,
            "skipped": false
          },
          {
            "title": "Regresa un usuario por id",
            "fullTitle": "Unit Testing Regresa un usuario por id",
            "timedOut": false,
            "duration": 169,
            "state": "passed",
            "speed": "slow",
            "pass": true,
            "fail": false,
            "pending": false,
            "code": "server\n    .get(\"/users/1\")\n    .expect(200) // THis is HTTP response\n    .expect('Content-Type', /json/)\n    .end(function(err,res){\n      done();\n    });",
            "err": {},
            "isRoot": false,
            "uuid": "1a93a35e-744e-47e8-a86c-2d52755ca5fa",
            "isHook": false,
            "skipped": false
          },
          {
            "title": "Regresa un usuario por email",
            "fullTitle": "Unit Testing Regresa un usuario por email",
            "timedOut": false,
            "duration": 167,
            "state": "passed",
            "speed": "slow",
            "pass": true,
            "fail": false,
            "pending": false,
            "code": "server\n    .get(\"/users?email=diego.castagne@gmail.com\")\n    .expect(200) // THis is HTTP response\n    .expect('Content-Type', /json/)\n    .end(function(err,res){\n      done();\n    });",
            "err": {},
            "isRoot": false,
            "uuid": "8f317e2c-1331-449e-9b72-294b6b31cc9a",
            "isHook": false,
            "skipped": false
          },
          {
            "title": "Regresa los usuarios de administradores",
            "fullTitle": "Unit Testing Regresa los usuarios de administradores",
            "timedOut": false,
            "duration": 165,
            "state": "passed",
            "speed": "slow",
            "pass": true,
            "fail": false,
            "pending": false,
            "code": "server\n    .get(\"/adminusers\")\n    .expect(200) // THis is HTTP response\n    .expect('Content-Type', /json/)\n    .end(function(err,res){\n      done();\n    });",
            "err": {},
            "isRoot": false,
            "uuid": "866db6f6-cbd6-4a05-af3a-f2d2f290b262",
            "isHook": false,
            "skipped": false
          },
          {
            "title": "Regresa las pulseras",
            "fullTitle": "Unit Testing Regresa las pulseras",
            "timedOut": false,
            "duration": 175,
            "state": "passed",
            "speed": "slow",
            "pass": true,
            "fail": false,
            "pending": false,
            "code": "server\n    .get(\"/bracelet\")\n    .expect(200) // THis is HTTP response\n    .expect('Content-Type', /json/)\n    .end(function(err,res){\n      done();\n    });",
            "err": {},
            "isRoot": false,
            "uuid": "31827a48-4e00-447a-b54e-265c5a263614",
            "isHook": false,
            "skipped": false
          },
          {
            "title": "Regresa los camiones",
            "fullTitle": "Unit Testing Regresa los camiones",
            "timedOut": false,
            "duration": 190,
            "state": "passed",
            "speed": "slow",
            "pass": true,
            "fail": false,
            "pending": false,
            "code": "server\n    .get(\"/bus\")\n    .expect(200) // THis is HTTP response\n    .expect('Content-Type', /json/)\n    .end(function(err,res){\n      done();\n    });",
            "err": {},
            "isRoot": false,
            "uuid": "c2a0f1dc-00c4-46f9-a00c-45868b09e7d0",
            "isHook": false,
            "skipped": false
          },
          {
            "title": "Regresa las empresas",
            "fullTitle": "Unit Testing Regresa las empresas",
            "timedOut": false,
            "duration": 174,
            "state": "passed",
            "speed": "slow",
            "pass": true,
            "fail": false,
            "pending": false,
            "code": "server\n    .get(\"/companies\")\n    .expect(200) // THis is HTTP response\n    .expect('Content-Type', /json/)\n    .end(function(err,res){\n      done();\n    });",
            "err": {},
            "isRoot": false,
            "uuid": "5c08a5ab-add9-435c-900a-9e422a4b1550",
            "isHook": false,
            "skipped": false
          },
          {
            "title": "Regresa la informacion de fechas",
            "fullTitle": "Unit Testing Regresa la informacion de fechas",
            "timedOut": false,
            "duration": 163,
            "state": "passed",
            "speed": "slow",
            "pass": true,
            "fail": false,
            "pending": false,
            "code": "server\n    .get(\"/dateinformation\")\n    .expect(200) // THis is HTTP response\n    .expect('Content-Type', /json/)\n    .end(function(err,res){\n      done();\n    });",
            "err": {},
            "isRoot": false,
            "uuid": "c71bf701-e1ee-428e-b0cb-4abdcdd50fcc",
            "isHook": false,
            "skipped": false
          },
          {
            "title": "Regresa los intervalos de datos",
            "fullTitle": "Unit Testing Regresa los intervalos de datos",
            "timedOut": false,
            "duration": 166,
            "state": "passed",
            "speed": "slow",
            "pass": true,
            "fail": false,
            "pending": false,
            "code": "server\n    .get(\"/dates\")\n    .expect(200) // THis is HTTP response\n    .expect('Content-Type', /json/)\n    .end(function(err,res){\n      done();\n    });",
            "err": {},
            "isRoot": false,
            "uuid": "b30b74f8-e1f0-43f1-931e-bd4603feb126",
            "isHook": false,
            "skipped": false
          },
          {
            "title": "Regresa las horas",
            "fullTitle": "Unit Testing Regresa las horas",
            "timedOut": false,
            "duration": 161,
            "state": "passed",
            "speed": "slow",
            "pass": true,
            "fail": false,
            "pending": false,
            "code": "server\n    .get(\"/hour\")\n    .expect(200) // THis is HTTP response\n    .expect('Content-Type', /json/)\n    .end(function(err,res){\n      done();\n    });",
            "err": {},
            "isRoot": false,
            "uuid": "e6511b04-61db-4961-b73d-e6b620458f81",
            "isHook": false,
            "skipped": false
          },
          {
            "title": "Regresa las imagenes",
            "fullTitle": "Unit Testing Regresa las imagenes",
            "timedOut": false,
            "duration": 161,
            "state": "passed",
            "speed": "slow",
            "pass": true,
            "fail": false,
            "pending": false,
            "code": "server\n    .get(\"/image\")\n    .expect(200) // THis is HTTP response\n    .expect('Content-Type', /json/)\n    .end(function(err,res){\n      done();\n    });",
            "err": {},
            "isRoot": false,
            "uuid": "e9a7ccfb-7bad-4495-b50a-14ff2336f5a5",
            "isHook": false,
            "skipped": false
          },
          {
            "title": "Regresa los marcadores",
            "fullTitle": "Unit Testing Regresa los marcadores",
            "timedOut": false,
            "duration": 202,
            "state": "passed",
            "speed": "slow",
            "pass": true,
            "fail": false,
            "pending": false,
            "code": "server\n    .get(\"/markers\")\n    .expect(200) // THis is HTTP response\n    .expect('Content-Type', /json/)\n    .end(function(err,res){\n      done();\n    });",
            "err": {},
            "isRoot": false,
            "uuid": "d00b821d-ba38-4a5e-a3fd-e1ff77b69843",
            "isHook": false,
            "skipped": false
          },
          {
            "title": "Regresa los murales",
            "fullTitle": "Unit Testing Regresa los murales",
            "timedOut": false,
            "duration": 186,
            "state": "passed",
            "speed": "slow",
            "pass": true,
            "fail": false,
            "pending": false,
            "code": "server\n    .get(\"/mural\")\n    .expect(200) // THis is HTTP response\n    .expect('Content-Type', /json/)\n    .end(function(err,res){\n      done();\n    });",
            "err": {},
            "isRoot": false,
            "uuid": "202a19e9-d481-4bbc-aa59-ab162224ca3e",
            "isHook": false,
            "skipped": false
          },
          {
            "title": "Regresa las narrativas",
            "fullTitle": "Unit Testing Regresa las narrativas",
            "timedOut": false,
            "duration": 174,
            "state": "passed",
            "speed": "slow",
            "pass": true,
            "fail": false,
            "pending": false,
            "code": "server\n    .get(\"/narrative\")\n    .expect(200) // THis is HTTP response\n    .expect('Content-Type', /json/)\n    .end(function(err,res){\n      done();\n    });",
            "err": {},
            "isRoot": false,
            "uuid": "b5e41d4e-71fb-4f0a-9d0d-d20d4804eca0",
            "isHook": false,
            "skipped": false
          },
          {
            "title": "Regresa los lugares",
            "fullTitle": "Unit Testing Regresa los lugares",
            "timedOut": false,
            "duration": 166,
            "state": "passed",
            "speed": "slow",
            "pass": true,
            "fail": false,
            "pending": false,
            "code": "server\n    .get(\"/place\")\n    .expect(200) // THis is HTTP response\n    .expect('Content-Type', /json/)\n    .end(function(err,res){\n      done();\n    });",
            "err": {},
            "isRoot": false,
            "uuid": "e2c7df26-b49a-47c0-a0e7-a01c963bdae4",
            "isHook": false,
            "skipped": false
          },
          {
            "title": "Regresa la relacion lugar con imagen",
            "fullTitle": "Unit Testing Regresa la relacion lugar con imagen",
            "timedOut": false,
            "duration": 165,
            "state": "passed",
            "speed": "slow",
            "pass": true,
            "fail": false,
            "pending": false,
            "code": "server\n    .get(\"/placeimage\")\n    .expect(200) // THis is HTTP response\n    .expect('Content-Type', /json/)\n    .end(function(err,res){\n      done();\n    });",
            "err": {},
            "isRoot": false,
            "uuid": "3c83379d-8546-44d6-93d5-704fd0997269",
            "isHook": false,
            "skipped": false
          },
          {
            "title": "Regresa la relacion tour con lugares",
            "fullTitle": "Unit Testing Regresa la relacion tour con lugares",
            "timedOut": false,
            "duration": 179,
            "state": "passed",
            "speed": "slow",
            "pass": true,
            "fail": false,
            "pending": false,
            "code": "server\n    .get(\"/placetour\")\n    .expect(200) // THis is HTTP response\n    .expect('Content-Type', /json/)\n    .end(function(err,res){\n      done();\n    });",
            "err": {},
            "isRoot": false,
            "uuid": "17a939b7-ab86-40eb-9ae1-99e55fe2790f",
            "isHook": false,
            "skipped": false
          },
          {
            "title": "Regresa los tipos de lugares",
            "fullTitle": "Unit Testing Regresa los tipos de lugares",
            "timedOut": false,
            "duration": 161,
            "state": "passed",
            "speed": "slow",
            "pass": true,
            "fail": false,
            "pending": false,
            "code": "server\n    .get(\"/placetypes\")\n    .expect(200) // THis is HTTP response\n    .expect('Content-Type', /json/)\n    .end(function(err,res){\n      done();\n    });",
            "err": {},
            "isRoot": false,
            "uuid": "47e46f60-7204-44fa-9d24-163111eca3c3",
            "isHook": false,
            "skipped": false
          },
          {
            "title": "Regresa los precios",
            "fullTitle": "Unit Testing Regresa los precios",
            "timedOut": false,
            "duration": 170,
            "state": "passed",
            "speed": "slow",
            "pass": true,
            "fail": false,
            "pending": false,
            "code": "server\n    .get(\"/price\")\n    .expect(200) // THis is HTTP response\n    .expect('Content-Type', /json/)\n    .end(function(err,res){\n      done();\n    });",
            "err": {},
            "isRoot": false,
            "uuid": "670afe28-0319-4c3f-98c2-52706bad48cf",
            "isHook": false,
            "skipped": false
          },
          {
            "title": "Regresa las compras",
            "fullTitle": "Unit Testing Regresa las compras",
            "timedOut": false,
            "duration": 167,
            "state": "passed",
            "speed": "slow",
            "pass": true,
            "fail": false,
            "pending": false,
            "code": "server\n    .get(\"/purchases\")\n    .expect(200) // THis is HTTP response\n    .expect('Content-Type', /json/)\n    .end(function(err,res){\n      done();\n    });",
            "err": {},
            "isRoot": false,
            "uuid": "367b8df4-288d-429a-bdc9-3626f4657b6c",
            "isHook": false,
            "skipped": false
          },
          {
            "title": "Regresa las paradas",
            "fullTitle": "Unit Testing Regresa las paradas",
            "timedOut": false,
            "duration": 162,
            "state": "passed",
            "speed": "slow",
            "pass": true,
            "fail": false,
            "pending": false,
            "code": "server\n    .get(\"/stop\")\n    .expect(200) // THis is HTTP response\n    .expect('Content-Type', /json/)\n    .end(function(err,res){\n      done();\n    });",
            "err": {},
            "isRoot": false,
            "uuid": "14b0ed5b-3c35-4b82-ba7a-b787e93909a2",
            "isHook": false,
            "skipped": false
          },
          {
            "title": "Regresa los tickets",
            "fullTitle": "Unit Testing Regresa los tickets",
            "timedOut": false,
            "duration": 169,
            "state": "passed",
            "speed": "slow",
            "pass": true,
            "fail": false,
            "pending": false,
            "code": "server\n    .get(\"/ticket\")\n    .expect(200) // THis is HTTP response\n    .expect('Content-Type', /json/)\n    .end(function(err,res){\n      done();\n    });",
            "err": {},
            "isRoot": false,
            "uuid": "06350bf1-dfcd-43f2-bd99-8f6618aa786d",
            "isHook": false,
            "skipped": false
          },
          {
            "title": "Regresa los tipos de ticket",
            "fullTitle": "Unit Testing Regresa los tipos de ticket",
            "timedOut": false,
            "duration": 163,
            "state": "passed",
            "speed": "slow",
            "pass": true,
            "fail": false,
            "pending": false,
            "code": "server\n    .get(\"/tickettype\")\n    .expect(200) // THis is HTTP response\n    .expect('Content-Type', /json/)\n    .end(function(err,res){\n      done();\n    });",
            "err": {},
            "isRoot": false,
            "uuid": "e3ad0b4e-911f-40e6-ad66-e7086259dba9",
            "isHook": false,
            "skipped": false
          },
          {
            "title": "Regresa la relacion horas y fecha",
            "fullTitle": "Unit Testing Regresa la relacion horas y fecha",
            "timedOut": false,
            "duration": 162,
            "state": "passed",
            "speed": "slow",
            "pass": true,
            "fail": false,
            "pending": false,
            "code": "server\n    .get(\"/time\")\n    .expect(200) // THis is HTTP response\n    .expect('Content-Type', /json/)\n    .end(function(err,res){\n      done();\n    });",
            "err": {},
            "isRoot": false,
            "uuid": "63db9df9-fffc-4fcb-85d0-974f01027c78",
            "isHook": false,
            "skipped": false
          },
          {
            "title": "Regresa los tours",
            "fullTitle": "Unit Testing Regresa los tours",
            "timedOut": false,
            "duration": 162,
            "state": "passed",
            "speed": "slow",
            "pass": true,
            "fail": false,
            "pending": false,
            "code": "server\n    .get(\"/tour\")\n    .expect(200) // THis is HTTP response\n    .expect('Content-Type', /json/)\n    .end(function(err,res){\n      done();\n    });",
            "err": {},
            "isRoot": false,
            "uuid": "4d141149-652c-4bf1-991e-78c2694f55c3",
            "isHook": false,
            "skipped": false
          }
        ],
        "suites": [],
        "passes": [
          "65b549b8-c4ce-4005-b88c-b91ec0f266f9",
          "18f0c566-a120-4e7f-9fd3-cc50b0b452c7",
          "818feb20-43b9-443b-a25e-a45bb85b355a",
          "92473605-b940-44a0-bd1e-d2489568444d",
          "504b6676-8923-4c22-b829-a040b33c3860",
          "312751ee-4660-4524-a624-cca7152d4273",
          "77b5cfd8-75d3-41c0-aa02-fff404f851b9",
          "b265648c-39d2-407b-baeb-97d7ac61257e",
          "27ce04ec-9bff-4f80-80cf-dc9f4950e3ad",
          "8bc9082a-f558-42f2-9bf6-2d89c8e55910",
          "35d980a1-fd8d-4ffe-a7db-d167998a0f9e",
          "4253ee7b-7cf7-40b4-b89e-fc4183b33aad",
          "ff789b4f-504b-4b1a-af44-8aca21e7781a",
          "2b15d0a0-2699-459f-a413-facd733e91d7",
          "1350c114-e95e-4a26-b74b-c121ab8cb0ab",
          "0688da01-a372-4112-aa7b-f4ae64e60952",
          "4b260166-3aa9-47c0-a450-b76bede1b370",
          "297e9d6c-9b43-4e70-baf4-f4eeff9e04b3",
          "e43bff6b-48a7-42d7-9acb-df4e675faef2",
          "44fd24e9-0ffe-4be5-991e-ff5e3778931c",
          "cc0d8ba0-f770-4cfb-a8ba-e9fdc6624e33",
          "b52486b3-612c-43ef-82ac-f2dab2491272",
          "70bc18f7-06ca-4527-a93e-a3cf79a8fc97",
          "f05cbccd-efe3-4e12-ad00-29d410e8283a",
          "99e3a28c-b5ca-4178-9b40-31344cae9461",
          "a4f0cc4e-8111-4e10-b930-0bd1ed1afb00",
          "02480331-bbe4-4c47-93ca-16144c878b65",
          "64b2f7cc-d4cb-4496-97f2-d0df0ef43133",
          "f9bbf273-25a3-4ad9-9cbb-de3611c6c99a",
          "2a617d88-ecc9-4981-93b2-ce6d9f1cbcb8",
          "e160ede2-6060-420b-ad85-c64a634e3589",
          "d93df1f7-16ca-4772-8bb0-81f36597d990",
          "6daee4bd-8f6e-4ad5-96ff-a5c0c3c88607",
          "26c3c496-1d73-4cb7-92ef-b904cea76046",
          "47481012-5a3c-4e62-816f-26921be303fc",
          "faf82b4d-0467-4da2-8291-42c6e741fffb",
          "c5aa08ca-8bc3-483e-bd42-0be842820452",
          "d3fde63b-7fed-4fc8-be39-1e99a6fb01c2",
          "ce7b5228-6b13-4db1-961f-dcfdc7124cb6",
          "635c5102-efe2-4f41-8c1f-50fe5613eca4",
          "ca321efb-4a1a-4e00-aa3f-d2316cf76d23",
          "51050c6a-272e-4df6-b732-7a1eec3ea050",
          "0311708f-1431-4e28-b805-60165ba103f4",
          "b02417c4-0d0d-4660-a230-47cd0d9ec281",
          "711569cc-6e7a-48f1-b65e-207853383e7b",
          "a6cbd343-34ab-4d7d-8cee-7cb522125fec",
          "055f22fc-6b5c-4070-a592-8093cd98e62f",
          "0b1f8296-db55-4584-a818-7287b245ced1",
          "e6a840ef-6a8b-4c3e-8686-594842c98427",
          "fc1f8b82-d93c-4780-a38c-3a6b5791a40e",
          "50d3a4b2-1ec1-480f-9342-ec6218ffd184",
          "8f5cde72-56fb-42c7-b00f-cee9d7f944df",
          "70676b16-b274-4967-a9d1-98bca58e81f8",
          "7d1a338c-0e4b-4d28-a0e7-56f8dcff3d73",
          "37c14e8f-1d20-441b-8397-d5359ff7a5c3",
          "0e470fee-6050-46fe-aafd-a87484236d40",
          "f43f8846-473a-4e1b-8be1-0e13632135c7",
          "ce83f9a7-1479-4be3-a1da-c618bdd323bc",
          "f0ced16e-92c8-4107-97fe-2a26c944a7fe",
          "6c2e22b4-871f-450e-9439-fc8f8d503b37",
          "503a2f27-6a85-4814-a885-b1bd58d4a9ef",
          "13c042b2-53c3-45c5-b56c-0685e7e697ad",
          "1f68e08b-6940-4589-b002-ed0fd178cb30",
          "eb0fc0e1-c9ab-4e09-813a-ed86958cc006",
          "8da618b4-3188-44d6-b1c3-31c23dfa501b",
          "80ad13be-4c43-4990-b656-6442d9dcfa62",
          "13e5e156-6b38-4b9c-a2d2-9c8aec1ee8ad",
          "dcad7f46-5696-4b25-b152-f7aacf613438",
          "c1fe88c5-cd73-4ed3-902f-527e2e2c92f7",
          "542220a1-24a5-424c-90bc-e067a6d3791d",
          "471954d7-21ed-48b6-9592-7feb1f057bfc",
          "7651421c-9c2a-44ed-be48-e94cafa70f6a",
          "2ca75d7d-3991-4ee9-8f5a-7df68de65985",
          "1a93a35e-744e-47e8-a86c-2d52755ca5fa",
          "8f317e2c-1331-449e-9b72-294b6b31cc9a",
          "866db6f6-cbd6-4a05-af3a-f2d2f290b262",
          "31827a48-4e00-447a-b54e-265c5a263614",
          "c2a0f1dc-00c4-46f9-a00c-45868b09e7d0",
          "5c08a5ab-add9-435c-900a-9e422a4b1550",
          "c71bf701-e1ee-428e-b0cb-4abdcdd50fcc",
          "b30b74f8-e1f0-43f1-931e-bd4603feb126",
          "e6511b04-61db-4961-b73d-e6b620458f81",
          "e9a7ccfb-7bad-4495-b50a-14ff2336f5a5",
          "d00b821d-ba38-4a5e-a3fd-e1ff77b69843",
          "202a19e9-d481-4bbc-aa59-ab162224ca3e",
          "b5e41d4e-71fb-4f0a-9d0d-d20d4804eca0",
          "e2c7df26-b49a-47c0-a0e7-a01c963bdae4",
          "3c83379d-8546-44d6-93d5-704fd0997269",
          "17a939b7-ab86-40eb-9ae1-99e55fe2790f",
          "47e46f60-7204-44fa-9d24-163111eca3c3",
          "670afe28-0319-4c3f-98c2-52706bad48cf",
          "367b8df4-288d-429a-bdc9-3626f4657b6c",
          "14b0ed5b-3c35-4b82-ba7a-b787e93909a2",
          "06350bf1-dfcd-43f2-bd99-8f6618aa786d",
          "e3ad0b4e-911f-40e6-ad66-e7086259dba9",
          "63db9df9-fffc-4fcb-85d0-974f01027c78",
          "4d141149-652c-4bf1-991e-78c2694f55c3"
        ],
        "failures": [],
        "pending": [],
        "skipped": [],
        "duration": 17878,
        "root": false,
        "rootEmpty": false,
        "_timeout": 2000
      }
    ],
    "passes": [],
    "failures": [],
    "pending": [],
    "skipped": [],
    "duration": 0,
    "root": true,
    "rootEmpty": true,
    "_timeout": 2000
  },
  "copyrightYear": 2018
}