{"/home/diegocastagne/testsails/test.js":{"path":"/home/diegocastagne/testsails/test.js","s":{"1":1,"2":1,"3":1,"4":1,"5":0,"6":0,"7":0,"8":0,"9":0,"10":0,"11":0,"12":0,"13":0,"14":0,"15":0,"16":0,"17":0,"18":0,"19":0,"20":0,"21":0,"22":0,"23":0,"24":0,"25":0,"26":0,"27":0,"28":0,"29":0,"30":0,"31":0,"32":0,"33":0,"34":0,"35":0,"36":0,"37":0,"38":0,"39":0,"40":0,"41":0,"42":0,"43":0,"44":0,"45":0,"46":0,"47":0,"48":0,"49":0,"50":0,"51":0,"52":0,"53":0,"54":0,"55":0,"56":0,"57":0,"58":0,"59":0,"60":0,"61":0,"62":0,"63":0,"64":0,"65":0,"66":0,"67":0,"68":0,"69":0,"70":0,"71":0,"72":0,"73":0,"74":0,"75":0,"76":0,"77":0,"78":0,"79":0,"80":0,"81":0,"82":0,"83":0,"84":0,"85":0,"86":0,"87":0,"88":0,"89":0,"90":0,"91":0,"92":0,"93":0,"94":0,"95":0,"96":0,"97":0,"98":0,"99":0,"100":0,"101":0,"102":0,"103":0,"104":0,"105":0,"106":0,"107":0,"108":0,"109":0,"110":0,"111":0,"112":0,"113":0,"114":0,"115":0,"116":0,"117":0,"118":0,"119":0,"120":0,"121":0,"122":0,"123":0,"124":0,"125":0,"126":0,"127":0,"128":0,"129":0,"130":0,"131":0,"132":0,"133":0,"134":0,"135":0,"136":0,"137":0,"138":0,"139":0,"140":0,"141":0,"142":0,"143":0,"144":0,"145":0,"146":0,"147":0,"148":0,"149":0,"150":0,"151":0,"152":0,"153":0,"154":0,"155":0,"156":0,"157":0,"158":0,"159":0,"160":0,"161":0,"162":0,"163":0,"164":0,"165":0,"166":0,"167":0,"168":0,"169":0,"170":0,"171":0,"172":0,"173":0,"174":0,"175":0,"176":0,"177":0,"178":0,"179":0,"180":0,"181":0,"182":0,"183":0,"184":0,"185":0,"186":0,"187":0,"188":0,"189":0,"190":0,"191":0,"192":0,"193":0,"194":0,"195":0,"196":0,"197":0,"198":0,"199":0,"200":0,"201":0,"202":0,"203":0,"204":0,"205":0,"206":0,"207":0,"208":0,"209":0,"210":0,"211":0,"212":0,"213":0,"214":0,"215":0,"216":0,"217":0,"218":0,"219":0,"220":0,"221":0,"222":0,"223":0,"224":0,"225":0,"226":0,"227":0,"228":0,"229":0,"230":0,"231":0,"232":0,"233":0,"234":0,"235":0,"236":0,"237":0,"238":0,"239":0,"240":0,"241":0,"242":0,"243":0,"244":0,"245":0,"246":0,"247":0,"248":0,"249":0,"250":0,"251":0,"252":0,"253":0,"254":0,"255":0,"256":0,"257":0,"258":0,"259":0,"260":0,"261":0,"262":0,"263":0,"264":0,"265":0,"266":0,"267":0,"268":0,"269":0,"270":0,"271":0,"272":0,"273":0,"274":0,"275":0,"276":0,"277":0,"278":0,"279":0,"280":0,"281":0,"282":0,"283":0,"284":0,"285":0,"286":0,"287":0,"288":0,"289":0,"290":0,"291":0,"292":0,"293":0,"294":0,"295":0,"296":0,"297":0,"298":0,"299":0,"300":0,"301":0,"302":0,"303":0,"304":0,"305":0,"306":0,"307":0,"308":0,"309":0,"310":0,"311":0,"312":0,"313":0,"314":0,"315":0,"316":0,"317":0,"318":0,"319":0,"320":0,"321":0,"322":0,"323":0,"324":0,"325":0,"326":0,"327":0,"328":0,"329":0,"330":0,"331":0,"332":0,"333":0,"334":0,"335":0,"336":0,"337":0,"338":0,"339":0,"340":0,"341":0,"342":0,"343":0,"344":0,"345":0,"346":0,"347":0,"348":0,"349":0,"350":0,"351":0,"352":0,"353":0,"354":0,"355":0,"356":0,"357":0,"358":0,"359":0,"360":0,"361":0,"362":0,"363":0,"364":0,"365":0,"366":0,"367":0,"368":0,"369":0,"370":0,"371":0,"372":0,"373":0,"374":0,"375":0,"376":0,"377":0,"378":0,"379":0,"380":0,"381":0,"382":0,"383":0,"384":0,"385":0,"386":0,"387":0,"388":0,"389":0,"390":0,"391":0,"392":0,"393":0,"394":0,"395":0,"396":0,"397":0,"398":0,"399":0,"400":0,"401":0,"402":0,"403":0,"404":0,"405":0,"406":0,"407":0,"408":0,"409":0,"410":0,"411":0,"412":0,"413":0,"414":0,"415":0,"416":0,"417":0,"418":0,"419":0,"420":0,"421":0,"422":0,"423":0,"424":0,"425":0,"426":0,"427":0,"428":0,"429":0,"430":0,"431":0,"432":0,"433":0,"434":0,"435":0,"436":0,"437":0,"438":0,"439":0,"440":0,"441":0,"442":0,"443":0,"444":0,"445":0,"446":0,"447":0,"448":0,"449":0,"450":0,"451":0,"452":0,"453":0,"454":0,"455":0,"456":0,"457":0,"458":0,"459":0,"460":0,"461":0,"462":0,"463":0,"464":0,"465":0,"466":0,"467":0,"468":0,"469":0,"470":0,"471":0,"472":0,"473":0,"474":0,"475":0,"476":0,"477":0,"478":0,"479":0,"480":0,"481":0,"482":0,"483":0,"484":0,"485":0,"486":0,"487":0,"488":0,"489":0},"b":{"1":[0,0],"2":[0,0],"3":[0,0],"4":[0,0],"5":[0,0],"6":[0,0],"7":[0,0],"8":[0,0],"9":[0,0],"10":[0,0],"11":[0,0],"12":[0,0],"13":[0,0],"14":[0,0],"15":[0,0],"16":[0,0],"17":[0,0],"18":[0,0],"19":[0,0],"20":[0,0],"21":[0,0],"22":[0,0],"23":[0,0],"24":[0,0],"25":[0,0],"26":[0,0],"27":[0,0],"28":[0,0],"29":[0,0],"30":[0,0],"31":[0,0],"32":[0,0],"33":[0,0],"34":[0,0],"35":[0,0],"36":[0,0],"37":[0,0],"38":[0,0],"39":[0,0],"40":[0,0],"41":[0,0],"42":[0,0],"43":[0,0],"44":[0,0],"45":[0,0],"46":[0,0],"47":[0,0],"48":[0,0],"49":[0,0],"50":[0,0],"51":[0,0],"52":[0,0],"53":[0,0],"54":[0,0],"55":[0,0],"56":[0,0],"57":[0,0],"58":[0,0],"59":[0,0],"60":[0,0],"61":[0,0],"62":[0,0],"63":[0,0],"64":[0,0],"65":[0,0],"66":[0,0],"67":[0,0],"68":[0,0],"69":[0,0],"70":[0,0],"71":[0,0],"72":[0,0],"73":[0,0],"74":[0,0],"75":[0,0],"76":[0,0],"77":[0,0],"78":[0,0],"79":[0,0],"80":[0,0],"81":[0,0],"82":[0,0],"83":[0,0],"84":[0,0],"85":[0,0],"86":[0,0],"87":[0,0],"88":[0,0],"89":[0,0],"90":[0,0],"91":[0,0],"92":[0,0],"93":[0,0],"94":[0,0],"95":[0,0],"96":[0,0],"97":[0,0]},"f":{"1":0,"2":0,"3":0,"4":0,"5":0,"6":0,"7":0,"8":0,"9":0,"10":0,"11":0,"12":0,"13":0,"14":0,"15":0,"16":0,"17":0,"18":0,"19":0,"20":0,"21":0,"22":0,"23":0,"24":0,"25":0,"26":0,"27":0,"28":0,"29":0,"30":0,"31":0,"32":0,"33":0,"34":0,"35":0,"36":0,"37":0,"38":0,"39":0,"40":0,"41":0,"42":0,"43":0,"44":0,"45":0,"46":0,"47":0,"48":0,"49":0,"50":0,"51":0,"52":0,"53":0,"54":0,"55":0,"56":0,"57":0,"58":0,"59":0,"60":0,"61":0,"62":0,"63":0,"64":0,"65":0,"66":0,"67":0,"68":0,"69":0,"70":0,"71":0,"72":0,"73":0,"74":0,"75":0,"76":0,"77":0,"78":0,"79":0,"80":0,"81":0,"82":0,"83":0,"84":0,"85":0,"86":0,"87":0,"88":0,"89":0,"90":0,"91":0,"92":0,"93":0,"94":0,"95":0,"96":0,"97":0,"98":0,"99":0,"100":0,"101":0,"102":0,"103":0,"104":0,"105":0,"106":0,"107":0,"108":0,"109":0,"110":0,"111":0,"112":0,"113":0,"114":0,"115":0,"116":0,"117":0,"118":0,"119":0,"120":0,"121":0,"122":0,"123":0,"124":0,"125":0,"126":0,"127":0,"128":0,"129":0,"130":0,"131":0,"132":0,"133":0,"134":0,"135":0,"136":0,"137":0,"138":0,"139":0,"140":0,"141":0,"142":0,"143":0,"144":0,"145":0,"146":0,"147":0,"148":0,"149":0,"150":0,"151":0,"152":0,"153":0,"154":0,"155":0,"156":0,"157":0,"158":0,"159":0,"160":0,"161":0,"162":0,"163":0,"164":0,"165":0,"166":0,"167":0,"168":0,"169":0,"170":0,"171":0,"172":0,"173":0,"174":0,"175":0,"176":0,"177":0,"178":0,"179":0,"180":0,"181":0,"182":0,"183":0,"184":0,"185":0,"186":0,"187":0,"188":0,"189":0,"190":0,"191":0,"192":0,"193":0,"194":0,"195":0},"fnMap":{"1":{"name":"(anonymous_1)","line":5,"loc":{"start":{"line":5,"column":24},"end":{"line":5,"column":34}}},"2":{"name":"(anonymous_2)","line":7,"loc":{"start":{"line":7,"column":21},"end":{"line":7,"column":35}}},"3":{"name":"(anonymous_3)","line":13,"loc":{"start":{"line":13,"column":9},"end":{"line":13,"column":26}}},"4":{"name":"(anonymous_4)","line":19,"loc":{"start":{"line":19,"column":39},"end":{"line":19,"column":53}}},"5":{"name":"(anonymous_5)","line":25,"loc":{"start":{"line":25,"column":9},"end":{"line":25,"column":26}}},"6":{"name":"(anonymous_6)","line":31,"loc":{"start":{"line":31,"column":35},"end":{"line":31,"column":49}}},"7":{"name":"(anonymous_7)","line":37,"loc":{"start":{"line":37,"column":9},"end":{"line":37,"column":26}}},"8":{"name":"(anonymous_8)","line":43,"loc":{"start":{"line":43,"column":23},"end":{"line":43,"column":37}}},"9":{"name":"(anonymous_9)","line":50,"loc":{"start":{"line":50,"column":9},"end":{"line":50,"column":26}}},"10":{"name":"(anonymous_10)","line":56,"loc":{"start":{"line":56,"column":50},"end":{"line":56,"column":64}}},"11":{"name":"(anonymous_11)","line":62,"loc":{"start":{"line":62,"column":9},"end":{"line":62,"column":26}}},"12":{"name":"(anonymous_12)","line":68,"loc":{"start":{"line":68,"column":84},"end":{"line":68,"column":98}}},"13":{"name":"(anonymous_13)","line":74,"loc":{"start":{"line":74,"column":9},"end":{"line":74,"column":26}}},"14":{"name":"(anonymous_14)","line":80,"loc":{"start":{"line":80,"column":40},"end":{"line":80,"column":54}}},"15":{"name":"(anonymous_15)","line":87,"loc":{"start":{"line":87,"column":9},"end":{"line":87,"column":26}}},"16":{"name":"(anonymous_16)","line":93,"loc":{"start":{"line":93,"column":24},"end":{"line":93,"column":38}}},"17":{"name":"(anonymous_17)","line":100,"loc":{"start":{"line":100,"column":9},"end":{"line":100,"column":26}}},"18":{"name":"(anonymous_18)","line":106,"loc":{"start":{"line":106,"column":22},"end":{"line":106,"column":36}}},"19":{"name":"(anonymous_19)","line":113,"loc":{"start":{"line":113,"column":9},"end":{"line":113,"column":26}}},"20":{"name":"(anonymous_20)","line":119,"loc":{"start":{"line":119,"column":23},"end":{"line":119,"column":37}}},"21":{"name":"(anonymous_21)","line":126,"loc":{"start":{"line":126,"column":9},"end":{"line":126,"column":26}}},"22":{"name":"(anonymous_22)","line":132,"loc":{"start":{"line":132,"column":34},"end":{"line":132,"column":48}}},"23":{"name":"(anonymous_23)","line":139,"loc":{"start":{"line":139,"column":9},"end":{"line":139,"column":26}}},"24":{"name":"(anonymous_24)","line":145,"loc":{"start":{"line":145,"column":35},"end":{"line":145,"column":49}}},"25":{"name":"(anonymous_25)","line":152,"loc":{"start":{"line":152,"column":9},"end":{"line":152,"column":26}}},"26":{"name":"(anonymous_26)","line":158,"loc":{"start":{"line":158,"column":23},"end":{"line":158,"column":37}}},"27":{"name":"(anonymous_27)","line":165,"loc":{"start":{"line":165,"column":9},"end":{"line":165,"column":26}}},"28":{"name":"(anonymous_28)","line":171,"loc":{"start":{"line":171,"column":24},"end":{"line":171,"column":38}}},"29":{"name":"(anonymous_29)","line":178,"loc":{"start":{"line":178,"column":9},"end":{"line":178,"column":26}}},"30":{"name":"(anonymous_30)","line":184,"loc":{"start":{"line":184,"column":21},"end":{"line":184,"column":35}}},"31":{"name":"(anonymous_31)","line":191,"loc":{"start":{"line":191,"column":9},"end":{"line":191,"column":26}}},"32":{"name":"(anonymous_32)","line":197,"loc":{"start":{"line":197,"column":26},"end":{"line":197,"column":40}}},"33":{"name":"(anonymous_33)","line":204,"loc":{"start":{"line":204,"column":9},"end":{"line":204,"column":26}}},"34":{"name":"(anonymous_34)","line":210,"loc":{"start":{"line":210,"column":21},"end":{"line":210,"column":35}}},"35":{"name":"(anonymous_35)","line":217,"loc":{"start":{"line":217,"column":9},"end":{"line":217,"column":26}}},"36":{"name":"(anonymous_36)","line":223,"loc":{"start":{"line":223,"column":42},"end":{"line":223,"column":56}}},"37":{"name":"(anonymous_37)","line":230,"loc":{"start":{"line":230,"column":9},"end":{"line":230,"column":26}}},"38":{"name":"(anonymous_38)","line":236,"loc":{"start":{"line":236,"column":42},"end":{"line":236,"column":56}}},"39":{"name":"(anonymous_39)","line":243,"loc":{"start":{"line":243,"column":9},"end":{"line":243,"column":26}}},"40":{"name":"(anonymous_40)","line":249,"loc":{"start":{"line":249,"column":31},"end":{"line":249,"column":45}}},"41":{"name":"(anonymous_41)","line":256,"loc":{"start":{"line":256,"column":9},"end":{"line":256,"column":26}}},"42":{"name":"(anonymous_42)","line":262,"loc":{"start":{"line":262,"column":22},"end":{"line":262,"column":36}}},"43":{"name":"(anonymous_43)","line":269,"loc":{"start":{"line":269,"column":9},"end":{"line":269,"column":26}}},"44":{"name":"(anonymous_44)","line":275,"loc":{"start":{"line":275,"column":23},"end":{"line":275,"column":37}}},"45":{"name":"(anonymous_45)","line":282,"loc":{"start":{"line":282,"column":9},"end":{"line":282,"column":26}}},"46":{"name":"(anonymous_46)","line":288,"loc":{"start":{"line":288,"column":23},"end":{"line":288,"column":37}}},"47":{"name":"(anonymous_47)","line":295,"loc":{"start":{"line":295,"column":9},"end":{"line":295,"column":26}}},"48":{"name":"(anonymous_48)","line":301,"loc":{"start":{"line":301,"column":22},"end":{"line":301,"column":36}}},"49":{"name":"(anonymous_49)","line":308,"loc":{"start":{"line":308,"column":9},"end":{"line":308,"column":26}}},"50":{"name":"(anonymous_50)","line":314,"loc":{"start":{"line":314,"column":30},"end":{"line":314,"column":44}}},"51":{"name":"(anonymous_51)","line":321,"loc":{"start":{"line":321,"column":9},"end":{"line":321,"column":26}}},"52":{"name":"(anonymous_52)","line":327,"loc":{"start":{"line":327,"column":39},"end":{"line":327,"column":53}}},"53":{"name":"(anonymous_53)","line":334,"loc":{"start":{"line":334,"column":9},"end":{"line":334,"column":26}}},"54":{"name":"(anonymous_54)","line":340,"loc":{"start":{"line":340,"column":20},"end":{"line":340,"column":34}}},"55":{"name":"(anonymous_55)","line":347,"loc":{"start":{"line":347,"column":9},"end":{"line":347,"column":26}}},"56":{"name":"(anonymous_56)","line":353,"loc":{"start":{"line":353,"column":26},"end":{"line":353,"column":40}}},"57":{"name":"(anonymous_57)","line":360,"loc":{"start":{"line":360,"column":9},"end":{"line":360,"column":26}}},"58":{"name":"(anonymous_58)","line":366,"loc":{"start":{"line":366,"column":45},"end":{"line":366,"column":59}}},"59":{"name":"(anonymous_59)","line":373,"loc":{"start":{"line":373,"column":9},"end":{"line":373,"column":26}}},"60":{"name":"(anonymous_60)","line":379,"loc":{"start":{"line":379,"column":29},"end":{"line":379,"column":43}}},"61":{"name":"(anonymous_61)","line":386,"loc":{"start":{"line":386,"column":9},"end":{"line":386,"column":26}}},"62":{"name":"(anonymous_62)","line":392,"loc":{"start":{"line":392,"column":27},"end":{"line":392,"column":41}}},"63":{"name":"(anonymous_63)","line":399,"loc":{"start":{"line":399,"column":9},"end":{"line":399,"column":26}}},"64":{"name":"(anonymous_64)","line":405,"loc":{"start":{"line":405,"column":28},"end":{"line":405,"column":42}}},"65":{"name":"(anonymous_65)","line":412,"loc":{"start":{"line":412,"column":9},"end":{"line":412,"column":26}}},"66":{"name":"(anonymous_66)","line":418,"loc":{"start":{"line":418,"column":39},"end":{"line":418,"column":53}}},"67":{"name":"(anonymous_67)","line":425,"loc":{"start":{"line":425,"column":9},"end":{"line":425,"column":26}}},"68":{"name":"(anonymous_68)","line":431,"loc":{"start":{"line":431,"column":39},"end":{"line":431,"column":53}}},"69":{"name":"(anonymous_69)","line":438,"loc":{"start":{"line":438,"column":9},"end":{"line":438,"column":26}}},"70":{"name":"(anonymous_70)","line":444,"loc":{"start":{"line":444,"column":26},"end":{"line":444,"column":40}}},"71":{"name":"(anonymous_71)","line":451,"loc":{"start":{"line":451,"column":9},"end":{"line":451,"column":26}}},"72":{"name":"(anonymous_72)","line":457,"loc":{"start":{"line":457,"column":28},"end":{"line":457,"column":42}}},"73":{"name":"(anonymous_73)","line":464,"loc":{"start":{"line":464,"column":9},"end":{"line":464,"column":26}}},"74":{"name":"(anonymous_74)","line":470,"loc":{"start":{"line":470,"column":29},"end":{"line":470,"column":43}}},"75":{"name":"(anonymous_75)","line":477,"loc":{"start":{"line":477,"column":9},"end":{"line":477,"column":26}}},"76":{"name":"(anonymous_76)","line":483,"loc":{"start":{"line":483,"column":26},"end":{"line":483,"column":40}}},"77":{"name":"(anonymous_77)","line":490,"loc":{"start":{"line":490,"column":9},"end":{"line":490,"column":26}}},"78":{"name":"(anonymous_78)","line":496,"loc":{"start":{"line":496,"column":31},"end":{"line":496,"column":45}}},"79":{"name":"(anonymous_79)","line":503,"loc":{"start":{"line":503,"column":9},"end":{"line":503,"column":26}}},"80":{"name":"(anonymous_80)","line":509,"loc":{"start":{"line":509,"column":26},"end":{"line":509,"column":40}}},"81":{"name":"(anonymous_81)","line":516,"loc":{"start":{"line":516,"column":9},"end":{"line":516,"column":26}}},"82":{"name":"(anonymous_82)","line":522,"loc":{"start":{"line":522,"column":47},"end":{"line":522,"column":61}}},"83":{"name":"(anonymous_83)","line":529,"loc":{"start":{"line":529,"column":9},"end":{"line":529,"column":26}}},"84":{"name":"(anonymous_84)","line":535,"loc":{"start":{"line":535,"column":47},"end":{"line":535,"column":61}}},"85":{"name":"(anonymous_85)","line":542,"loc":{"start":{"line":542,"column":9},"end":{"line":542,"column":26}}},"86":{"name":"(anonymous_86)","line":548,"loc":{"start":{"line":548,"column":36},"end":{"line":548,"column":50}}},"87":{"name":"(anonymous_87)","line":555,"loc":{"start":{"line":555,"column":9},"end":{"line":555,"column":26}}},"88":{"name":"(anonymous_88)","line":561,"loc":{"start":{"line":561,"column":27},"end":{"line":561,"column":41}}},"89":{"name":"(anonymous_89)","line":568,"loc":{"start":{"line":568,"column":9},"end":{"line":568,"column":26}}},"90":{"name":"(anonymous_90)","line":574,"loc":{"start":{"line":574,"column":28},"end":{"line":574,"column":42}}},"91":{"name":"(anonymous_91)","line":581,"loc":{"start":{"line":581,"column":9},"end":{"line":581,"column":26}}},"92":{"name":"(anonymous_92)","line":587,"loc":{"start":{"line":587,"column":28},"end":{"line":587,"column":42}}},"93":{"name":"(anonymous_93)","line":594,"loc":{"start":{"line":594,"column":9},"end":{"line":594,"column":26}}},"94":{"name":"(anonymous_94)","line":600,"loc":{"start":{"line":600,"column":27},"end":{"line":600,"column":41}}},"95":{"name":"(anonymous_95)","line":607,"loc":{"start":{"line":607,"column":9},"end":{"line":607,"column":26}}},"96":{"name":"(anonymous_96)","line":613,"loc":{"start":{"line":613,"column":35},"end":{"line":613,"column":49}}},"97":{"name":"(anonymous_97)","line":620,"loc":{"start":{"line":620,"column":9},"end":{"line":620,"column":26}}},"98":{"name":"(anonymous_98)","line":626,"loc":{"start":{"line":626,"column":44},"end":{"line":626,"column":58}}},"99":{"name":"(anonymous_99)","line":633,"loc":{"start":{"line":633,"column":9},"end":{"line":633,"column":26}}},"100":{"name":"(anonymous_100)","line":639,"loc":{"start":{"line":639,"column":25},"end":{"line":639,"column":39}}},"101":{"name":"(anonymous_101)","line":646,"loc":{"start":{"line":646,"column":9},"end":{"line":646,"column":26}}},"102":{"name":"(anonymous_102)","line":652,"loc":{"start":{"line":652,"column":24},"end":{"line":652,"column":38}}},"103":{"name":"(anonymous_103)","line":659,"loc":{"start":{"line":659,"column":9},"end":{"line":659,"column":26}}},"104":{"name":"(anonymous_104)","line":665,"loc":{"start":{"line":665,"column":43},"end":{"line":665,"column":57}}},"105":{"name":"(anonymous_105)","line":672,"loc":{"start":{"line":672,"column":9},"end":{"line":672,"column":26}}},"106":{"name":"(anonymous_106)","line":678,"loc":{"start":{"line":678,"column":27},"end":{"line":678,"column":41}}},"107":{"name":"(anonymous_107)","line":685,"loc":{"start":{"line":685,"column":9},"end":{"line":685,"column":26}}},"108":{"name":"(anonymous_108)","line":691,"loc":{"start":{"line":691,"column":25},"end":{"line":691,"column":39}}},"109":{"name":"(anonymous_109)","line":698,"loc":{"start":{"line":698,"column":9},"end":{"line":698,"column":26}}},"110":{"name":"(anonymous_110)","line":704,"loc":{"start":{"line":704,"column":27},"end":{"line":704,"column":41}}},"111":{"name":"(anonymous_111)","line":711,"loc":{"start":{"line":711,"column":9},"end":{"line":711,"column":26}}},"112":{"name":"(anonymous_112)","line":717,"loc":{"start":{"line":717,"column":37},"end":{"line":717,"column":51}}},"113":{"name":"(anonymous_113)","line":724,"loc":{"start":{"line":724,"column":9},"end":{"line":724,"column":26}}},"114":{"name":"(anonymous_114)","line":730,"loc":{"start":{"line":730,"column":38},"end":{"line":730,"column":52}}},"115":{"name":"(anonymous_115)","line":737,"loc":{"start":{"line":737,"column":9},"end":{"line":737,"column":26}}},"116":{"name":"(anonymous_116)","line":743,"loc":{"start":{"line":743,"column":26},"end":{"line":743,"column":40}}},"117":{"name":"(anonymous_117)","line":750,"loc":{"start":{"line":750,"column":9},"end":{"line":750,"column":26}}},"118":{"name":"(anonymous_118)","line":756,"loc":{"start":{"line":756,"column":27},"end":{"line":756,"column":41}}},"119":{"name":"(anonymous_119)","line":763,"loc":{"start":{"line":763,"column":9},"end":{"line":763,"column":26}}},"120":{"name":"(anonymous_120)","line":769,"loc":{"start":{"line":769,"column":24},"end":{"line":769,"column":38}}},"121":{"name":"(anonymous_121)","line":776,"loc":{"start":{"line":776,"column":9},"end":{"line":776,"column":26}}},"122":{"name":"(anonymous_122)","line":782,"loc":{"start":{"line":782,"column":29},"end":{"line":782,"column":43}}},"123":{"name":"(anonymous_123)","line":789,"loc":{"start":{"line":789,"column":9},"end":{"line":789,"column":26}}},"124":{"name":"(anonymous_124)","line":795,"loc":{"start":{"line":795,"column":24},"end":{"line":795,"column":38}}},"125":{"name":"(anonymous_125)","line":802,"loc":{"start":{"line":802,"column":9},"end":{"line":802,"column":26}}},"126":{"name":"(anonymous_126)","line":808,"loc":{"start":{"line":808,"column":45},"end":{"line":808,"column":59}}},"127":{"name":"(anonymous_127)","line":815,"loc":{"start":{"line":815,"column":9},"end":{"line":815,"column":26}}},"128":{"name":"(anonymous_128)","line":821,"loc":{"start":{"line":821,"column":45},"end":{"line":821,"column":59}}},"129":{"name":"(anonymous_129)","line":828,"loc":{"start":{"line":828,"column":9},"end":{"line":828,"column":26}}},"130":{"name":"(anonymous_130)","line":834,"loc":{"start":{"line":834,"column":34},"end":{"line":834,"column":48}}},"131":{"name":"(anonymous_131)","line":841,"loc":{"start":{"line":841,"column":9},"end":{"line":841,"column":26}}},"132":{"name":"(anonymous_132)","line":847,"loc":{"start":{"line":847,"column":25},"end":{"line":847,"column":39}}},"133":{"name":"(anonymous_133)","line":854,"loc":{"start":{"line":854,"column":9},"end":{"line":854,"column":26}}},"134":{"name":"(anonymous_134)","line":860,"loc":{"start":{"line":860,"column":26},"end":{"line":860,"column":40}}},"135":{"name":"(anonymous_135)","line":867,"loc":{"start":{"line":867,"column":9},"end":{"line":867,"column":26}}},"136":{"name":"(anonymous_136)","line":873,"loc":{"start":{"line":873,"column":26},"end":{"line":873,"column":40}}},"137":{"name":"(anonymous_137)","line":880,"loc":{"start":{"line":880,"column":9},"end":{"line":880,"column":26}}},"138":{"name":"(anonymous_138)","line":886,"loc":{"start":{"line":886,"column":25},"end":{"line":886,"column":39}}},"139":{"name":"(anonymous_139)","line":893,"loc":{"start":{"line":893,"column":9},"end":{"line":893,"column":26}}},"140":{"name":"(anonymous_140)","line":899,"loc":{"start":{"line":899,"column":33},"end":{"line":899,"column":47}}},"141":{"name":"(anonymous_141)","line":906,"loc":{"start":{"line":906,"column":9},"end":{"line":906,"column":26}}},"142":{"name":"(anonymous_142)","line":912,"loc":{"start":{"line":912,"column":42},"end":{"line":912,"column":56}}},"143":{"name":"(anonymous_143)","line":919,"loc":{"start":{"line":919,"column":9},"end":{"line":919,"column":26}}},"144":{"name":"(anonymous_144)","line":925,"loc":{"start":{"line":925,"column":23},"end":{"line":925,"column":37}}},"145":{"name":"(anonymous_145)","line":932,"loc":{"start":{"line":932,"column":9},"end":{"line":932,"column":26}}},"146":{"name":"(anonymous_146)","line":938,"loc":{"start":{"line":938,"column":28},"end":{"line":938,"column":42}}},"147":{"name":"(anonymous_147)","line":944,"loc":{"start":{"line":944,"column":9},"end":{"line":944,"column":26}}},"148":{"name":"(anonymous_148)","line":950,"loc":{"start":{"line":950,"column":33},"end":{"line":950,"column":47}}},"149":{"name":"(anonymous_149)","line":956,"loc":{"start":{"line":956,"column":9},"end":{"line":956,"column":26}}},"150":{"name":"(anonymous_150)","line":962,"loc":{"start":{"line":962,"column":36},"end":{"line":962,"column":50}}},"151":{"name":"(anonymous_151)","line":968,"loc":{"start":{"line":968,"column":9},"end":{"line":968,"column":26}}},"152":{"name":"(anonymous_152)","line":974,"loc":{"start":{"line":974,"column":47},"end":{"line":974,"column":61}}},"153":{"name":"(anonymous_153)","line":980,"loc":{"start":{"line":980,"column":9},"end":{"line":980,"column":26}}},"154":{"name":"(anonymous_154)","line":986,"loc":{"start":{"line":986,"column":28},"end":{"line":986,"column":42}}},"155":{"name":"(anonymous_155)","line":992,"loc":{"start":{"line":992,"column":9},"end":{"line":992,"column":26}}},"156":{"name":"(anonymous_156)","line":998,"loc":{"start":{"line":998,"column":28},"end":{"line":998,"column":42}}},"157":{"name":"(anonymous_157)","line":1004,"loc":{"start":{"line":1004,"column":9},"end":{"line":1004,"column":26}}},"158":{"name":"(anonymous_158)","line":1010,"loc":{"start":{"line":1010,"column":28},"end":{"line":1010,"column":42}}},"159":{"name":"(anonymous_159)","line":1016,"loc":{"start":{"line":1016,"column":9},"end":{"line":1016,"column":26}}},"160":{"name":"(anonymous_160)","line":1022,"loc":{"start":{"line":1022,"column":40},"end":{"line":1022,"column":54}}},"161":{"name":"(anonymous_161)","line":1028,"loc":{"start":{"line":1028,"column":9},"end":{"line":1028,"column":26}}},"162":{"name":"(anonymous_162)","line":1034,"loc":{"start":{"line":1034,"column":39},"end":{"line":1034,"column":53}}},"163":{"name":"(anonymous_163)","line":1040,"loc":{"start":{"line":1040,"column":9},"end":{"line":1040,"column":26}}},"164":{"name":"(anonymous_164)","line":1046,"loc":{"start":{"line":1046,"column":25},"end":{"line":1046,"column":39}}},"165":{"name":"(anonymous_165)","line":1052,"loc":{"start":{"line":1052,"column":9},"end":{"line":1052,"column":26}}},"166":{"name":"(anonymous_166)","line":1058,"loc":{"start":{"line":1058,"column":28},"end":{"line":1058,"column":42}}},"167":{"name":"(anonymous_167)","line":1064,"loc":{"start":{"line":1064,"column":9},"end":{"line":1064,"column":26}}},"168":{"name":"(anonymous_168)","line":1070,"loc":{"start":{"line":1070,"column":30},"end":{"line":1070,"column":44}}},"169":{"name":"(anonymous_169)","line":1076,"loc":{"start":{"line":1076,"column":9},"end":{"line":1076,"column":26}}},"170":{"name":"(anonymous_170)","line":1082,"loc":{"start":{"line":1082,"column":27},"end":{"line":1082,"column":41}}},"171":{"name":"(anonymous_171)","line":1088,"loc":{"start":{"line":1088,"column":9},"end":{"line":1088,"column":26}}},"172":{"name":"(anonymous_172)","line":1094,"loc":{"start":{"line":1094,"column":30},"end":{"line":1094,"column":44}}},"173":{"name":"(anonymous_173)","line":1100,"loc":{"start":{"line":1100,"column":9},"end":{"line":1100,"column":26}}},"174":{"name":"(anonymous_174)","line":1106,"loc":{"start":{"line":1106,"column":27},"end":{"line":1106,"column":41}}},"175":{"name":"(anonymous_175)","line":1112,"loc":{"start":{"line":1112,"column":9},"end":{"line":1112,"column":26}}},"176":{"name":"(anonymous_176)","line":1118,"loc":{"start":{"line":1118,"column":44},"end":{"line":1118,"column":58}}},"177":{"name":"(anonymous_177)","line":1124,"loc":{"start":{"line":1124,"column":9},"end":{"line":1124,"column":26}}},"178":{"name":"(anonymous_178)","line":1130,"loc":{"start":{"line":1130,"column":44},"end":{"line":1130,"column":58}}},"179":{"name":"(anonymous_179)","line":1136,"loc":{"start":{"line":1136,"column":9},"end":{"line":1136,"column":26}}},"180":{"name":"(anonymous_180)","line":1142,"loc":{"start":{"line":1142,"column":36},"end":{"line":1142,"column":50}}},"181":{"name":"(anonymous_181)","line":1148,"loc":{"start":{"line":1148,"column":9},"end":{"line":1148,"column":26}}},"182":{"name":"(anonymous_182)","line":1154,"loc":{"start":{"line":1154,"column":27},"end":{"line":1154,"column":41}}},"183":{"name":"(anonymous_183)","line":1160,"loc":{"start":{"line":1160,"column":9},"end":{"line":1160,"column":26}}},"184":{"name":"(anonymous_184)","line":1166,"loc":{"start":{"line":1166,"column":27},"end":{"line":1166,"column":41}}},"185":{"name":"(anonymous_185)","line":1172,"loc":{"start":{"line":1172,"column":9},"end":{"line":1172,"column":26}}},"186":{"name":"(anonymous_186)","line":1178,"loc":{"start":{"line":1178,"column":27},"end":{"line":1178,"column":41}}},"187":{"name":"(anonymous_187)","line":1184,"loc":{"start":{"line":1184,"column":9},"end":{"line":1184,"column":26}}},"188":{"name":"(anonymous_188)","line":1190,"loc":{"start":{"line":1190,"column":27},"end":{"line":1190,"column":41}}},"189":{"name":"(anonymous_189)","line":1196,"loc":{"start":{"line":1196,"column":9},"end":{"line":1196,"column":26}}},"190":{"name":"(anonymous_190)","line":1202,"loc":{"start":{"line":1202,"column":35},"end":{"line":1202,"column":49}}},"191":{"name":"(anonymous_191)","line":1208,"loc":{"start":{"line":1208,"column":9},"end":{"line":1208,"column":26}}},"192":{"name":"(anonymous_192)","line":1214,"loc":{"start":{"line":1214,"column":41},"end":{"line":1214,"column":55}}},"193":{"name":"(anonymous_193)","line":1220,"loc":{"start":{"line":1220,"column":9},"end":{"line":1220,"column":26}}},"194":{"name":"(anonymous_194)","line":1226,"loc":{"start":{"line":1226,"column":25},"end":{"line":1226,"column":39}}},"195":{"name":"(anonymous_195)","line":1232,"loc":{"start":{"line":1232,"column":9},"end":{"line":1232,"column":26}}}},"statementMap":{"1":{"start":{"line":1,"column":0},"end":{"line":1,"column":37}},"2":{"start":{"line":2,"column":0},"end":{"line":2,"column":70}},"3":{"start":{"line":3,"column":0},"end":{"line":3,"column":31}},"4":{"start":{"line":5,"column":0},"end":{"line":1237,"column":3}},"5":{"start":{"line":7,"column":2},"end":{"line":17,"column":5}},"6":{"start":{"line":9,"column":4},"end":{"line":16,"column":7}},"7":{"start":{"line":14,"column":6},"end":{"line":14,"column":24}},"8":{"start":{"line":14,"column":14},"end":{"line":14,"column":24}},"9":{"start":{"line":15,"column":6},"end":{"line":15,"column":13}},"10":{"start":{"line":19,"column":2},"end":{"line":29,"column":5}},"11":{"start":{"line":21,"column":4},"end":{"line":28,"column":7}},"12":{"start":{"line":26,"column":6},"end":{"line":26,"column":24}},"13":{"start":{"line":26,"column":14},"end":{"line":26,"column":24}},"14":{"start":{"line":27,"column":6},"end":{"line":27,"column":13}},"15":{"start":{"line":31,"column":2},"end":{"line":41,"column":5}},"16":{"start":{"line":33,"column":4},"end":{"line":40,"column":7}},"17":{"start":{"line":38,"column":6},"end":{"line":38,"column":24}},"18":{"start":{"line":38,"column":14},"end":{"line":38,"column":24}},"19":{"start":{"line":39,"column":6},"end":{"line":39,"column":13}},"20":{"start":{"line":43,"column":2},"end":{"line":54,"column":5}},"21":{"start":{"line":45,"column":4},"end":{"line":53,"column":7}},"22":{"start":{"line":51,"column":6},"end":{"line":51,"column":24}},"23":{"start":{"line":51,"column":14},"end":{"line":51,"column":24}},"24":{"start":{"line":52,"column":6},"end":{"line":52,"column":13}},"25":{"start":{"line":56,"column":2},"end":{"line":66,"column":5}},"26":{"start":{"line":58,"column":4},"end":{"line":65,"column":7}},"27":{"start":{"line":63,"column":6},"end":{"line":63,"column":24}},"28":{"start":{"line":63,"column":14},"end":{"line":63,"column":24}},"29":{"start":{"line":64,"column":6},"end":{"line":64,"column":13}},"30":{"start":{"line":68,"column":2},"end":{"line":78,"column":5}},"31":{"start":{"line":70,"column":4},"end":{"line":77,"column":7}},"32":{"start":{"line":75,"column":6},"end":{"line":75,"column":24}},"33":{"start":{"line":75,"column":14},"end":{"line":75,"column":24}},"34":{"start":{"line":76,"column":6},"end":{"line":76,"column":13}},"35":{"start":{"line":80,"column":2},"end":{"line":91,"column":5}},"36":{"start":{"line":82,"column":4},"end":{"line":90,"column":7}},"37":{"start":{"line":88,"column":6},"end":{"line":88,"column":24}},"38":{"start":{"line":88,"column":14},"end":{"line":88,"column":24}},"39":{"start":{"line":89,"column":6},"end":{"line":89,"column":13}},"40":{"start":{"line":93,"column":2},"end":{"line":104,"column":5}},"41":{"start":{"line":95,"column":4},"end":{"line":103,"column":7}},"42":{"start":{"line":101,"column":6},"end":{"line":101,"column":24}},"43":{"start":{"line":101,"column":14},"end":{"line":101,"column":24}},"44":{"start":{"line":102,"column":6},"end":{"line":102,"column":13}},"45":{"start":{"line":106,"column":2},"end":{"line":117,"column":5}},"46":{"start":{"line":108,"column":4},"end":{"line":116,"column":7}},"47":{"start":{"line":114,"column":6},"end":{"line":114,"column":24}},"48":{"start":{"line":114,"column":14},"end":{"line":114,"column":24}},"49":{"start":{"line":115,"column":6},"end":{"line":115,"column":13}},"50":{"start":{"line":119,"column":2},"end":{"line":130,"column":5}},"51":{"start":{"line":121,"column":4},"end":{"line":129,"column":7}},"52":{"start":{"line":127,"column":6},"end":{"line":127,"column":24}},"53":{"start":{"line":127,"column":14},"end":{"line":127,"column":24}},"54":{"start":{"line":128,"column":6},"end":{"line":128,"column":13}},"55":{"start":{"line":132,"column":2},"end":{"line":143,"column":5}},"56":{"start":{"line":134,"column":4},"end":{"line":142,"column":7}},"57":{"start":{"line":140,"column":6},"end":{"line":140,"column":24}},"58":{"start":{"line":140,"column":14},"end":{"line":140,"column":24}},"59":{"start":{"line":141,"column":6},"end":{"line":141,"column":13}},"60":{"start":{"line":145,"column":2},"end":{"line":156,"column":5}},"61":{"start":{"line":147,"column":4},"end":{"line":155,"column":7}},"62":{"start":{"line":153,"column":6},"end":{"line":153,"column":24}},"63":{"start":{"line":153,"column":14},"end":{"line":153,"column":24}},"64":{"start":{"line":154,"column":6},"end":{"line":154,"column":13}},"65":{"start":{"line":158,"column":2},"end":{"line":169,"column":5}},"66":{"start":{"line":160,"column":4},"end":{"line":168,"column":7}},"67":{"start":{"line":166,"column":6},"end":{"line":166,"column":24}},"68":{"start":{"line":166,"column":14},"end":{"line":166,"column":24}},"69":{"start":{"line":167,"column":6},"end":{"line":167,"column":13}},"70":{"start":{"line":171,"column":2},"end":{"line":182,"column":5}},"71":{"start":{"line":173,"column":4},"end":{"line":181,"column":7}},"72":{"start":{"line":179,"column":6},"end":{"line":179,"column":24}},"73":{"start":{"line":179,"column":14},"end":{"line":179,"column":24}},"74":{"start":{"line":180,"column":6},"end":{"line":180,"column":13}},"75":{"start":{"line":184,"column":2},"end":{"line":195,"column":5}},"76":{"start":{"line":186,"column":4},"end":{"line":194,"column":7}},"77":{"start":{"line":192,"column":6},"end":{"line":192,"column":24}},"78":{"start":{"line":192,"column":14},"end":{"line":192,"column":24}},"79":{"start":{"line":193,"column":6},"end":{"line":193,"column":13}},"80":{"start":{"line":197,"column":2},"end":{"line":208,"column":5}},"81":{"start":{"line":199,"column":4},"end":{"line":207,"column":7}},"82":{"start":{"line":205,"column":6},"end":{"line":205,"column":24}},"83":{"start":{"line":205,"column":14},"end":{"line":205,"column":24}},"84":{"start":{"line":206,"column":6},"end":{"line":206,"column":13}},"85":{"start":{"line":210,"column":2},"end":{"line":221,"column":5}},"86":{"start":{"line":212,"column":4},"end":{"line":220,"column":7}},"87":{"start":{"line":218,"column":6},"end":{"line":218,"column":24}},"88":{"start":{"line":218,"column":14},"end":{"line":218,"column":24}},"89":{"start":{"line":219,"column":6},"end":{"line":219,"column":13}},"90":{"start":{"line":223,"column":2},"end":{"line":234,"column":5}},"91":{"start":{"line":225,"column":4},"end":{"line":233,"column":7}},"92":{"start":{"line":231,"column":6},"end":{"line":231,"column":24}},"93":{"start":{"line":231,"column":14},"end":{"line":231,"column":24}},"94":{"start":{"line":232,"column":6},"end":{"line":232,"column":13}},"95":{"start":{"line":236,"column":2},"end":{"line":247,"column":5}},"96":{"start":{"line":238,"column":4},"end":{"line":246,"column":7}},"97":{"start":{"line":244,"column":6},"end":{"line":244,"column":24}},"98":{"start":{"line":244,"column":14},"end":{"line":244,"column":24}},"99":{"start":{"line":245,"column":6},"end":{"line":245,"column":13}},"100":{"start":{"line":249,"column":2},"end":{"line":260,"column":5}},"101":{"start":{"line":251,"column":4},"end":{"line":259,"column":7}},"102":{"start":{"line":257,"column":6},"end":{"line":257,"column":24}},"103":{"start":{"line":257,"column":14},"end":{"line":257,"column":24}},"104":{"start":{"line":258,"column":6},"end":{"line":258,"column":13}},"105":{"start":{"line":262,"column":2},"end":{"line":273,"column":5}},"106":{"start":{"line":264,"column":4},"end":{"line":272,"column":7}},"107":{"start":{"line":270,"column":6},"end":{"line":270,"column":24}},"108":{"start":{"line":270,"column":14},"end":{"line":270,"column":24}},"109":{"start":{"line":271,"column":6},"end":{"line":271,"column":13}},"110":{"start":{"line":275,"column":2},"end":{"line":286,"column":5}},"111":{"start":{"line":277,"column":4},"end":{"line":285,"column":7}},"112":{"start":{"line":283,"column":6},"end":{"line":283,"column":24}},"113":{"start":{"line":283,"column":14},"end":{"line":283,"column":24}},"114":{"start":{"line":284,"column":6},"end":{"line":284,"column":13}},"115":{"start":{"line":288,"column":2},"end":{"line":299,"column":5}},"116":{"start":{"line":290,"column":4},"end":{"line":298,"column":7}},"117":{"start":{"line":296,"column":6},"end":{"line":296,"column":24}},"118":{"start":{"line":296,"column":14},"end":{"line":296,"column":24}},"119":{"start":{"line":297,"column":6},"end":{"line":297,"column":13}},"120":{"start":{"line":301,"column":2},"end":{"line":312,"column":5}},"121":{"start":{"line":303,"column":4},"end":{"line":311,"column":7}},"122":{"start":{"line":309,"column":6},"end":{"line":309,"column":24}},"123":{"start":{"line":309,"column":14},"end":{"line":309,"column":24}},"124":{"start":{"line":310,"column":6},"end":{"line":310,"column":13}},"125":{"start":{"line":314,"column":2},"end":{"line":325,"column":5}},"126":{"start":{"line":316,"column":4},"end":{"line":324,"column":7}},"127":{"start":{"line":322,"column":6},"end":{"line":322,"column":24}},"128":{"start":{"line":322,"column":14},"end":{"line":322,"column":24}},"129":{"start":{"line":323,"column":6},"end":{"line":323,"column":13}},"130":{"start":{"line":327,"column":2},"end":{"line":338,"column":5}},"131":{"start":{"line":329,"column":4},"end":{"line":337,"column":7}},"132":{"start":{"line":335,"column":6},"end":{"line":335,"column":24}},"133":{"start":{"line":335,"column":14},"end":{"line":335,"column":24}},"134":{"start":{"line":336,"column":6},"end":{"line":336,"column":13}},"135":{"start":{"line":340,"column":2},"end":{"line":351,"column":5}},"136":{"start":{"line":342,"column":4},"end":{"line":350,"column":7}},"137":{"start":{"line":348,"column":6},"end":{"line":348,"column":24}},"138":{"start":{"line":348,"column":14},"end":{"line":348,"column":24}},"139":{"start":{"line":349,"column":6},"end":{"line":349,"column":13}},"140":{"start":{"line":353,"column":0},"end":{"line":364,"column":5}},"141":{"start":{"line":355,"column":4},"end":{"line":363,"column":7}},"142":{"start":{"line":361,"column":6},"end":{"line":361,"column":24}},"143":{"start":{"line":361,"column":14},"end":{"line":361,"column":24}},"144":{"start":{"line":362,"column":6},"end":{"line":362,"column":13}},"145":{"start":{"line":366,"column":2},"end":{"line":377,"column":5}},"146":{"start":{"line":368,"column":4},"end":{"line":376,"column":7}},"147":{"start":{"line":374,"column":6},"end":{"line":374,"column":24}},"148":{"start":{"line":374,"column":14},"end":{"line":374,"column":24}},"149":{"start":{"line":375,"column":6},"end":{"line":375,"column":13}},"150":{"start":{"line":379,"column":2},"end":{"line":390,"column":5}},"151":{"start":{"line":381,"column":4},"end":{"line":389,"column":7}},"152":{"start":{"line":387,"column":6},"end":{"line":387,"column":24}},"153":{"start":{"line":387,"column":14},"end":{"line":387,"column":24}},"154":{"start":{"line":388,"column":6},"end":{"line":388,"column":13}},"155":{"start":{"line":392,"column":2},"end":{"line":403,"column":5}},"156":{"start":{"line":394,"column":4},"end":{"line":402,"column":7}},"157":{"start":{"line":400,"column":6},"end":{"line":400,"column":24}},"158":{"start":{"line":400,"column":14},"end":{"line":400,"column":24}},"159":{"start":{"line":401,"column":6},"end":{"line":401,"column":13}},"160":{"start":{"line":405,"column":2},"end":{"line":416,"column":5}},"161":{"start":{"line":407,"column":4},"end":{"line":415,"column":7}},"162":{"start":{"line":413,"column":6},"end":{"line":413,"column":24}},"163":{"start":{"line":413,"column":14},"end":{"line":413,"column":24}},"164":{"start":{"line":414,"column":6},"end":{"line":414,"column":13}},"165":{"start":{"line":418,"column":2},"end":{"line":429,"column":5}},"166":{"start":{"line":420,"column":4},"end":{"line":428,"column":7}},"167":{"start":{"line":426,"column":6},"end":{"line":426,"column":24}},"168":{"start":{"line":426,"column":14},"end":{"line":426,"column":24}},"169":{"start":{"line":427,"column":6},"end":{"line":427,"column":13}},"170":{"start":{"line":431,"column":2},"end":{"line":442,"column":5}},"171":{"start":{"line":433,"column":4},"end":{"line":441,"column":7}},"172":{"start":{"line":439,"column":6},"end":{"line":439,"column":24}},"173":{"start":{"line":439,"column":14},"end":{"line":439,"column":24}},"174":{"start":{"line":440,"column":6},"end":{"line":440,"column":13}},"175":{"start":{"line":444,"column":2},"end":{"line":455,"column":5}},"176":{"start":{"line":446,"column":4},"end":{"line":454,"column":7}},"177":{"start":{"line":452,"column":6},"end":{"line":452,"column":24}},"178":{"start":{"line":452,"column":14},"end":{"line":452,"column":24}},"179":{"start":{"line":453,"column":6},"end":{"line":453,"column":13}},"180":{"start":{"line":457,"column":2},"end":{"line":468,"column":5}},"181":{"start":{"line":459,"column":4},"end":{"line":467,"column":7}},"182":{"start":{"line":465,"column":6},"end":{"line":465,"column":24}},"183":{"start":{"line":465,"column":14},"end":{"line":465,"column":24}},"184":{"start":{"line":466,"column":6},"end":{"line":466,"column":13}},"185":{"start":{"line":470,"column":2},"end":{"line":481,"column":5}},"186":{"start":{"line":472,"column":4},"end":{"line":480,"column":7}},"187":{"start":{"line":478,"column":6},"end":{"line":478,"column":24}},"188":{"start":{"line":478,"column":14},"end":{"line":478,"column":24}},"189":{"start":{"line":479,"column":6},"end":{"line":479,"column":13}},"190":{"start":{"line":483,"column":2},"end":{"line":494,"column":5}},"191":{"start":{"line":485,"column":4},"end":{"line":493,"column":7}},"192":{"start":{"line":491,"column":6},"end":{"line":491,"column":24}},"193":{"start":{"line":491,"column":14},"end":{"line":491,"column":24}},"194":{"start":{"line":492,"column":6},"end":{"line":492,"column":13}},"195":{"start":{"line":496,"column":2},"end":{"line":507,"column":5}},"196":{"start":{"line":498,"column":4},"end":{"line":506,"column":7}},"197":{"start":{"line":504,"column":6},"end":{"line":504,"column":24}},"198":{"start":{"line":504,"column":14},"end":{"line":504,"column":24}},"199":{"start":{"line":505,"column":6},"end":{"line":505,"column":13}},"200":{"start":{"line":509,"column":2},"end":{"line":520,"column":5}},"201":{"start":{"line":511,"column":4},"end":{"line":519,"column":7}},"202":{"start":{"line":517,"column":6},"end":{"line":517,"column":24}},"203":{"start":{"line":517,"column":14},"end":{"line":517,"column":24}},"204":{"start":{"line":518,"column":6},"end":{"line":518,"column":13}},"205":{"start":{"line":522,"column":2},"end":{"line":533,"column":5}},"206":{"start":{"line":524,"column":4},"end":{"line":532,"column":7}},"207":{"start":{"line":530,"column":6},"end":{"line":530,"column":24}},"208":{"start":{"line":530,"column":14},"end":{"line":530,"column":24}},"209":{"start":{"line":531,"column":6},"end":{"line":531,"column":13}},"210":{"start":{"line":535,"column":2},"end":{"line":546,"column":5}},"211":{"start":{"line":537,"column":4},"end":{"line":545,"column":7}},"212":{"start":{"line":543,"column":6},"end":{"line":543,"column":24}},"213":{"start":{"line":543,"column":14},"end":{"line":543,"column":24}},"214":{"start":{"line":544,"column":6},"end":{"line":544,"column":13}},"215":{"start":{"line":548,"column":2},"end":{"line":559,"column":5}},"216":{"start":{"line":550,"column":4},"end":{"line":558,"column":7}},"217":{"start":{"line":556,"column":6},"end":{"line":556,"column":24}},"218":{"start":{"line":556,"column":14},"end":{"line":556,"column":24}},"219":{"start":{"line":557,"column":6},"end":{"line":557,"column":13}},"220":{"start":{"line":561,"column":2},"end":{"line":572,"column":5}},"221":{"start":{"line":563,"column":4},"end":{"line":571,"column":7}},"222":{"start":{"line":569,"column":6},"end":{"line":569,"column":24}},"223":{"start":{"line":569,"column":14},"end":{"line":569,"column":24}},"224":{"start":{"line":570,"column":6},"end":{"line":570,"column":13}},"225":{"start":{"line":574,"column":2},"end":{"line":585,"column":5}},"226":{"start":{"line":576,"column":4},"end":{"line":584,"column":7}},"227":{"start":{"line":582,"column":6},"end":{"line":582,"column":24}},"228":{"start":{"line":582,"column":14},"end":{"line":582,"column":24}},"229":{"start":{"line":583,"column":6},"end":{"line":583,"column":13}},"230":{"start":{"line":587,"column":2},"end":{"line":598,"column":5}},"231":{"start":{"line":589,"column":4},"end":{"line":597,"column":7}},"232":{"start":{"line":595,"column":6},"end":{"line":595,"column":24}},"233":{"start":{"line":595,"column":14},"end":{"line":595,"column":24}},"234":{"start":{"line":596,"column":6},"end":{"line":596,"column":13}},"235":{"start":{"line":600,"column":2},"end":{"line":611,"column":5}},"236":{"start":{"line":602,"column":4},"end":{"line":610,"column":7}},"237":{"start":{"line":608,"column":6},"end":{"line":608,"column":24}},"238":{"start":{"line":608,"column":14},"end":{"line":608,"column":24}},"239":{"start":{"line":609,"column":6},"end":{"line":609,"column":13}},"240":{"start":{"line":613,"column":2},"end":{"line":624,"column":5}},"241":{"start":{"line":615,"column":4},"end":{"line":623,"column":7}},"242":{"start":{"line":621,"column":6},"end":{"line":621,"column":24}},"243":{"start":{"line":621,"column":14},"end":{"line":621,"column":24}},"244":{"start":{"line":622,"column":6},"end":{"line":622,"column":13}},"245":{"start":{"line":626,"column":2},"end":{"line":637,"column":5}},"246":{"start":{"line":628,"column":4},"end":{"line":636,"column":7}},"247":{"start":{"line":634,"column":6},"end":{"line":634,"column":24}},"248":{"start":{"line":634,"column":14},"end":{"line":634,"column":24}},"249":{"start":{"line":635,"column":6},"end":{"line":635,"column":13}},"250":{"start":{"line":639,"column":2},"end":{"line":650,"column":5}},"251":{"start":{"line":641,"column":4},"end":{"line":649,"column":7}},"252":{"start":{"line":647,"column":6},"end":{"line":647,"column":24}},"253":{"start":{"line":647,"column":14},"end":{"line":647,"column":24}},"254":{"start":{"line":648,"column":6},"end":{"line":648,"column":13}},"255":{"start":{"line":652,"column":0},"end":{"line":663,"column":5}},"256":{"start":{"line":654,"column":4},"end":{"line":662,"column":7}},"257":{"start":{"line":660,"column":6},"end":{"line":660,"column":24}},"258":{"start":{"line":660,"column":14},"end":{"line":660,"column":24}},"259":{"start":{"line":661,"column":6},"end":{"line":661,"column":13}},"260":{"start":{"line":665,"column":2},"end":{"line":676,"column":5}},"261":{"start":{"line":667,"column":4},"end":{"line":675,"column":7}},"262":{"start":{"line":673,"column":6},"end":{"line":673,"column":24}},"263":{"start":{"line":673,"column":14},"end":{"line":673,"column":24}},"264":{"start":{"line":674,"column":6},"end":{"line":674,"column":13}},"265":{"start":{"line":678,"column":2},"end":{"line":689,"column":5}},"266":{"start":{"line":680,"column":4},"end":{"line":688,"column":7}},"267":{"start":{"line":686,"column":6},"end":{"line":686,"column":24}},"268":{"start":{"line":686,"column":14},"end":{"line":686,"column":24}},"269":{"start":{"line":687,"column":6},"end":{"line":687,"column":13}},"270":{"start":{"line":691,"column":2},"end":{"line":702,"column":5}},"271":{"start":{"line":693,"column":4},"end":{"line":701,"column":7}},"272":{"start":{"line":699,"column":6},"end":{"line":699,"column":24}},"273":{"start":{"line":699,"column":14},"end":{"line":699,"column":24}},"274":{"start":{"line":700,"column":6},"end":{"line":700,"column":13}},"275":{"start":{"line":704,"column":2},"end":{"line":715,"column":5}},"276":{"start":{"line":706,"column":4},"end":{"line":714,"column":7}},"277":{"start":{"line":712,"column":6},"end":{"line":712,"column":24}},"278":{"start":{"line":712,"column":14},"end":{"line":712,"column":24}},"279":{"start":{"line":713,"column":6},"end":{"line":713,"column":13}},"280":{"start":{"line":717,"column":2},"end":{"line":728,"column":5}},"281":{"start":{"line":719,"column":4},"end":{"line":727,"column":7}},"282":{"start":{"line":725,"column":6},"end":{"line":725,"column":24}},"283":{"start":{"line":725,"column":14},"end":{"line":725,"column":24}},"284":{"start":{"line":726,"column":6},"end":{"line":726,"column":13}},"285":{"start":{"line":730,"column":2},"end":{"line":741,"column":5}},"286":{"start":{"line":732,"column":4},"end":{"line":740,"column":7}},"287":{"start":{"line":738,"column":6},"end":{"line":738,"column":24}},"288":{"start":{"line":738,"column":14},"end":{"line":738,"column":24}},"289":{"start":{"line":739,"column":6},"end":{"line":739,"column":13}},"290":{"start":{"line":743,"column":2},"end":{"line":754,"column":5}},"291":{"start":{"line":745,"column":4},"end":{"line":753,"column":7}},"292":{"start":{"line":751,"column":6},"end":{"line":751,"column":24}},"293":{"start":{"line":751,"column":14},"end":{"line":751,"column":24}},"294":{"start":{"line":752,"column":6},"end":{"line":752,"column":13}},"295":{"start":{"line":756,"column":2},"end":{"line":767,"column":5}},"296":{"start":{"line":758,"column":4},"end":{"line":766,"column":7}},"297":{"start":{"line":764,"column":6},"end":{"line":764,"column":24}},"298":{"start":{"line":764,"column":14},"end":{"line":764,"column":24}},"299":{"start":{"line":765,"column":6},"end":{"line":765,"column":13}},"300":{"start":{"line":769,"column":2},"end":{"line":780,"column":5}},"301":{"start":{"line":771,"column":4},"end":{"line":779,"column":7}},"302":{"start":{"line":777,"column":6},"end":{"line":777,"column":24}},"303":{"start":{"line":777,"column":14},"end":{"line":777,"column":24}},"304":{"start":{"line":778,"column":6},"end":{"line":778,"column":13}},"305":{"start":{"line":782,"column":2},"end":{"line":793,"column":5}},"306":{"start":{"line":784,"column":4},"end":{"line":792,"column":7}},"307":{"start":{"line":790,"column":6},"end":{"line":790,"column":24}},"308":{"start":{"line":790,"column":14},"end":{"line":790,"column":24}},"309":{"start":{"line":791,"column":6},"end":{"line":791,"column":13}},"310":{"start":{"line":795,"column":2},"end":{"line":806,"column":5}},"311":{"start":{"line":797,"column":4},"end":{"line":805,"column":7}},"312":{"start":{"line":803,"column":6},"end":{"line":803,"column":24}},"313":{"start":{"line":803,"column":14},"end":{"line":803,"column":24}},"314":{"start":{"line":804,"column":6},"end":{"line":804,"column":13}},"315":{"start":{"line":808,"column":2},"end":{"line":819,"column":5}},"316":{"start":{"line":810,"column":4},"end":{"line":818,"column":7}},"317":{"start":{"line":816,"column":6},"end":{"line":816,"column":24}},"318":{"start":{"line":816,"column":14},"end":{"line":816,"column":24}},"319":{"start":{"line":817,"column":6},"end":{"line":817,"column":13}},"320":{"start":{"line":821,"column":2},"end":{"line":832,"column":5}},"321":{"start":{"line":823,"column":4},"end":{"line":831,"column":7}},"322":{"start":{"line":829,"column":6},"end":{"line":829,"column":24}},"323":{"start":{"line":829,"column":14},"end":{"line":829,"column":24}},"324":{"start":{"line":830,"column":6},"end":{"line":830,"column":13}},"325":{"start":{"line":834,"column":2},"end":{"line":845,"column":5}},"326":{"start":{"line":836,"column":4},"end":{"line":844,"column":7}},"327":{"start":{"line":842,"column":6},"end":{"line":842,"column":24}},"328":{"start":{"line":842,"column":14},"end":{"line":842,"column":24}},"329":{"start":{"line":843,"column":6},"end":{"line":843,"column":13}},"330":{"start":{"line":847,"column":2},"end":{"line":858,"column":5}},"331":{"start":{"line":849,"column":4},"end":{"line":857,"column":7}},"332":{"start":{"line":855,"column":6},"end":{"line":855,"column":24}},"333":{"start":{"line":855,"column":14},"end":{"line":855,"column":24}},"334":{"start":{"line":856,"column":6},"end":{"line":856,"column":13}},"335":{"start":{"line":860,"column":2},"end":{"line":871,"column":5}},"336":{"start":{"line":862,"column":4},"end":{"line":870,"column":7}},"337":{"start":{"line":868,"column":6},"end":{"line":868,"column":24}},"338":{"start":{"line":868,"column":14},"end":{"line":868,"column":24}},"339":{"start":{"line":869,"column":6},"end":{"line":869,"column":13}},"340":{"start":{"line":873,"column":2},"end":{"line":884,"column":5}},"341":{"start":{"line":875,"column":4},"end":{"line":883,"column":7}},"342":{"start":{"line":881,"column":6},"end":{"line":881,"column":24}},"343":{"start":{"line":881,"column":14},"end":{"line":881,"column":24}},"344":{"start":{"line":882,"column":6},"end":{"line":882,"column":13}},"345":{"start":{"line":886,"column":2},"end":{"line":897,"column":5}},"346":{"start":{"line":888,"column":4},"end":{"line":896,"column":7}},"347":{"start":{"line":894,"column":6},"end":{"line":894,"column":24}},"348":{"start":{"line":894,"column":14},"end":{"line":894,"column":24}},"349":{"start":{"line":895,"column":6},"end":{"line":895,"column":13}},"350":{"start":{"line":899,"column":2},"end":{"line":910,"column":5}},"351":{"start":{"line":901,"column":4},"end":{"line":909,"column":7}},"352":{"start":{"line":907,"column":6},"end":{"line":907,"column":24}},"353":{"start":{"line":907,"column":14},"end":{"line":907,"column":24}},"354":{"start":{"line":908,"column":6},"end":{"line":908,"column":13}},"355":{"start":{"line":912,"column":2},"end":{"line":923,"column":5}},"356":{"start":{"line":914,"column":4},"end":{"line":922,"column":7}},"357":{"start":{"line":920,"column":6},"end":{"line":920,"column":24}},"358":{"start":{"line":920,"column":14},"end":{"line":920,"column":24}},"359":{"start":{"line":921,"column":6},"end":{"line":921,"column":13}},"360":{"start":{"line":925,"column":2},"end":{"line":936,"column":5}},"361":{"start":{"line":927,"column":4},"end":{"line":935,"column":7}},"362":{"start":{"line":933,"column":6},"end":{"line":933,"column":24}},"363":{"start":{"line":933,"column":14},"end":{"line":933,"column":24}},"364":{"start":{"line":934,"column":6},"end":{"line":934,"column":13}},"365":{"start":{"line":938,"column":2},"end":{"line":948,"column":5}},"366":{"start":{"line":940,"column":4},"end":{"line":947,"column":7}},"367":{"start":{"line":945,"column":6},"end":{"line":945,"column":24}},"368":{"start":{"line":945,"column":14},"end":{"line":945,"column":24}},"369":{"start":{"line":946,"column":6},"end":{"line":946,"column":13}},"370":{"start":{"line":950,"column":2},"end":{"line":960,"column":5}},"371":{"start":{"line":952,"column":4},"end":{"line":959,"column":7}},"372":{"start":{"line":957,"column":6},"end":{"line":957,"column":24}},"373":{"start":{"line":957,"column":14},"end":{"line":957,"column":24}},"374":{"start":{"line":958,"column":6},"end":{"line":958,"column":13}},"375":{"start":{"line":962,"column":2},"end":{"line":972,"column":5}},"376":{"start":{"line":964,"column":4},"end":{"line":971,"column":7}},"377":{"start":{"line":969,"column":6},"end":{"line":969,"column":24}},"378":{"start":{"line":969,"column":14},"end":{"line":969,"column":24}},"379":{"start":{"line":970,"column":6},"end":{"line":970,"column":13}},"380":{"start":{"line":974,"column":2},"end":{"line":984,"column":5}},"381":{"start":{"line":976,"column":4},"end":{"line":983,"column":7}},"382":{"start":{"line":981,"column":6},"end":{"line":981,"column":24}},"383":{"start":{"line":981,"column":14},"end":{"line":981,"column":24}},"384":{"start":{"line":982,"column":6},"end":{"line":982,"column":13}},"385":{"start":{"line":986,"column":2},"end":{"line":996,"column":5}},"386":{"start":{"line":988,"column":4},"end":{"line":995,"column":7}},"387":{"start":{"line":993,"column":6},"end":{"line":993,"column":24}},"388":{"start":{"line":993,"column":14},"end":{"line":993,"column":24}},"389":{"start":{"line":994,"column":6},"end":{"line":994,"column":13}},"390":{"start":{"line":998,"column":2},"end":{"line":1008,"column":5}},"391":{"start":{"line":1000,"column":4},"end":{"line":1007,"column":7}},"392":{"start":{"line":1005,"column":6},"end":{"line":1005,"column":24}},"393":{"start":{"line":1005,"column":14},"end":{"line":1005,"column":24}},"394":{"start":{"line":1006,"column":6},"end":{"line":1006,"column":13}},"395":{"start":{"line":1010,"column":2},"end":{"line":1020,"column":5}},"396":{"start":{"line":1012,"column":4},"end":{"line":1019,"column":7}},"397":{"start":{"line":1017,"column":6},"end":{"line":1017,"column":24}},"398":{"start":{"line":1017,"column":14},"end":{"line":1017,"column":24}},"399":{"start":{"line":1018,"column":6},"end":{"line":1018,"column":13}},"400":{"start":{"line":1022,"column":2},"end":{"line":1032,"column":5}},"401":{"start":{"line":1024,"column":4},"end":{"line":1031,"column":7}},"402":{"start":{"line":1029,"column":6},"end":{"line":1029,"column":24}},"403":{"start":{"line":1029,"column":14},"end":{"line":1029,"column":24}},"404":{"start":{"line":1030,"column":6},"end":{"line":1030,"column":13}},"405":{"start":{"line":1034,"column":2},"end":{"line":1044,"column":5}},"406":{"start":{"line":1036,"column":4},"end":{"line":1043,"column":7}},"407":{"start":{"line":1041,"column":6},"end":{"line":1041,"column":24}},"408":{"start":{"line":1041,"column":14},"end":{"line":1041,"column":24}},"409":{"start":{"line":1042,"column":6},"end":{"line":1042,"column":13}},"410":{"start":{"line":1046,"column":2},"end":{"line":1056,"column":5}},"411":{"start":{"line":1048,"column":4},"end":{"line":1055,"column":7}},"412":{"start":{"line":1053,"column":6},"end":{"line":1053,"column":24}},"413":{"start":{"line":1053,"column":14},"end":{"line":1053,"column":24}},"414":{"start":{"line":1054,"column":6},"end":{"line":1054,"column":13}},"415":{"start":{"line":1058,"column":2},"end":{"line":1068,"column":5}},"416":{"start":{"line":1060,"column":4},"end":{"line":1067,"column":7}},"417":{"start":{"line":1065,"column":6},"end":{"line":1065,"column":24}},"418":{"start":{"line":1065,"column":14},"end":{"line":1065,"column":24}},"419":{"start":{"line":1066,"column":6},"end":{"line":1066,"column":13}},"420":{"start":{"line":1070,"column":2},"end":{"line":1080,"column":5}},"421":{"start":{"line":1072,"column":4},"end":{"line":1079,"column":7}},"422":{"start":{"line":1077,"column":6},"end":{"line":1077,"column":24}},"423":{"start":{"line":1077,"column":14},"end":{"line":1077,"column":24}},"424":{"start":{"line":1078,"column":6},"end":{"line":1078,"column":13}},"425":{"start":{"line":1082,"column":2},"end":{"line":1092,"column":5}},"426":{"start":{"line":1084,"column":4},"end":{"line":1091,"column":7}},"427":{"start":{"line":1089,"column":6},"end":{"line":1089,"column":24}},"428":{"start":{"line":1089,"column":14},"end":{"line":1089,"column":24}},"429":{"start":{"line":1090,"column":6},"end":{"line":1090,"column":13}},"430":{"start":{"line":1094,"column":2},"end":{"line":1104,"column":5}},"431":{"start":{"line":1096,"column":4},"end":{"line":1103,"column":7}},"432":{"start":{"line":1101,"column":6},"end":{"line":1101,"column":24}},"433":{"start":{"line":1101,"column":14},"end":{"line":1101,"column":24}},"434":{"start":{"line":1102,"column":6},"end":{"line":1102,"column":13}},"435":{"start":{"line":1106,"column":2},"end":{"line":1116,"column":5}},"436":{"start":{"line":1108,"column":4},"end":{"line":1115,"column":7}},"437":{"start":{"line":1113,"column":6},"end":{"line":1113,"column":24}},"438":{"start":{"line":1113,"column":14},"end":{"line":1113,"column":24}},"439":{"start":{"line":1114,"column":6},"end":{"line":1114,"column":13}},"440":{"start":{"line":1118,"column":2},"end":{"line":1128,"column":5}},"441":{"start":{"line":1120,"column":4},"end":{"line":1127,"column":7}},"442":{"start":{"line":1125,"column":6},"end":{"line":1125,"column":24}},"443":{"start":{"line":1125,"column":14},"end":{"line":1125,"column":24}},"444":{"start":{"line":1126,"column":6},"end":{"line":1126,"column":13}},"445":{"start":{"line":1130,"column":2},"end":{"line":1140,"column":5}},"446":{"start":{"line":1132,"column":4},"end":{"line":1139,"column":7}},"447":{"start":{"line":1137,"column":6},"end":{"line":1137,"column":24}},"448":{"start":{"line":1137,"column":14},"end":{"line":1137,"column":24}},"449":{"start":{"line":1138,"column":6},"end":{"line":1138,"column":13}},"450":{"start":{"line":1142,"column":2},"end":{"line":1152,"column":5}},"451":{"start":{"line":1144,"column":4},"end":{"line":1151,"column":7}},"452":{"start":{"line":1149,"column":6},"end":{"line":1149,"column":24}},"453":{"start":{"line":1149,"column":14},"end":{"line":1149,"column":24}},"454":{"start":{"line":1150,"column":6},"end":{"line":1150,"column":13}},"455":{"start":{"line":1154,"column":2},"end":{"line":1164,"column":5}},"456":{"start":{"line":1156,"column":4},"end":{"line":1163,"column":7}},"457":{"start":{"line":1161,"column":6},"end":{"line":1161,"column":24}},"458":{"start":{"line":1161,"column":14},"end":{"line":1161,"column":24}},"459":{"start":{"line":1162,"column":6},"end":{"line":1162,"column":13}},"460":{"start":{"line":1166,"column":2},"end":{"line":1176,"column":5}},"461":{"start":{"line":1168,"column":4},"end":{"line":1175,"column":7}},"462":{"start":{"line":1173,"column":6},"end":{"line":1173,"column":24}},"463":{"start":{"line":1173,"column":14},"end":{"line":1173,"column":24}},"464":{"start":{"line":1174,"column":6},"end":{"line":1174,"column":13}},"465":{"start":{"line":1178,"column":2},"end":{"line":1188,"column":5}},"466":{"start":{"line":1180,"column":4},"end":{"line":1187,"column":7}},"467":{"start":{"line":1185,"column":6},"end":{"line":1185,"column":24}},"468":{"start":{"line":1185,"column":14},"end":{"line":1185,"column":24}},"469":{"start":{"line":1186,"column":6},"end":{"line":1186,"column":13}},"470":{"start":{"line":1190,"column":2},"end":{"line":1200,"column":5}},"471":{"start":{"line":1192,"column":4},"end":{"line":1199,"column":7}},"472":{"start":{"line":1197,"column":6},"end":{"line":1197,"column":24}},"473":{"start":{"line":1197,"column":14},"end":{"line":1197,"column":24}},"474":{"start":{"line":1198,"column":6},"end":{"line":1198,"column":13}},"475":{"start":{"line":1202,"column":2},"end":{"line":1212,"column":5}},"476":{"start":{"line":1204,"column":4},"end":{"line":1211,"column":7}},"477":{"start":{"line":1209,"column":6},"end":{"line":1209,"column":24}},"478":{"start":{"line":1209,"column":14},"end":{"line":1209,"column":24}},"479":{"start":{"line":1210,"column":6},"end":{"line":1210,"column":13}},"480":{"start":{"line":1214,"column":2},"end":{"line":1224,"column":5}},"481":{"start":{"line":1216,"column":4},"end":{"line":1223,"column":7}},"482":{"start":{"line":1221,"column":6},"end":{"line":1221,"column":24}},"483":{"start":{"line":1221,"column":14},"end":{"line":1221,"column":24}},"484":{"start":{"line":1222,"column":6},"end":{"line":1222,"column":13}},"485":{"start":{"line":1226,"column":2},"end":{"line":1236,"column":5}},"486":{"start":{"line":1228,"column":4},"end":{"line":1235,"column":7}},"487":{"start":{"line":1233,"column":6},"end":{"line":1233,"column":24}},"488":{"start":{"line":1233,"column":14},"end":{"line":1233,"column":24}},"489":{"start":{"line":1234,"column":6},"end":{"line":1234,"column":13}}},"branchMap":{"1":{"line":14,"type":"if","locations":[{"start":{"line":14,"column":6},"end":{"line":14,"column":6}},{"start":{"line":14,"column":6},"end":{"line":14,"column":6}}]},"2":{"line":26,"type":"if","locations":[{"start":{"line":26,"column":6},"end":{"line":26,"column":6}},{"start":{"line":26,"column":6},"end":{"line":26,"column":6}}]},"3":{"line":38,"type":"if","locations":[{"start":{"line":38,"column":6},"end":{"line":38,"column":6}},{"start":{"line":38,"column":6},"end":{"line":38,"column":6}}]},"4":{"line":51,"type":"if","locations":[{"start":{"line":51,"column":6},"end":{"line":51,"column":6}},{"start":{"line":51,"column":6},"end":{"line":51,"column":6}}]},"5":{"line":63,"type":"if","locations":[{"start":{"line":63,"column":6},"end":{"line":63,"column":6}},{"start":{"line":63,"column":6},"end":{"line":63,"column":6}}]},"6":{"line":75,"type":"if","locations":[{"start":{"line":75,"column":6},"end":{"line":75,"column":6}},{"start":{"line":75,"column":6},"end":{"line":75,"column":6}}]},"7":{"line":88,"type":"if","locations":[{"start":{"line":88,"column":6},"end":{"line":88,"column":6}},{"start":{"line":88,"column":6},"end":{"line":88,"column":6}}]},"8":{"line":101,"type":"if","locations":[{"start":{"line":101,"column":6},"end":{"line":101,"column":6}},{"start":{"line":101,"column":6},"end":{"line":101,"column":6}}]},"9":{"line":114,"type":"if","locations":[{"start":{"line":114,"column":6},"end":{"line":114,"column":6}},{"start":{"line":114,"column":6},"end":{"line":114,"column":6}}]},"10":{"line":127,"type":"if","locations":[{"start":{"line":127,"column":6},"end":{"line":127,"column":6}},{"start":{"line":127,"column":6},"end":{"line":127,"column":6}}]},"11":{"line":140,"type":"if","locations":[{"start":{"line":140,"column":6},"end":{"line":140,"column":6}},{"start":{"line":140,"column":6},"end":{"line":140,"column":6}}]},"12":{"line":153,"type":"if","locations":[{"start":{"line":153,"column":6},"end":{"line":153,"column":6}},{"start":{"line":153,"column":6},"end":{"line":153,"column":6}}]},"13":{"line":166,"type":"if","locations":[{"start":{"line":166,"column":6},"end":{"line":166,"column":6}},{"start":{"line":166,"column":6},"end":{"line":166,"column":6}}]},"14":{"line":179,"type":"if","locations":[{"start":{"line":179,"column":6},"end":{"line":179,"column":6}},{"start":{"line":179,"column":6},"end":{"line":179,"column":6}}]},"15":{"line":192,"type":"if","locations":[{"start":{"line":192,"column":6},"end":{"line":192,"column":6}},{"start":{"line":192,"column":6},"end":{"line":192,"column":6}}]},"16":{"line":205,"type":"if","locations":[{"start":{"line":205,"column":6},"end":{"line":205,"column":6}},{"start":{"line":205,"column":6},"end":{"line":205,"column":6}}]},"17":{"line":218,"type":"if","locations":[{"start":{"line":218,"column":6},"end":{"line":218,"column":6}},{"start":{"line":218,"column":6},"end":{"line":218,"column":6}}]},"18":{"line":231,"type":"if","locations":[{"start":{"line":231,"column":6},"end":{"line":231,"column":6}},{"start":{"line":231,"column":6},"end":{"line":231,"column":6}}]},"19":{"line":244,"type":"if","locations":[{"start":{"line":244,"column":6},"end":{"line":244,"column":6}},{"start":{"line":244,"column":6},"end":{"line":244,"column":6}}]},"20":{"line":257,"type":"if","locations":[{"start":{"line":257,"column":6},"end":{"line":257,"column":6}},{"start":{"line":257,"column":6},"end":{"line":257,"column":6}}]},"21":{"line":270,"type":"if","locations":[{"start":{"line":270,"column":6},"end":{"line":270,"column":6}},{"start":{"line":270,"column":6},"end":{"line":270,"column":6}}]},"22":{"line":283,"type":"if","locations":[{"start":{"line":283,"column":6},"end":{"line":283,"column":6}},{"start":{"line":283,"column":6},"end":{"line":283,"column":6}}]},"23":{"line":296,"type":"if","locations":[{"start":{"line":296,"column":6},"end":{"line":296,"column":6}},{"start":{"line":296,"column":6},"end":{"line":296,"column":6}}]},"24":{"line":309,"type":"if","locations":[{"start":{"line":309,"column":6},"end":{"line":309,"column":6}},{"start":{"line":309,"column":6},"end":{"line":309,"column":6}}]},"25":{"line":322,"type":"if","locations":[{"start":{"line":322,"column":6},"end":{"line":322,"column":6}},{"start":{"line":322,"column":6},"end":{"line":322,"column":6}}]},"26":{"line":335,"type":"if","locations":[{"start":{"line":335,"column":6},"end":{"line":335,"column":6}},{"start":{"line":335,"column":6},"end":{"line":335,"column":6}}]},"27":{"line":348,"type":"if","locations":[{"start":{"line":348,"column":6},"end":{"line":348,"column":6}},{"start":{"line":348,"column":6},"end":{"line":348,"column":6}}]},"28":{"line":361,"type":"if","locations":[{"start":{"line":361,"column":6},"end":{"line":361,"column":6}},{"start":{"line":361,"column":6},"end":{"line":361,"column":6}}]},"29":{"line":374,"type":"if","locations":[{"start":{"line":374,"column":6},"end":{"line":374,"column":6}},{"start":{"line":374,"column":6},"end":{"line":374,"column":6}}]},"30":{"line":387,"type":"if","locations":[{"start":{"line":387,"column":6},"end":{"line":387,"column":6}},{"start":{"line":387,"column":6},"end":{"line":387,"column":6}}]},"31":{"line":400,"type":"if","locations":[{"start":{"line":400,"column":6},"end":{"line":400,"column":6}},{"start":{"line":400,"column":6},"end":{"line":400,"column":6}}]},"32":{"line":413,"type":"if","locations":[{"start":{"line":413,"column":6},"end":{"line":413,"column":6}},{"start":{"line":413,"column":6},"end":{"line":413,"column":6}}]},"33":{"line":426,"type":"if","locations":[{"start":{"line":426,"column":6},"end":{"line":426,"column":6}},{"start":{"line":426,"column":6},"end":{"line":426,"column":6}}]},"34":{"line":439,"type":"if","locations":[{"start":{"line":439,"column":6},"end":{"line":439,"column":6}},{"start":{"line":439,"column":6},"end":{"line":439,"column":6}}]},"35":{"line":452,"type":"if","locations":[{"start":{"line":452,"column":6},"end":{"line":452,"column":6}},{"start":{"line":452,"column":6},"end":{"line":452,"column":6}}]},"36":{"line":465,"type":"if","locations":[{"start":{"line":465,"column":6},"end":{"line":465,"column":6}},{"start":{"line":465,"column":6},"end":{"line":465,"column":6}}]},"37":{"line":478,"type":"if","locations":[{"start":{"line":478,"column":6},"end":{"line":478,"column":6}},{"start":{"line":478,"column":6},"end":{"line":478,"column":6}}]},"38":{"line":491,"type":"if","locations":[{"start":{"line":491,"column":6},"end":{"line":491,"column":6}},{"start":{"line":491,"column":6},"end":{"line":491,"column":6}}]},"39":{"line":504,"type":"if","locations":[{"start":{"line":504,"column":6},"end":{"line":504,"column":6}},{"start":{"line":504,"column":6},"end":{"line":504,"column":6}}]},"40":{"line":517,"type":"if","locations":[{"start":{"line":517,"column":6},"end":{"line":517,"column":6}},{"start":{"line":517,"column":6},"end":{"line":517,"column":6}}]},"41":{"line":530,"type":"if","locations":[{"start":{"line":530,"column":6},"end":{"line":530,"column":6}},{"start":{"line":530,"column":6},"end":{"line":530,"column":6}}]},"42":{"line":543,"type":"if","locations":[{"start":{"line":543,"column":6},"end":{"line":543,"column":6}},{"start":{"line":543,"column":6},"end":{"line":543,"column":6}}]},"43":{"line":556,"type":"if","locations":[{"start":{"line":556,"column":6},"end":{"line":556,"column":6}},{"start":{"line":556,"column":6},"end":{"line":556,"column":6}}]},"44":{"line":569,"type":"if","locations":[{"start":{"line":569,"column":6},"end":{"line":569,"column":6}},{"start":{"line":569,"column":6},"end":{"line":569,"column":6}}]},"45":{"line":582,"type":"if","locations":[{"start":{"line":582,"column":6},"end":{"line":582,"column":6}},{"start":{"line":582,"column":6},"end":{"line":582,"column":6}}]},"46":{"line":595,"type":"if","locations":[{"start":{"line":595,"column":6},"end":{"line":595,"column":6}},{"start":{"line":595,"column":6},"end":{"line":595,"column":6}}]},"47":{"line":608,"type":"if","locations":[{"start":{"line":608,"column":6},"end":{"line":608,"column":6}},{"start":{"line":608,"column":6},"end":{"line":608,"column":6}}]},"48":{"line":621,"type":"if","locations":[{"start":{"line":621,"column":6},"end":{"line":621,"column":6}},{"start":{"line":621,"column":6},"end":{"line":621,"column":6}}]},"49":{"line":634,"type":"if","locations":[{"start":{"line":634,"column":6},"end":{"line":634,"column":6}},{"start":{"line":634,"column":6},"end":{"line":634,"column":6}}]},"50":{"line":647,"type":"if","locations":[{"start":{"line":647,"column":6},"end":{"line":647,"column":6}},{"start":{"line":647,"column":6},"end":{"line":647,"column":6}}]},"51":{"line":660,"type":"if","locations":[{"start":{"line":660,"column":6},"end":{"line":660,"column":6}},{"start":{"line":660,"column":6},"end":{"line":660,"column":6}}]},"52":{"line":673,"type":"if","locations":[{"start":{"line":673,"column":6},"end":{"line":673,"column":6}},{"start":{"line":673,"column":6},"end":{"line":673,"column":6}}]},"53":{"line":686,"type":"if","locations":[{"start":{"line":686,"column":6},"end":{"line":686,"column":6}},{"start":{"line":686,"column":6},"end":{"line":686,"column":6}}]},"54":{"line":699,"type":"if","locations":[{"start":{"line":699,"column":6},"end":{"line":699,"column":6}},{"start":{"line":699,"column":6},"end":{"line":699,"column":6}}]},"55":{"line":712,"type":"if","locations":[{"start":{"line":712,"column":6},"end":{"line":712,"column":6}},{"start":{"line":712,"column":6},"end":{"line":712,"column":6}}]},"56":{"line":725,"type":"if","locations":[{"start":{"line":725,"column":6},"end":{"line":725,"column":6}},{"start":{"line":725,"column":6},"end":{"line":725,"column":6}}]},"57":{"line":738,"type":"if","locations":[{"start":{"line":738,"column":6},"end":{"line":738,"column":6}},{"start":{"line":738,"column":6},"end":{"line":738,"column":6}}]},"58":{"line":751,"type":"if","locations":[{"start":{"line":751,"column":6},"end":{"line":751,"column":6}},{"start":{"line":751,"column":6},"end":{"line":751,"column":6}}]},"59":{"line":764,"type":"if","locations":[{"start":{"line":764,"column":6},"end":{"line":764,"column":6}},{"start":{"line":764,"column":6},"end":{"line":764,"column":6}}]},"60":{"line":777,"type":"if","locations":[{"start":{"line":777,"column":6},"end":{"line":777,"column":6}},{"start":{"line":777,"column":6},"end":{"line":777,"column":6}}]},"61":{"line":790,"type":"if","locations":[{"start":{"line":790,"column":6},"end":{"line":790,"column":6}},{"start":{"line":790,"column":6},"end":{"line":790,"column":6}}]},"62":{"line":803,"type":"if","locations":[{"start":{"line":803,"column":6},"end":{"line":803,"column":6}},{"start":{"line":803,"column":6},"end":{"line":803,"column":6}}]},"63":{"line":816,"type":"if","locations":[{"start":{"line":816,"column":6},"end":{"line":816,"column":6}},{"start":{"line":816,"column":6},"end":{"line":816,"column":6}}]},"64":{"line":829,"type":"if","locations":[{"start":{"line":829,"column":6},"end":{"line":829,"column":6}},{"start":{"line":829,"column":6},"end":{"line":829,"column":6}}]},"65":{"line":842,"type":"if","locations":[{"start":{"line":842,"column":6},"end":{"line":842,"column":6}},{"start":{"line":842,"column":6},"end":{"line":842,"column":6}}]},"66":{"line":855,"type":"if","locations":[{"start":{"line":855,"column":6},"end":{"line":855,"column":6}},{"start":{"line":855,"column":6},"end":{"line":855,"column":6}}]},"67":{"line":868,"type":"if","locations":[{"start":{"line":868,"column":6},"end":{"line":868,"column":6}},{"start":{"line":868,"column":6},"end":{"line":868,"column":6}}]},"68":{"line":881,"type":"if","locations":[{"start":{"line":881,"column":6},"end":{"line":881,"column":6}},{"start":{"line":881,"column":6},"end":{"line":881,"column":6}}]},"69":{"line":894,"type":"if","locations":[{"start":{"line":894,"column":6},"end":{"line":894,"column":6}},{"start":{"line":894,"column":6},"end":{"line":894,"column":6}}]},"70":{"line":907,"type":"if","locations":[{"start":{"line":907,"column":6},"end":{"line":907,"column":6}},{"start":{"line":907,"column":6},"end":{"line":907,"column":6}}]},"71":{"line":920,"type":"if","locations":[{"start":{"line":920,"column":6},"end":{"line":920,"column":6}},{"start":{"line":920,"column":6},"end":{"line":920,"column":6}}]},"72":{"line":933,"type":"if","locations":[{"start":{"line":933,"column":6},"end":{"line":933,"column":6}},{"start":{"line":933,"column":6},"end":{"line":933,"column":6}}]},"73":{"line":945,"type":"if","locations":[{"start":{"line":945,"column":6},"end":{"line":945,"column":6}},{"start":{"line":945,"column":6},"end":{"line":945,"column":6}}]},"74":{"line":957,"type":"if","locations":[{"start":{"line":957,"column":6},"end":{"line":957,"column":6}},{"start":{"line":957,"column":6},"end":{"line":957,"column":6}}]},"75":{"line":969,"type":"if","locations":[{"start":{"line":969,"column":6},"end":{"line":969,"column":6}},{"start":{"line":969,"column":6},"end":{"line":969,"column":6}}]},"76":{"line":981,"type":"if","locations":[{"start":{"line":981,"column":6},"end":{"line":981,"column":6}},{"start":{"line":981,"column":6},"end":{"line":981,"column":6}}]},"77":{"line":993,"type":"if","locations":[{"start":{"line":993,"column":6},"end":{"line":993,"column":6}},{"start":{"line":993,"column":6},"end":{"line":993,"column":6}}]},"78":{"line":1005,"type":"if","locations":[{"start":{"line":1005,"column":6},"end":{"line":1005,"column":6}},{"start":{"line":1005,"column":6},"end":{"line":1005,"column":6}}]},"79":{"line":1017,"type":"if","locations":[{"start":{"line":1017,"column":6},"end":{"line":1017,"column":6}},{"start":{"line":1017,"column":6},"end":{"line":1017,"column":6}}]},"80":{"line":1029,"type":"if","locations":[{"start":{"line":1029,"column":6},"end":{"line":1029,"column":6}},{"start":{"line":1029,"column":6},"end":{"line":1029,"column":6}}]},"81":{"line":1041,"type":"if","locations":[{"start":{"line":1041,"column":6},"end":{"line":1041,"column":6}},{"start":{"line":1041,"column":6},"end":{"line":1041,"column":6}}]},"82":{"line":1053,"type":"if","locations":[{"start":{"line":1053,"column":6},"end":{"line":1053,"column":6}},{"start":{"line":1053,"column":6},"end":{"line":1053,"column":6}}]},"83":{"line":1065,"type":"if","locations":[{"start":{"line":1065,"column":6},"end":{"line":1065,"column":6}},{"start":{"line":1065,"column":6},"end":{"line":1065,"column":6}}]},"84":{"line":1077,"type":"if","locations":[{"start":{"line":1077,"column":6},"end":{"line":1077,"column":6}},{"start":{"line":1077,"column":6},"end":{"line":1077,"column":6}}]},"85":{"line":1089,"type":"if","locations":[{"start":{"line":1089,"column":6},"end":{"line":1089,"column":6}},{"start":{"line":1089,"column":6},"end":{"line":1089,"column":6}}]},"86":{"line":1101,"type":"if","locations":[{"start":{"line":1101,"column":6},"end":{"line":1101,"column":6}},{"start":{"line":1101,"column":6},"end":{"line":1101,"column":6}}]},"87":{"line":1113,"type":"if","locations":[{"start":{"line":1113,"column":6},"end":{"line":1113,"column":6}},{"start":{"line":1113,"column":6},"end":{"line":1113,"column":6}}]},"88":{"line":1125,"type":"if","locations":[{"start":{"line":1125,"column":6},"end":{"line":1125,"column":6}},{"start":{"line":1125,"column":6},"end":{"line":1125,"column":6}}]},"89":{"line":1137,"type":"if","locations":[{"start":{"line":1137,"column":6},"end":{"line":1137,"column":6}},{"start":{"line":1137,"column":6},"end":{"line":1137,"column":6}}]},"90":{"line":1149,"type":"if","locations":[{"start":{"line":1149,"column":6},"end":{"line":1149,"column":6}},{"start":{"line":1149,"column":6},"end":{"line":1149,"column":6}}]},"91":{"line":1161,"type":"if","locations":[{"start":{"line":1161,"column":6},"end":{"line":1161,"column":6}},{"start":{"line":1161,"column":6},"end":{"line":1161,"column":6}}]},"92":{"line":1173,"type":"if","locations":[{"start":{"line":1173,"column":6},"end":{"line":1173,"column":6}},{"start":{"line":1173,"column":6},"end":{"line":1173,"column":6}}]},"93":{"line":1185,"type":"if","locations":[{"start":{"line":1185,"column":6},"end":{"line":1185,"column":6}},{"start":{"line":1185,"column":6},"end":{"line":1185,"column":6}}]},"94":{"line":1197,"type":"if","locations":[{"start":{"line":1197,"column":6},"end":{"line":1197,"column":6}},{"start":{"line":1197,"column":6},"end":{"line":1197,"column":6}}]},"95":{"line":1209,"type":"if","locations":[{"start":{"line":1209,"column":6},"end":{"line":1209,"column":6}},{"start":{"line":1209,"column":6},"end":{"line":1209,"column":6}}]},"96":{"line":1221,"type":"if","locations":[{"start":{"line":1221,"column":6},"end":{"line":1221,"column":6}},{"start":{"line":1221,"column":6},"end":{"line":1221,"column":6}}]},"97":{"line":1233,"type":"if","locations":[{"start":{"line":1233,"column":6},"end":{"line":1233,"column":6}},{"start":{"line":1233,"column":6},"end":{"line":1233,"column":6}}]}}}}