TN:
SF:/home/diegocastagne/testsails/test.js
FN:5,(anonymous_1)
FN:7,(anonymous_2)
FN:13,(anonymous_3)
FN:19,(anonymous_4)
FN:25,(anonymous_5)
FN:31,(anonymous_6)
FN:37,(anonymous_7)
FN:43,(anonymous_8)
FN:50,(anonymous_9)
FN:56,(anonymous_10)
FN:62,(anonymous_11)
FN:68,(anonymous_12)
FN:74,(anonymous_13)
FN:80,(anonymous_14)
FN:87,(anonymous_15)
FN:93,(anonymous_16)
FN:100,(anonymous_17)
FN:106,(anonymous_18)
FN:113,(anonymous_19)
FN:119,(anonymous_20)
FN:126,(anonymous_21)
FN:132,(anonymous_22)
FN:139,(anonymous_23)
FN:145,(anonymous_24)
FN:152,(anonymous_25)
FN:158,(anonymous_26)
FN:165,(anonymous_27)
FN:171,(anonymous_28)
FN:178,(anonymous_29)
FN:184,(anonymous_30)
FN:191,(anonymous_31)
FN:197,(anonymous_32)
FN:204,(anonymous_33)
FN:210,(anonymous_34)
FN:217,(anonymous_35)
FN:223,(anonymous_36)
FN:230,(anonymous_37)
FN:236,(anonymous_38)
FN:243,(anonymous_39)
FN:249,(anonymous_40)
FN:256,(anonymous_41)
FN:262,(anonymous_42)
FN:269,(anonymous_43)
FN:275,(anonymous_44)
FN:282,(anonymous_45)
FN:288,(anonymous_46)
FN:295,(anonymous_47)
FN:301,(anonymous_48)
FN:308,(anonymous_49)
FN:314,(anonymous_50)
FN:321,(anonymous_51)
FN:327,(anonymous_52)
FN:334,(anonymous_53)
FN:340,(anonymous_54)
FN:347,(anonymous_55)
FN:353,(anonymous_56)
FN:360,(anonymous_57)
FN:366,(anonymous_58)
FN:373,(anonymous_59)
FN:379,(anonymous_60)
FN:386,(anonymous_61)
FN:392,(anonymous_62)
FN:399,(anonymous_63)
FN:405,(anonymous_64)
FN:412,(anonymous_65)
FN:418,(anonymous_66)
FN:425,(anonymous_67)
FN:431,(anonymous_68)
FN:438,(anonymous_69)
FN:444,(anonymous_70)
FN:451,(anonymous_71)
FN:457,(anonymous_72)
FN:464,(anonymous_73)
FN:470,(anonymous_74)
FN:477,(anonymous_75)
FN:483,(anonymous_76)
FN:490,(anonymous_77)
FN:496,(anonymous_78)
FN:503,(anonymous_79)
FN:509,(anonymous_80)
FN:516,(anonymous_81)
FN:522,(anonymous_82)
FN:529,(anonymous_83)
FN:535,(anonymous_84)
FN:542,(anonymous_85)
FN:548,(anonymous_86)
FN:555,(anonymous_87)
FN:561,(anonymous_88)
FN:568,(anonymous_89)
FN:574,(anonymous_90)
FN:581,(anonymous_91)
FN:587,(anonymous_92)
FN:594,(anonymous_93)
FN:600,(anonymous_94)
FN:607,(anonymous_95)
FN:613,(anonymous_96)
FN:620,(anonymous_97)
FN:626,(anonymous_98)
FN:633,(anonymous_99)
FN:639,(anonymous_100)
FN:646,(anonymous_101)
FN:652,(anonymous_102)
FN:659,(anonymous_103)
FN:665,(anonymous_104)
FN:672,(anonymous_105)
FN:678,(anonymous_106)
FN:685,(anonymous_107)
FN:691,(anonymous_108)
FN:698,(anonymous_109)
FN:704,(anonymous_110)
FN:711,(anonymous_111)
FN:717,(anonymous_112)
FN:724,(anonymous_113)
FN:730,(anonymous_114)
FN:737,(anonymous_115)
FN:743,(anonymous_116)
FN:750,(anonymous_117)
FN:756,(anonymous_118)
FN:763,(anonymous_119)
FN:769,(anonymous_120)
FN:776,(anonymous_121)
FN:782,(anonymous_122)
FN:789,(anonymous_123)
FN:795,(anonymous_124)
FN:802,(anonymous_125)
FN:808,(anonymous_126)
FN:815,(anonymous_127)
FN:821,(anonymous_128)
FN:828,(anonymous_129)
FN:834,(anonymous_130)
FN:841,(anonymous_131)
FN:847,(anonymous_132)
FN:854,(anonymous_133)
FN:860,(anonymous_134)
FN:867,(anonymous_135)
FN:873,(anonymous_136)
FN:880,(anonymous_137)
FN:886,(anonymous_138)
FN:893,(anonymous_139)
FN:899,(anonymous_140)
FN:906,(anonymous_141)
FN:912,(anonymous_142)
FN:919,(anonymous_143)
FN:925,(anonymous_144)
FN:932,(anonymous_145)
FN:938,(anonymous_146)
FN:944,(anonymous_147)
FN:950,(anonymous_148)
FN:956,(anonymous_149)
FN:962,(anonymous_150)
FN:968,(anonymous_151)
FN:974,(anonymous_152)
FN:980,(anonymous_153)
FN:986,(anonymous_154)
FN:992,(anonymous_155)
FN:998,(anonymous_156)
FN:1004,(anonymous_157)
FN:1010,(anonymous_158)
FN:1016,(anonymous_159)
FN:1022,(anonymous_160)
FN:1028,(anonymous_161)
FN:1034,(anonymous_162)
FN:1040,(anonymous_163)
FN:1046,(anonymous_164)
FN:1052,(anonymous_165)
FN:1058,(anonymous_166)
FN:1064,(anonymous_167)
FN:1070,(anonymous_168)
FN:1076,(anonymous_169)
FN:1082,(anonymous_170)
FN:1088,(anonymous_171)
FN:1094,(anonymous_172)
FN:1100,(anonymous_173)
FN:1106,(anonymous_174)
FN:1112,(anonymous_175)
FN:1118,(anonymous_176)
FN:1124,(anonymous_177)
FN:1130,(anonymous_178)
FN:1136,(anonymous_179)
FN:1142,(anonymous_180)
FN:1148,(anonymous_181)
FN:1154,(anonymous_182)
FN:1160,(anonymous_183)
FN:1166,(anonymous_184)
FN:1172,(anonymous_185)
FN:1178,(anonymous_186)
FN:1184,(anonymous_187)
FN:1190,(anonymous_188)
FN:1196,(anonymous_189)
FN:1202,(anonymous_190)
FN:1208,(anonymous_191)
FN:1214,(anonymous_192)
FN:1220,(anonymous_193)
FN:1226,(anonymous_194)
FN:1232,(anonymous_195)
FNF:195
FNH:0
FNDA:0,(anonymous_1)
FNDA:0,(anonymous_2)
FNDA:0,(anonymous_3)
FNDA:0,(anonymous_4)
FNDA:0,(anonymous_5)
FNDA:0,(anonymous_6)
FNDA:0,(anonymous_7)
FNDA:0,(anonymous_8)
FNDA:0,(anonymous_9)
FNDA:0,(anonymous_10)
FNDA:0,(anonymous_11)
FNDA:0,(anonymous_12)
FNDA:0,(anonymous_13)
FNDA:0,(anonymous_14)
FNDA:0,(anonymous_15)
FNDA:0,(anonymous_16)
FNDA:0,(anonymous_17)
FNDA:0,(anonymous_18)
FNDA:0,(anonymous_19)
FNDA:0,(anonymous_20)
FNDA:0,(anonymous_21)
FNDA:0,(anonymous_22)
FNDA:0,(anonymous_23)
FNDA:0,(anonymous_24)
FNDA:0,(anonymous_25)
FNDA:0,(anonymous_26)
FNDA:0,(anonymous_27)
FNDA:0,(anonymous_28)
FNDA:0,(anonymous_29)
FNDA:0,(anonymous_30)
FNDA:0,(anonymous_31)
FNDA:0,(anonymous_32)
FNDA:0,(anonymous_33)
FNDA:0,(anonymous_34)
FNDA:0,(anonymous_35)
FNDA:0,(anonymous_36)
FNDA:0,(anonymous_37)
FNDA:0,(anonymous_38)
FNDA:0,(anonymous_39)
FNDA:0,(anonymous_40)
FNDA:0,(anonymous_41)
FNDA:0,(anonymous_42)
FNDA:0,(anonymous_43)
FNDA:0,(anonymous_44)
FNDA:0,(anonymous_45)
FNDA:0,(anonymous_46)
FNDA:0,(anonymous_47)
FNDA:0,(anonymous_48)
FNDA:0,(anonymous_49)
FNDA:0,(anonymous_50)
FNDA:0,(anonymous_51)
FNDA:0,(anonymous_52)
FNDA:0,(anonymous_53)
FNDA:0,(anonymous_54)
FNDA:0,(anonymous_55)
FNDA:0,(anonymous_56)
FNDA:0,(anonymous_57)
FNDA:0,(anonymous_58)
FNDA:0,(anonymous_59)
FNDA:0,(anonymous_60)
FNDA:0,(anonymous_61)
FNDA:0,(anonymous_62)
FNDA:0,(anonymous_63)
FNDA:0,(anonymous_64)
FNDA:0,(anonymous_65)
FNDA:0,(anonymous_66)
FNDA:0,(anonymous_67)
FNDA:0,(anonymous_68)
FNDA:0,(anonymous_69)
FNDA:0,(anonymous_70)
FNDA:0,(anonymous_71)
FNDA:0,(anonymous_72)
FNDA:0,(anonymous_73)
FNDA:0,(anonymous_74)
FNDA:0,(anonymous_75)
FNDA:0,(anonymous_76)
FNDA:0,(anonymous_77)
FNDA:0,(anonymous_78)
FNDA:0,(anonymous_79)
FNDA:0,(anonymous_80)
FNDA:0,(anonymous_81)
FNDA:0,(anonymous_82)
FNDA:0,(anonymous_83)
FNDA:0,(anonymous_84)
FNDA:0,(anonymous_85)
FNDA:0,(anonymous_86)
FNDA:0,(anonymous_87)
FNDA:0,(anonymous_88)
FNDA:0,(anonymous_89)
FNDA:0,(anonymous_90)
FNDA:0,(anonymous_91)
FNDA:0,(anonymous_92)
FNDA:0,(anonymous_93)
FNDA:0,(anonymous_94)
FNDA:0,(anonymous_95)
FNDA:0,(anonymous_96)
FNDA:0,(anonymous_97)
FNDA:0,(anonymous_98)
FNDA:0,(anonymous_99)
FNDA:0,(anonymous_100)
FNDA:0,(anonymous_101)
FNDA:0,(anonymous_102)
FNDA:0,(anonymous_103)
FNDA:0,(anonymous_104)
FNDA:0,(anonymous_105)
FNDA:0,(anonymous_106)
FNDA:0,(anonymous_107)
FNDA:0,(anonymous_108)
FNDA:0,(anonymous_109)
FNDA:0,(anonymous_110)
FNDA:0,(anonymous_111)
FNDA:0,(anonymous_112)
FNDA:0,(anonymous_113)
FNDA:0,(anonymous_114)
FNDA:0,(anonymous_115)
FNDA:0,(anonymous_116)
FNDA:0,(anonymous_117)
FNDA:0,(anonymous_118)
FNDA:0,(anonymous_119)
FNDA:0,(anonymous_120)
FNDA:0,(anonymous_121)
FNDA:0,(anonymous_122)
FNDA:0,(anonymous_123)
FNDA:0,(anonymous_124)
FNDA:0,(anonymous_125)
FNDA:0,(anonymous_126)
FNDA:0,(anonymous_127)
FNDA:0,(anonymous_128)
FNDA:0,(anonymous_129)
FNDA:0,(anonymous_130)
FNDA:0,(anonymous_131)
FNDA:0,(anonymous_132)
FNDA:0,(anonymous_133)
FNDA:0,(anonymous_134)
FNDA:0,(anonymous_135)
FNDA:0,(anonymous_136)
FNDA:0,(anonymous_137)
FNDA:0,(anonymous_138)
FNDA:0,(anonymous_139)
FNDA:0,(anonymous_140)
FNDA:0,(anonymous_141)
FNDA:0,(anonymous_142)
FNDA:0,(anonymous_143)
FNDA:0,(anonymous_144)
FNDA:0,(anonymous_145)
FNDA:0,(anonymous_146)
FNDA:0,(anonymous_147)
FNDA:0,(anonymous_148)
FNDA:0,(anonymous_149)
FNDA:0,(anonymous_150)
FNDA:0,(anonymous_151)
FNDA:0,(anonymous_152)
FNDA:0,(anonymous_153)
FNDA:0,(anonymous_154)
FNDA:0,(anonymous_155)
FNDA:0,(anonymous_156)
FNDA:0,(anonymous_157)
FNDA:0,(anonymous_158)
FNDA:0,(anonymous_159)
FNDA:0,(anonymous_160)
FNDA:0,(anonymous_161)
FNDA:0,(anonymous_162)
FNDA:0,(anonymous_163)
FNDA:0,(anonymous_164)
FNDA:0,(anonymous_165)
FNDA:0,(anonymous_166)
FNDA:0,(anonymous_167)
FNDA:0,(anonymous_168)
FNDA:0,(anonymous_169)
FNDA:0,(anonymous_170)
FNDA:0,(anonymous_171)
FNDA:0,(anonymous_172)
FNDA:0,(anonymous_173)
FNDA:0,(anonymous_174)
FNDA:0,(anonymous_175)
FNDA:0,(anonymous_176)
FNDA:0,(anonymous_177)
FNDA:0,(anonymous_178)
FNDA:0,(anonymous_179)
FNDA:0,(anonymous_180)
FNDA:0,(anonymous_181)
FNDA:0,(anonymous_182)
FNDA:0,(anonymous_183)
FNDA:0,(anonymous_184)
FNDA:0,(anonymous_185)
FNDA:0,(anonymous_186)
FNDA:0,(anonymous_187)
FNDA:0,(anonymous_188)
FNDA:0,(anonymous_189)
FNDA:0,(anonymous_190)
FNDA:0,(anonymous_191)
FNDA:0,(anonymous_192)
FNDA:0,(anonymous_193)
FNDA:0,(anonymous_194)
FNDA:0,(anonymous_195)
DA:1,1
DA:2,1
DA:3,1
DA:5,1
DA:7,0
DA:9,0
DA:14,0
DA:15,0
DA:19,0
DA:21,0
DA:26,0
DA:27,0
DA:31,0
DA:33,0
DA:38,0
DA:39,0
DA:43,0
DA:45,0
DA:51,0
DA:52,0
DA:56,0
DA:58,0
DA:63,0
DA:64,0
DA:68,0
DA:70,0
DA:75,0
DA:76,0
DA:80,0
DA:82,0
DA:88,0
DA:89,0
DA:93,0
DA:95,0
DA:101,0
DA:102,0
DA:106,0
DA:108,0
DA:114,0
DA:115,0
DA:119,0
DA:121,0
DA:127,0
DA:128,0
DA:132,0
DA:134,0
DA:140,0
DA:141,0
DA:145,0
DA:147,0
DA:153,0
DA:154,0
DA:158,0
DA:160,0
DA:166,0
DA:167,0
DA:171,0
DA:173,0
DA:179,0
DA:180,0
DA:184,0
DA:186,0
DA:192,0
DA:193,0
DA:197,0
DA:199,0
DA:205,0
DA:206,0
DA:210,0
DA:212,0
DA:218,0
DA:219,0
DA:223,0
DA:225,0
DA:231,0
DA:232,0
DA:236,0
DA:238,0
DA:244,0
DA:245,0
DA:249,0
DA:251,0
DA:257,0
DA:258,0
DA:262,0
DA:264,0
DA:270,0
DA:271,0
DA:275,0
DA:277,0
DA:283,0
DA:284,0
DA:288,0
DA:290,0
DA:296,0
DA:297,0
DA:301,0
DA:303,0
DA:309,0
DA:310,0
DA:314,0
DA:316,0
DA:322,0
DA:323,0
DA:327,0
DA:329,0
DA:335,0
DA:336,0
DA:340,0
DA:342,0
DA:348,0
DA:349,0
DA:353,0
DA:355,0
DA:361,0
DA:362,0
DA:366,0
DA:368,0
DA:374,0
DA:375,0
DA:379,0
DA:381,0
DA:387,0
DA:388,0
DA:392,0
DA:394,0
DA:400,0
DA:401,0
DA:405,0
DA:407,0
DA:413,0
DA:414,0
DA:418,0
DA:420,0
DA:426,0
DA:427,0
DA:431,0
DA:433,0
DA:439,0
DA:440,0
DA:444,0
DA:446,0
DA:452,0
DA:453,0
DA:457,0
DA:459,0
DA:465,0
DA:466,0
DA:470,0
DA:472,0
DA:478,0
DA:479,0
DA:483,0
DA:485,0
DA:491,0
DA:492,0
DA:496,0
DA:498,0
DA:504,0
DA:505,0
DA:509,0
DA:511,0
DA:517,0
DA:518,0
DA:522,0
DA:524,0
DA:530,0
DA:531,0
DA:535,0
DA:537,0
DA:543,0
DA:544,0
DA:548,0
DA:550,0
DA:556,0
DA:557,0
DA:561,0
DA:563,0
DA:569,0
DA:570,0
DA:574,0
DA:576,0
DA:582,0
DA:583,0
DA:587,0
DA:589,0
DA:595,0
DA:596,0
DA:600,0
DA:602,0
DA:608,0
DA:609,0
DA:613,0
DA:615,0
DA:621,0
DA:622,0
DA:626,0
DA:628,0
DA:634,0
DA:635,0
DA:639,0
DA:641,0
DA:647,0
DA:648,0
DA:652,0
DA:654,0
DA:660,0
DA:661,0
DA:665,0
DA:667,0
DA:673,0
DA:674,0
DA:678,0
DA:680,0
DA:686,0
DA:687,0
DA:691,0
DA:693,0
DA:699,0
DA:700,0
DA:704,0
DA:706,0
DA:712,0
DA:713,0
DA:717,0
DA:719,0
DA:725,0
DA:726,0
DA:730,0
DA:732,0
DA:738,0
DA:739,0
DA:743,0
DA:745,0
DA:751,0
DA:752,0
DA:756,0
DA:758,0
DA:764,0
DA:765,0
DA:769,0
DA:771,0
DA:777,0
DA:778,0
DA:782,0
DA:784,0
DA:790,0
DA:791,0
DA:795,0
DA:797,0
DA:803,0
DA:804,0
DA:808,0
DA:810,0
DA:816,0
DA:817,0
DA:821,0
DA:823,0
DA:829,0
DA:830,0
DA:834,0
DA:836,0
DA:842,0
DA:843,0
DA:847,0
DA:849,0
DA:855,0
DA:856,0
DA:860,0
DA:862,0
DA:868,0
DA:869,0
DA:873,0
DA:875,0
DA:881,0
DA:882,0
DA:886,0
DA:888,0
DA:894,0
DA:895,0
DA:899,0
DA:901,0
DA:907,0
DA:908,0
DA:912,0
DA:914,0
DA:920,0
DA:921,0
DA:925,0
DA:927,0
DA:933,0
DA:934,0
DA:938,0
DA:940,0
DA:945,0
DA:946,0
DA:950,0
DA:952,0
DA:957,0
DA:958,0
DA:962,0
DA:964,0
DA:969,0
DA:970,0
DA:974,0
DA:976,0
DA:981,0
DA:982,0
DA:986,0
DA:988,0
DA:993,0
DA:994,0
DA:998,0
DA:1000,0
DA:1005,0
DA:1006,0
DA:1010,0
DA:1012,0
DA:1017,0
DA:1018,0
DA:1022,0
DA:1024,0
DA:1029,0
DA:1030,0
DA:1034,0
DA:1036,0
DA:1041,0
DA:1042,0
DA:1046,0
DA:1048,0
DA:1053,0
DA:1054,0
DA:1058,0
DA:1060,0
DA:1065,0
DA:1066,0
DA:1070,0
DA:1072,0
DA:1077,0
DA:1078,0
DA:1082,0
DA:1084,0
DA:1089,0
DA:1090,0
DA:1094,0
DA:1096,0
DA:1101,0
DA:1102,0
DA:1106,0
DA:1108,0
DA:1113,0
DA:1114,0
DA:1118,0
DA:1120,0
DA:1125,0
DA:1126,0
DA:1130,0
DA:1132,0
DA:1137,0
DA:1138,0
DA:1142,0
DA:1144,0
DA:1149,0
DA:1150,0
DA:1154,0
DA:1156,0
DA:1161,0
DA:1162,0
DA:1166,0
DA:1168,0
DA:1173,0
DA:1174,0
DA:1178,0
DA:1180,0
DA:1185,0
DA:1186,0
DA:1190,0
DA:1192,0
DA:1197,0
DA:1198,0
DA:1202,0
DA:1204,0
DA:1209,0
DA:1210,0
DA:1214,0
DA:1216,0
DA:1221,0
DA:1222,0
DA:1226,0
DA:1228,0
DA:1233,0
DA:1234,0
LF:392
LH:4
BRDA:14,1,0,0
BRDA:14,1,1,0
BRDA:26,2,0,0
BRDA:26,2,1,0
BRDA:38,3,0,0
BRDA:38,3,1,0
BRDA:51,4,0,0
BRDA:51,4,1,0
BRDA:63,5,0,0
BRDA:63,5,1,0
BRDA:75,6,0,0
BRDA:75,6,1,0
BRDA:88,7,0,0
BRDA:88,7,1,0
BRDA:101,8,0,0
BRDA:101,8,1,0
BRDA:114,9,0,0
BRDA:114,9,1,0
BRDA:127,10,0,0
BRDA:127,10,1,0
BRDA:140,11,0,0
BRDA:140,11,1,0
BRDA:153,12,0,0
BRDA:153,12,1,0
BRDA:166,13,0,0
BRDA:166,13,1,0
BRDA:179,14,0,0
BRDA:179,14,1,0
BRDA:192,15,0,0
BRDA:192,15,1,0
BRDA:205,16,0,0
BRDA:205,16,1,0
BRDA:218,17,0,0
BRDA:218,17,1,0
BRDA:231,18,0,0
BRDA:231,18,1,0
BRDA:244,19,0,0
BRDA:244,19,1,0
BRDA:257,20,0,0
BRDA:257,20,1,0
BRDA:270,21,0,0
BRDA:270,21,1,0
BRDA:283,22,0,0
BRDA:283,22,1,0
BRDA:296,23,0,0
BRDA:296,23,1,0
BRDA:309,24,0,0
BRDA:309,24,1,0
BRDA:322,25,0,0
BRDA:322,25,1,0
BRDA:335,26,0,0
BRDA:335,26,1,0
BRDA:348,27,0,0
BRDA:348,27,1,0
BRDA:361,28,0,0
BRDA:361,28,1,0
BRDA:374,29,0,0
BRDA:374,29,1,0
BRDA:387,30,0,0
BRDA:387,30,1,0
BRDA:400,31,0,0
BRDA:400,31,1,0
BRDA:413,32,0,0
BRDA:413,32,1,0
BRDA:426,33,0,0
BRDA:426,33,1,0
BRDA:439,34,0,0
BRDA:439,34,1,0
BRDA:452,35,0,0
BRDA:452,35,1,0
BRDA:465,36,0,0
BRDA:465,36,1,0
BRDA:478,37,0,0
BRDA:478,37,1,0
BRDA:491,38,0,0
BRDA:491,38,1,0
BRDA:504,39,0,0
BRDA:504,39,1,0
BRDA:517,40,0,0
BRDA:517,40,1,0
BRDA:530,41,0,0
BRDA:530,41,1,0
BRDA:543,42,0,0
BRDA:543,42,1,0
BRDA:556,43,0,0
BRDA:556,43,1,0
BRDA:569,44,0,0
BRDA:569,44,1,0
BRDA:582,45,0,0
BRDA:582,45,1,0
BRDA:595,46,0,0
BRDA:595,46,1,0
BRDA:608,47,0,0
BRDA:608,47,1,0
BRDA:621,48,0,0
BRDA:621,48,1,0
BRDA:634,49,0,0
BRDA:634,49,1,0
BRDA:647,50,0,0
BRDA:647,50,1,0
BRDA:660,51,0,0
BRDA:660,51,1,0
BRDA:673,52,0,0
BRDA:673,52,1,0
BRDA:686,53,0,0
BRDA:686,53,1,0
BRDA:699,54,0,0
BRDA:699,54,1,0
BRDA:712,55,0,0
BRDA:712,55,1,0
BRDA:725,56,0,0
BRDA:725,56,1,0
BRDA:738,57,0,0
BRDA:738,57,1,0
BRDA:751,58,0,0
BRDA:751,58,1,0
BRDA:764,59,0,0
BRDA:764,59,1,0
BRDA:777,60,0,0
BRDA:777,60,1,0
BRDA:790,61,0,0
BRDA:790,61,1,0
BRDA:803,62,0,0
BRDA:803,62,1,0
BRDA:816,63,0,0
BRDA:816,63,1,0
BRDA:829,64,0,0
BRDA:829,64,1,0
BRDA:842,65,0,0
BRDA:842,65,1,0
BRDA:855,66,0,0
BRDA:855,66,1,0
BRDA:868,67,0,0
BRDA:868,67,1,0
BRDA:881,68,0,0
BRDA:881,68,1,0
BRDA:894,69,0,0
BRDA:894,69,1,0
BRDA:907,70,0,0
BRDA:907,70,1,0
BRDA:920,71,0,0
BRDA:920,71,1,0
BRDA:933,72,0,0
BRDA:933,72,1,0
BRDA:945,73,0,0
BRDA:945,73,1,0
BRDA:957,74,0,0
BRDA:957,74,1,0
BRDA:969,75,0,0
BRDA:969,75,1,0
BRDA:981,76,0,0
BRDA:981,76,1,0
BRDA:993,77,0,0
BRDA:993,77,1,0
BRDA:1005,78,0,0
BRDA:1005,78,1,0
BRDA:1017,79,0,0
BRDA:1017,79,1,0
BRDA:1029,80,0,0
BRDA:1029,80,1,0
BRDA:1041,81,0,0
BRDA:1041,81,1,0
BRDA:1053,82,0,0
BRDA:1053,82,1,0
BRDA:1065,83,0,0
BRDA:1065,83,1,0
BRDA:1077,84,0,0
BRDA:1077,84,1,0
BRDA:1089,85,0,0
BRDA:1089,85,1,0
BRDA:1101,86,0,0
BRDA:1101,86,1,0
BRDA:1113,87,0,0
BRDA:1113,87,1,0
BRDA:1125,88,0,0
BRDA:1125,88,1,0
BRDA:1137,89,0,0
BRDA:1137,89,1,0
BRDA:1149,90,0,0
BRDA:1149,90,1,0
BRDA:1161,91,0,0
BRDA:1161,91,1,0
BRDA:1173,92,0,0
BRDA:1173,92,1,0
BRDA:1185,93,0,0
BRDA:1185,93,1,0
BRDA:1197,94,0,0
BRDA:1197,94,1,0
BRDA:1209,95,0,0
BRDA:1209,95,1,0
BRDA:1221,96,0,0
BRDA:1221,96,1,0
BRDA:1233,97,0,0
BRDA:1233,97,1,0
BRF:194
BRH:0
end_of_record
